Start testing: May 15 16:35 대한민국 표준시
----------------------------------------------------------
1/24 Testing: TunerTest.initChannel
1/24 Test: TunerTest.initChannel
Command: "C:/DEV/TDD_TV_11/build/TunerTest.exe" "--gtest_filter=TunerTest.initChannel" "--gtest_also_run_disabled_tests"
Directory: C:/DEV/TDD_TV_11/build
"TunerTest.initChannel" start time: May 15 16:35 대한민국 표준시
Output:
----------------------------------------------------------
Running main() from C:\DEV\TDD_TV_11\build\_deps\googletest-src\googletest\src\gtest_main.cc
Note: Google Test filter = TunerTest.initChannel
[==========] Running 1 test from 1 test suite.
[----------] Global test environment set-up.
[----------] 1 test from TunerTest
[ RUN      ] TunerTest.initChannel
[       OK ] TunerTest.initChannel (0 ms)
[----------] 1 test from TunerTest (0 ms total)

[----------] Global test environment tear-down
[==========] 1 test from 1 test suite ran. (0 ms total)
[  PASSED  ] 1 test.
<end of output>
Test time =   0.01 sec
----------------------------------------------------------
Test Passed.
"TunerTest.initChannel" end time: May 15 16:35 대한민국 표준시
"TunerTest.initChannel" time elapsed: 00:00:00
----------------------------------------------------------

2/24 Testing: TunerTest.testSeekCh10times
2/24 Test: TunerTest.testSeekCh10times
Command: "C:/DEV/TDD_TV_11/build/TunerTest.exe" "--gtest_filter=TunerTest.testSeekCh10times" "--gtest_also_run_disabled_tests"
Directory: C:/DEV/TDD_TV_11/build
"TunerTest.testSeekCh10times" start time: May 15 16:35 대한민국 표준시
Output:
----------------------------------------------------------
Running main() from C:\DEV\TDD_TV_11\build\_deps\googletest-src\googletest\src\gtest_main.cc
Note: Google Test filter = TunerTest.testSeekCh10times
[==========] Running 1 test from 1 test suite.
[----------] Global test environment set-up.
[----------] 1 test from TunerTest
[ RUN      ] TunerTest.testSeekCh10times
[       OK ] TunerTest.testSeekCh10times (0 ms)
[----------] 1 test from TunerTest (0 ms total)

[----------] Global test environment tear-down
[==========] 1 test from 1 test suite ran. (0 ms total)
[  PASSED  ] 1 test.
<end of output>
Test time =   0.01 sec
----------------------------------------------------------
Test Passed.
"TunerTest.testSeekCh10times" end time: May 15 16:35 대한민국 표준시
"TunerTest.testSeekCh10times" time elapsed: 00:00:00
----------------------------------------------------------

3/24 Testing: TunerTest.testSeekCh10timesAfterSetCH
3/24 Test: TunerTest.testSeekCh10timesAfterSetCH
Command: "C:/DEV/TDD_TV_11/build/TunerTest.exe" "--gtest_filter=TunerTest.testSeekCh10timesAfterSetCH" "--gtest_also_run_disabled_tests"
Directory: C:/DEV/TDD_TV_11/build
"TunerTest.testSeekCh10timesAfterSetCH" start time: May 15 16:35 대한민국 표준시
Output:
----------------------------------------------------------
Running main() from C:\DEV\TDD_TV_11\build\_deps\googletest-src\googletest\src\gtest_main.cc
Note: Google Test filter = TunerTest.testSeekCh10timesAfterSetCH
[==========] Running 1 test from 1 test suite.
[----------] Global test environment set-up.
[----------] 1 test from TunerTest
[ RUN      ] TunerTest.testSeekCh10timesAfterSetCH
[       OK ] TunerTest.testSeekCh10timesAfterSetCH (0 ms)
[----------] 1 test from TunerTest (0 ms total)

[----------] Global test environment tear-down
[==========] 1 test from 1 test suite ran. (0 ms total)
[  PASSED  ] 1 test.
<end of output>
Test time =   0.01 sec
----------------------------------------------------------
Test Passed.
"TunerTest.testSeekCh10timesAfterSetCH" end time: May 15 16:35 대한민국 표준시
"TunerTest.testSeekCh10timesAfterSetCH" time elapsed: 00:00:00
----------------------------------------------------------

4/24 Testing: ValidChannels/TunerValidChannelTest.testSetChForValidChannel/"0"
4/24 Test: ValidChannels/TunerValidChannelTest.testSetChForValidChannel/"0"
Command: "C:/DEV/TDD_TV_11/build/TunerTest.exe" "--gtest_filter=ValidChannels/TunerValidChannelTest.testSetChForValidChannel/0" "--gtest_also_run_disabled_tests"
Directory: C:/DEV/TDD_TV_11/build
"ValidChannels/TunerValidChannelTest.testSetChForValidChannel/"0"" start time: May 15 16:35 대한민국 표준시
Output:
----------------------------------------------------------
Running main() from C:\DEV\TDD_TV_11\build\_deps\googletest-src\googletest\src\gtest_main.cc
Note: Google Test filter = ValidChannels/TunerValidChannelTest.testSetChForValidChannel/0
[==========] Running 1 test from 1 test suite.
[----------] Global test environment set-up.
[----------] 1 test from ValidChannels/TunerValidChannelTest
[ RUN      ] ValidChannels/TunerValidChannelTest.testSetChForValidChannel/0
[       OK ] ValidChannels/TunerValidChannelTest.testSetChForValidChannel/0 (0 ms)
[----------] 1 test from ValidChannels/TunerValidChannelTest (0 ms total)

[----------] Global test environment tear-down
[==========] 1 test from 1 test suite ran. (0 ms total)
[  PASSED  ] 1 test.
<end of output>
Test time =   0.01 sec
----------------------------------------------------------
Test Passed.
"ValidChannels/TunerValidChannelTest.testSetChForValidChannel/"0"" end time: May 15 16:35 대한민국 표준시
"ValidChannels/TunerValidChannelTest.testSetChForValidChannel/"0"" time elapsed: 00:00:00
----------------------------------------------------------

5/24 Testing: ValidChannels/TunerValidChannelTest.testSetChForValidChannel/"4"
5/24 Test: ValidChannels/TunerValidChannelTest.testSetChForValidChannel/"4"
Command: "C:/DEV/TDD_TV_11/build/TunerTest.exe" "--gtest_filter=ValidChannels/TunerValidChannelTest.testSetChForValidChannel/1" "--gtest_also_run_disabled_tests"
Directory: C:/DEV/TDD_TV_11/build
"ValidChannels/TunerValidChannelTest.testSetChForValidChannel/"4"" start time: May 15 16:35 대한민국 표준시
Output:
----------------------------------------------------------
Running main() from C:\DEV\TDD_TV_11\build\_deps\googletest-src\googletest\src\gtest_main.cc
Note: Google Test filter = ValidChannels/TunerValidChannelTest.testSetChForValidChannel/1
[==========] Running 1 test from 1 test suite.
[----------] Global test environment set-up.
[----------] 1 test from ValidChannels/TunerValidChannelTest
[ RUN      ] ValidChannels/TunerValidChannelTest.testSetChForValidChannel/1
[       OK ] ValidChannels/TunerValidChannelTest.testSetChForValidChannel/1 (0 ms)
[----------] 1 test from ValidChannels/TunerValidChannelTest (0 ms total)

[----------] Global test environment tear-down
[==========] 1 test from 1 test suite ran. (0 ms total)
[  PASSED  ] 1 test.
<end of output>
Test time =   0.01 sec
----------------------------------------------------------
Test Passed.
"ValidChannels/TunerValidChannelTest.testSetChForValidChannel/"4"" end time: May 15 16:35 대한민국 표준시
"ValidChannels/TunerValidChannelTest.testSetChForValidChannel/"4"" time elapsed: 00:00:00
----------------------------------------------------------

6/24 Testing: ValidChannels/TunerValidChannelTest.testSetChForValidChannel/"5"
6/24 Test: ValidChannels/TunerValidChannelTest.testSetChForValidChannel/"5"
Command: "C:/DEV/TDD_TV_11/build/TunerTest.exe" "--gtest_filter=ValidChannels/TunerValidChannelTest.testSetChForValidChannel/2" "--gtest_also_run_disabled_tests"
Directory: C:/DEV/TDD_TV_11/build
"ValidChannels/TunerValidChannelTest.testSetChForValidChannel/"5"" start time: May 15 16:35 대한민국 표준시
Output:
----------------------------------------------------------
Running main() from C:\DEV\TDD_TV_11\build\_deps\googletest-src\googletest\src\gtest_main.cc
Note: Google Test filter = ValidChannels/TunerValidChannelTest.testSetChForValidChannel/2
[==========] Running 1 test from 1 test suite.
[----------] Global test environment set-up.
[----------] 1 test from ValidChannels/TunerValidChannelTest
[ RUN      ] ValidChannels/TunerValidChannelTest.testSetChForValidChannel/2
[       OK ] ValidChannels/TunerValidChannelTest.testSetChForValidChannel/2 (8 ms)
[----------] 1 test from ValidChannels/TunerValidChannelTest (8 ms total)

[----------] Global test environment tear-down
[==========] 1 test from 1 test suite ran. (8 ms total)
[  PASSED  ] 1 test.
<end of output>
Test time =   0.06 sec
----------------------------------------------------------
Test Passed.
"ValidChannels/TunerValidChannelTest.testSetChForValidChannel/"5"" end time: May 15 16:35 대한민국 표준시
"ValidChannels/TunerValidChannelTest.testSetChForValidChannel/"5"" time elapsed: 00:00:00
----------------------------------------------------------

7/24 Testing: ValidChannels/TunerValidChannelTest.testSetChForValidChannel/"12"
7/24 Test: ValidChannels/TunerValidChannelTest.testSetChForValidChannel/"12"
Command: "C:/DEV/TDD_TV_11/build/TunerTest.exe" "--gtest_filter=ValidChannels/TunerValidChannelTest.testSetChForValidChannel/3" "--gtest_also_run_disabled_tests"
Directory: C:/DEV/TDD_TV_11/build
"ValidChannels/TunerValidChannelTest.testSetChForValidChannel/"12"" start time: May 15 16:35 대한민국 표준시
Output:
----------------------------------------------------------
Running main() from C:\DEV\TDD_TV_11\build\_deps\googletest-src\googletest\src\gtest_main.cc
Note: Google Test filter = ValidChannels/TunerValidChannelTest.testSetChForValidChannel/3
[==========] Running 1 test from 1 test suite.
[----------] Global test environment set-up.
[----------] 1 test from ValidChannels/TunerValidChannelTest
[ RUN      ] ValidChannels/TunerValidChannelTest.testSetChForValidChannel/3
[       OK ] ValidChannels/TunerValidChannelTest.testSetChForValidChannel/3 (1 ms)
[----------] 1 test from ValidChannels/TunerValidChannelTest (1 ms total)

[----------] Global test environment tear-down
[==========] 1 test from 1 test suite ran. (1 ms total)
[  PASSED  ] 1 test.
<end of output>
Test time =   0.02 sec
----------------------------------------------------------
Test Passed.
"ValidChannels/TunerValidChannelTest.testSetChForValidChannel/"12"" end time: May 15 16:35 대한민국 표준시
"ValidChannels/TunerValidChannelTest.testSetChForValidChannel/"12"" time elapsed: 00:00:00
----------------------------------------------------------

8/24 Testing: ValidChannels/TunerValidChannelTest.testSetChForValidChannel/"99"
8/24 Test: ValidChannels/TunerValidChannelTest.testSetChForValidChannel/"99"
Command: "C:/DEV/TDD_TV_11/build/TunerTest.exe" "--gtest_filter=ValidChannels/TunerValidChannelTest.testSetChForValidChannel/4" "--gtest_also_run_disabled_tests"
Directory: C:/DEV/TDD_TV_11/build
"ValidChannels/TunerValidChannelTest.testSetChForValidChannel/"99"" start time: May 15 16:35 대한민국 표준시
Output:
----------------------------------------------------------
Running main() from C:\DEV\TDD_TV_11\build\_deps\googletest-src\googletest\src\gtest_main.cc
Note: Google Test filter = ValidChannels/TunerValidChannelTest.testSetChForValidChannel/4
[==========] Running 1 test from 1 test suite.
[----------] Global test environment set-up.
[----------] 1 test from ValidChannels/TunerValidChannelTest
[ RUN      ] ValidChannels/TunerValidChannelTest.testSetChForValidChannel/4
[       OK ] ValidChannels/TunerValidChannelTest.testSetChForValidChannel/4 (0 ms)
[----------] 1 test from ValidChannels/TunerValidChannelTest (0 ms total)

[----------] Global test environment tear-down
[==========] 1 test from 1 test suite ran. (0 ms total)
[  PASSED  ] 1 test.
<end of output>
Test time =   0.01 sec
----------------------------------------------------------
Test Passed.
"ValidChannels/TunerValidChannelTest.testSetChForValidChannel/"99"" end time: May 15 16:35 대한민국 표준시
"ValidChannels/TunerValidChannelTest.testSetChForValidChannel/"99"" time elapsed: 00:00:00
----------------------------------------------------------

9/24 Testing: InvalidChannels/TunerInvalidChannelTest.testSetChForInvalidChannel/"-12"
9/24 Test: InvalidChannels/TunerInvalidChannelTest.testSetChForInvalidChannel/"-12"
Command: "C:/DEV/TDD_TV_11/build/TunerTest.exe" "--gtest_filter=InvalidChannels/TunerInvalidChannelTest.testSetChForInvalidChannel/0" "--gtest_also_run_disabled_tests"
Directory: C:/DEV/TDD_TV_11/build
"InvalidChannels/TunerInvalidChannelTest.testSetChForInvalidChannel/"-12"" start time: May 15 16:35 대한민국 표준시
Output:
----------------------------------------------------------
Running main() from C:\DEV\TDD_TV_11\build\_deps\googletest-src\googletest\src\gtest_main.cc
Note: Google Test filter = InvalidChannels/TunerInvalidChannelTest.testSetChForInvalidChannel/0
[==========] Running 1 test from 1 test suite.
[----------] Global test environment set-up.
[----------] 1 test from InvalidChannels/TunerInvalidChannelTest
[ RUN      ] InvalidChannels/TunerInvalidChannelTest.testSetChForInvalidChannel/0
[       OK ] InvalidChannels/TunerInvalidChannelTest.testSetChForInvalidChannel/0 (0 ms)
[----------] 1 test from InvalidChannels/TunerInvalidChannelTest (0 ms total)

[----------] Global test environment tear-down
[==========] 1 test from 1 test suite ran. (0 ms total)
[  PASSED  ] 1 test.
<end of output>
Test time =   0.01 sec
----------------------------------------------------------
Test Passed.
"InvalidChannels/TunerInvalidChannelTest.testSetChForInvalidChannel/"-12"" end time: May 15 16:35 대한민국 표준시
"InvalidChannels/TunerInvalidChannelTest.testSetChForInvalidChannel/"-12"" time elapsed: 00:00:00
----------------------------------------------------------

10/24 Testing: InvalidChannels/TunerInvalidChannelTest.testSetChForInvalidChannel/"-2"
10/24 Test: InvalidChannels/TunerInvalidChannelTest.testSetChForInvalidChannel/"-2"
Command: "C:/DEV/TDD_TV_11/build/TunerTest.exe" "--gtest_filter=InvalidChannels/TunerInvalidChannelTest.testSetChForInvalidChannel/1" "--gtest_also_run_disabled_tests"
Directory: C:/DEV/TDD_TV_11/build
"InvalidChannels/TunerInvalidChannelTest.testSetChForInvalidChannel/"-2"" start time: May 15 16:35 대한민국 표준시
Output:
----------------------------------------------------------
Running main() from C:\DEV\TDD_TV_11\build\_deps\googletest-src\googletest\src\gtest_main.cc
Note: Google Test filter = InvalidChannels/TunerInvalidChannelTest.testSetChForInvalidChannel/1
[==========] Running 1 test from 1 test suite.
[----------] Global test environment set-up.
[----------] 1 test from InvalidChannels/TunerInvalidChannelTest
[ RUN      ] InvalidChannels/TunerInvalidChannelTest.testSetChForInvalidChannel/1
[       OK ] InvalidChannels/TunerInvalidChannelTest.testSetChForInvalidChannel/1 (0 ms)
[----------] 1 test from InvalidChannels/TunerInvalidChannelTest (0 ms total)

[----------] Global test environment tear-down
[==========] 1 test from 1 test suite ran. (0 ms total)
[  PASSED  ] 1 test.
<end of output>
Test time =   0.01 sec
----------------------------------------------------------
Test Passed.
"InvalidChannels/TunerInvalidChannelTest.testSetChForInvalidChannel/"-2"" end time: May 15 16:35 대한민국 표준시
"InvalidChannels/TunerInvalidChannelTest.testSetChForInvalidChannel/"-2"" time elapsed: 00:00:00
----------------------------------------------------------

11/24 Testing: InvalidChannels/TunerInvalidChannelTest.testSetChForInvalidChannel/"-0"
11/24 Test: InvalidChannels/TunerInvalidChannelTest.testSetChForInvalidChannel/"-0"
Command: "C:/DEV/TDD_TV_11/build/TunerTest.exe" "--gtest_filter=InvalidChannels/TunerInvalidChannelTest.testSetChForInvalidChannel/2" "--gtest_also_run_disabled_tests"
Directory: C:/DEV/TDD_TV_11/build
"InvalidChannels/TunerInvalidChannelTest.testSetChForInvalidChannel/"-0"" start time: May 15 16:35 대한민국 표준시
Output:
----------------------------------------------------------
Running main() from C:\DEV\TDD_TV_11\build\_deps\googletest-src\googletest\src\gtest_main.cc
Note: Google Test filter = InvalidChannels/TunerInvalidChannelTest.testSetChForInvalidChannel/2
[==========] Running 1 test from 1 test suite.
[----------] Global test environment set-up.
[----------] 1 test from InvalidChannels/TunerInvalidChannelTest
[ RUN      ] InvalidChannels/TunerInvalidChannelTest.testSetChForInvalidChannel/2
[       OK ] InvalidChannels/TunerInvalidChannelTest.testSetChForInvalidChannel/2 (0 ms)
[----------] 1 test from InvalidChannels/TunerInvalidChannelTest (0 ms total)

[----------] Global test environment tear-down
[==========] 1 test from 1 test suite ran. (0 ms total)
[  PASSED  ] 1 test.
<end of output>
Test time =   0.01 sec
----------------------------------------------------------
Test Passed.
"InvalidChannels/TunerInvalidChannelTest.testSetChForInvalidChannel/"-0"" end time: May 15 16:35 대한민국 표준시
"InvalidChannels/TunerInvalidChannelTest.testSetChForInvalidChannel/"-0"" time elapsed: 00:00:00
----------------------------------------------------------

12/24 Testing: InvalidChannels/TunerInvalidChannelTest.testSetChForInvalidChannel/"100"
12/24 Test: InvalidChannels/TunerInvalidChannelTest.testSetChForInvalidChannel/"100"
Command: "C:/DEV/TDD_TV_11/build/TunerTest.exe" "--gtest_filter=InvalidChannels/TunerInvalidChannelTest.testSetChForInvalidChannel/3" "--gtest_also_run_disabled_tests"
Directory: C:/DEV/TDD_TV_11/build
"InvalidChannels/TunerInvalidChannelTest.testSetChForInvalidChannel/"100"" start time: May 15 16:35 대한민국 표준시
Output:
----------------------------------------------------------
Running main() from C:\DEV\TDD_TV_11\build\_deps\googletest-src\googletest\src\gtest_main.cc
Note: Google Test filter = InvalidChannels/TunerInvalidChannelTest.testSetChForInvalidChannel/3
[==========] Running 1 test from 1 test suite.
[----------] Global test environment set-up.
[----------] 1 test from InvalidChannels/TunerInvalidChannelTest
[ RUN      ] InvalidChannels/TunerInvalidChannelTest.testSetChForInvalidChannel/3
[       OK ] InvalidChannels/TunerInvalidChannelTest.testSetChForInvalidChannel/3 (0 ms)
[----------] 1 test from InvalidChannels/TunerInvalidChannelTest (0 ms total)

[----------] Global test environment tear-down
[==========] 1 test from 1 test suite ran. (0 ms total)
[  PASSED  ] 1 test.
<end of output>
Test time =   0.01 sec
----------------------------------------------------------
Test Passed.
"InvalidChannels/TunerInvalidChannelTest.testSetChForInvalidChannel/"100"" end time: May 15 16:35 대한민국 표준시
"InvalidChannels/TunerInvalidChannelTest.testSetChForInvalidChannel/"100"" time elapsed: 00:00:00
----------------------------------------------------------

13/24 Testing: InvalidChannels/TunerInvalidChannelTest.testSetChForInvalidChannel/"9999"
13/24 Test: InvalidChannels/TunerInvalidChannelTest.testSetChForInvalidChannel/"9999"
Command: "C:/DEV/TDD_TV_11/build/TunerTest.exe" "--gtest_filter=InvalidChannels/TunerInvalidChannelTest.testSetChForInvalidChannel/4" "--gtest_also_run_disabled_tests"
Directory: C:/DEV/TDD_TV_11/build
"InvalidChannels/TunerInvalidChannelTest.testSetChForInvalidChannel/"9999"" start time: May 15 16:35 대한민국 표준시
Output:
----------------------------------------------------------
Running main() from C:\DEV\TDD_TV_11\build\_deps\googletest-src\googletest\src\gtest_main.cc
Note: Google Test filter = InvalidChannels/TunerInvalidChannelTest.testSetChForInvalidChannel/4
[==========] Running 1 test from 1 test suite.
[----------] Global test environment set-up.
[----------] 1 test from InvalidChannels/TunerInvalidChannelTest
[ RUN      ] InvalidChannels/TunerInvalidChannelTest.testSetChForInvalidChannel/4
[       OK ] InvalidChannels/TunerInvalidChannelTest.testSetChForInvalidChannel/4 (0 ms)
[----------] 1 test from InvalidChannels/TunerInvalidChannelTest (0 ms total)

[----------] Global test environment tear-down
[==========] 1 test from 1 test suite ran. (0 ms total)
[  PASSED  ] 1 test.
<end of output>
Test time =   0.01 sec
----------------------------------------------------------
Test Passed.
"InvalidChannels/TunerInvalidChannelTest.testSetChForInvalidChannel/"9999"" end time: May 15 16:35 대한민국 표준시
"InvalidChannels/TunerInvalidChannelTest.testSetChForInvalidChannel/"9999"" time elapsed: 00:00:00
----------------------------------------------------------

14/24 Testing: ControllerTest.PressNumber1ThenConfirm
14/24 Test: ControllerTest.PressNumber1ThenConfirm
Command: "C:/DEV/TDD_TV_11/build/TVControllerTest.exe" "--gtest_filter=ControllerTest.PressNumber1ThenConfirm" "--gtest_also_run_disabled_tests"
Directory: C:/DEV/TDD_TV_11/build
"ControllerTest.PressNumber1ThenConfirm" start time: May 15 16:35 대한민국 표준시
Output:
----------------------------------------------------------
Running main() from C:\DEV\TDD_TV_11\build\_deps\googletest-src\googletest\src\gtest_main.cc
Note: Google Test filter = ControllerTest.PressNumber1ThenConfirm
[==========] Running 1 test from 1 test suite.
[----------] Global test environment set-up.
[----------] 1 test from ControllerTest
[ RUN      ] ControllerTest.PressNumber1ThenConfirm
[       OK ] ControllerTest.PressNumber1ThenConfirm (0 ms)
[----------] 1 test from ControllerTest (0 ms total)

[----------] Global test environment tear-down
[==========] 1 test from 1 test suite ran. (0 ms total)
[  PASSED  ] 1 test.
<end of output>
Test time =   0.01 sec
----------------------------------------------------------
Test Passed.
"ControllerTest.PressNumber1ThenConfirm" end time: May 15 16:35 대한민국 표준시
"ControllerTest.PressNumber1ThenConfirm" time elapsed: 00:00:00
----------------------------------------------------------

15/24 Testing: ControllerTest.Press1Then2_AutoChange
15/24 Test: ControllerTest.Press1Then2_AutoChange
Command: "C:/DEV/TDD_TV_11/build/TVControllerTest.exe" "--gtest_filter=ControllerTest.Press1Then2_AutoChange" "--gtest_also_run_disabled_tests"
Directory: C:/DEV/TDD_TV_11/build
"ControllerTest.Press1Then2_AutoChange" start time: May 15 16:35 대한민국 표준시
Output:
----------------------------------------------------------
Running main() from C:\DEV\TDD_TV_11\build\_deps\googletest-src\googletest\src\gtest_main.cc
Note: Google Test filter = ControllerTest.Press1Then2_AutoChange
[==========] Running 1 test from 1 test suite.
[----------] Global test environment set-up.
[----------] 1 test from ControllerTest
[ RUN      ] ControllerTest.Press1Then2_AutoChange
[       OK ] ControllerTest.Press1Then2_AutoChange (0 ms)
[----------] 1 test from ControllerTest (0 ms total)

[----------] Global test environment tear-down
[==========] 1 test from 1 test suite ran. (0 ms total)
[  PASSED  ] 1 test.
<end of output>
Test time =   0.01 sec
----------------------------------------------------------
Test Passed.
"ControllerTest.Press1Then2_AutoChange" end time: May 15 16:35 대한민국 표준시
"ControllerTest.Press1Then2_AutoChange" time elapsed: 00:00:00
----------------------------------------------------------

16/24 Testing: ControllerTest.Press1234_TwoStageChange
16/24 Test: ControllerTest.Press1234_TwoStageChange
Command: "C:/DEV/TDD_TV_11/build/TVControllerTest.exe" "--gtest_filter=ControllerTest.Press1234_TwoStageChange" "--gtest_also_run_disabled_tests"
Directory: C:/DEV/TDD_TV_11/build
"ControllerTest.Press1234_TwoStageChange" start time: May 15 16:35 대한민국 표준시
Output:
----------------------------------------------------------
Running main() from C:\DEV\TDD_TV_11\build\_deps\googletest-src\googletest\src\gtest_main.cc
Note: Google Test filter = ControllerTest.Press1234_TwoStageChange
[==========] Running 1 test from 1 test suite.
[----------] Global test environment set-up.
[----------] 1 test from ControllerTest
[ RUN      ] ControllerTest.Press1234_TwoStageChange
[       OK ] ControllerTest.Press1234_TwoStageChange (0 ms)
[----------] 1 test from ControllerTest (0 ms total)

[----------] Global test environment tear-down
[==========] 1 test from 1 test suite ran. (0 ms total)
[  PASSED  ] 1 test.
<end of output>
Test time =   0.01 sec
----------------------------------------------------------
Test Passed.
"ControllerTest.Press1234_TwoStageChange" end time: May 15 16:35 대한민국 표준시
"ControllerTest.Press1234_TwoStageChange" time elapsed: 00:00:00
----------------------------------------------------------

17/24 Testing: ControllerTest.OtherButtonCancelsBuffer
17/24 Test: ControllerTest.OtherButtonCancelsBuffer
Command: "C:/DEV/TDD_TV_11/build/TVControllerTest.exe" "--gtest_filter=ControllerTest.OtherButtonCancelsBuffer" "--gtest_also_run_disabled_tests"
Directory: C:/DEV/TDD_TV_11/build
"ControllerTest.OtherButtonCancelsBuffer" start time: May 15 16:35 대한민국 표준시
Output:
----------------------------------------------------------
Running main() from C:\DEV\TDD_TV_11\build\_deps\googletest-src\googletest\src\gtest_main.cc
Note: Google Test filter = ControllerTest.OtherButtonCancelsBuffer
[==========] Running 1 test from 1 test suite.
[----------] Global test environment set-up.
[----------] 1 test from ControllerTest
[ RUN      ] ControllerTest.OtherButtonCancelsBuffer
[       OK ] ControllerTest.OtherButtonCancelsBuffer (0 ms)
[----------] 1 test from ControllerTest (0 ms total)

[----------] Global test environment tear-down
[==========] 1 test from 1 test suite ran. (0 ms total)
[  PASSED  ] 1 test.
<end of output>
Test time =   0.01 sec
----------------------------------------------------------
Test Passed.
"ControllerTest.OtherButtonCancelsBuffer" end time: May 15 16:35 대한민국 표준시
"ControllerTest.OtherButtonCancelsBuffer" time elapsed: 00:00:00
----------------------------------------------------------

18/24 Testing: ControllerTest.Zero7_SingleDigit7
18/24 Test: ControllerTest.Zero7_SingleDigit7
Command: "C:/DEV/TDD_TV_11/build/TVControllerTest.exe" "--gtest_filter=ControllerTest.Zero7_SingleDigit7" "--gtest_also_run_disabled_tests"
Directory: C:/DEV/TDD_TV_11/build
"ControllerTest.Zero7_SingleDigit7" start time: May 15 16:35 대한민국 표준시
Output:
----------------------------------------------------------
Running main() from C:\DEV\TDD_TV_11\build\_deps\googletest-src\googletest\src\gtest_main.cc
Note: Google Test filter = ControllerTest.Zero7_SingleDigit7
[==========] Running 1 test from 1 test suite.
[----------] Global test environment set-up.
[----------] 1 test from ControllerTest
[ RUN      ] ControllerTest.Zero7_SingleDigit7
[       OK ] ControllerTest.Zero7_SingleDigit7 (0 ms)
[----------] 1 test from ControllerTest (0 ms total)

[----------] Global test environment tear-down
[==========] 1 test from 1 test suite ran. (0 ms total)
[  PASSED  ] 1 test.
<end of output>
Test time =   0.01 sec
----------------------------------------------------------
Test Passed.
"ControllerTest.Zero7_SingleDigit7" end time: May 15 16:35 대한민국 표준시
"ControllerTest.Zero7_SingleDigit7" time elapsed: 00:00:00
----------------------------------------------------------

19/24 Testing: ControllerTest.FavoriteAdd_NewChannel
19/24 Test: ControllerTest.FavoriteAdd_NewChannel
Command: "C:/DEV/TDD_TV_11/build/TVControllerTest.exe" "--gtest_filter=ControllerTest.FavoriteAdd_NewChannel" "--gtest_also_run_disabled_tests"
Directory: C:/DEV/TDD_TV_11/build
"ControllerTest.FavoriteAdd_NewChannel" start time: May 15 16:35 대한민국 표준시
Output:
----------------------------------------------------------
Running main() from C:\DEV\TDD_TV_11\build\_deps\googletest-src\googletest\src\gtest_main.cc
Note: Google Test filter = ControllerTest.FavoriteAdd_NewChannel
[==========] Running 1 test from 1 test suite.
[----------] Global test environment set-up.
[----------] 1 test from ControllerTest
[ RUN      ] ControllerTest.FavoriteAdd_NewChannel
[       OK ] ControllerTest.FavoriteAdd_NewChannel (0 ms)
[----------] 1 test from ControllerTest (0 ms total)

[----------] Global test environment tear-down
[==========] 1 test from 1 test suite ran. (0 ms total)
[  PASSED  ] 1 test.
<end of output>
Test time =   0.01 sec
----------------------------------------------------------
Test Passed.
"ControllerTest.FavoriteAdd_NewChannel" end time: May 15 16:35 대한민국 표준시
"ControllerTest.FavoriteAdd_NewChannel" time elapsed: 00:00:00
----------------------------------------------------------

20/24 Testing: ControllerTest.FavoriteToggle_Remove
20/24 Test: ControllerTest.FavoriteToggle_Remove
Command: "C:/DEV/TDD_TV_11/build/TVControllerTest.exe" "--gtest_filter=ControllerTest.FavoriteToggle_Remove" "--gtest_also_run_disabled_tests"
Directory: C:/DEV/TDD_TV_11/build
"ControllerTest.FavoriteToggle_Remove" start time: May 15 16:35 대한민국 표준시
Output:
----------------------------------------------------------
Running main() from C:\DEV\TDD_TV_11\build\_deps\googletest-src\googletest\src\gtest_main.cc
Note: Google Test filter = ControllerTest.FavoriteToggle_Remove
[==========] Running 1 test from 1 test suite.
[----------] Global test environment set-up.
[----------] 1 test from ControllerTest
[ RUN      ] ControllerTest.FavoriteToggle_Remove
[       OK ] ControllerTest.FavoriteToggle_Remove (0 ms)
[----------] 1 test from ControllerTest (0 ms total)

[----------] Global test environment tear-down
[==========] 1 test from 1 test suite ran. (0 ms total)
[  PASSED  ] 1 test.
<end of output>
Test time =   0.01 sec
----------------------------------------------------------
Test Passed.
"ControllerTest.FavoriteToggle_Remove" end time: May 15 16:35 대한민국 표준시
"ControllerTest.FavoriteToggle_Remove" time elapsed: 00:00:00
----------------------------------------------------------

21/24 Testing: ControllerTest.FavoriteToggleScenario
21/24 Test: ControllerTest.FavoriteToggleScenario
Command: "C:/DEV/TDD_TV_11/build/TVControllerTest.exe" "--gtest_filter=ControllerTest.FavoriteToggleScenario" "--gtest_also_run_disabled_tests"
Directory: C:/DEV/TDD_TV_11/build
"ControllerTest.FavoriteToggleScenario" start time: May 15 16:35 대한민국 표준시
Output:
----------------------------------------------------------
Running main() from C:\DEV\TDD_TV_11\build\_deps\googletest-src\googletest\src\gtest_main.cc
Note: Google Test filter = ControllerTest.FavoriteToggleScenario
[==========] Running 1 test from 1 test suite.
[----------] Global test environment set-up.
[----------] 1 test from ControllerTest
[ RUN      ] ControllerTest.FavoriteToggleScenario
[       OK ] ControllerTest.FavoriteToggleScenario (0 ms)
[----------] 1 test from ControllerTest (0 ms total)

[----------] Global test environment tear-down
[==========] 1 test from 1 test suite ran. (0 ms total)
[  PASSED  ] 1 test.
<end of output>
Test time =   0.01 sec
----------------------------------------------------------
Test Passed.
"ControllerTest.FavoriteToggleScenario" end time: May 15 16:35 대한민국 표준시
"ControllerTest.FavoriteToggleScenario" time elapsed: 00:00:00
----------------------------------------------------------

22/24 Testing: ControllerTest.NextFavorite_Normal
22/24 Test: ControllerTest.NextFavorite_Normal
Command: "C:/DEV/TDD_TV_11/build/TVControllerTest.exe" "--gtest_filter=ControllerTest.NextFavorite_Normal" "--gtest_also_run_disabled_tests"
Directory: C:/DEV/TDD_TV_11/build
"ControllerTest.NextFavorite_Normal" start time: May 15 16:35 대한민국 표준시
Output:
----------------------------------------------------------
Running main() from C:\DEV\TDD_TV_11\build\_deps\googletest-src\googletest\src\gtest_main.cc
Note: Google Test filter = ControllerTest.NextFavorite_Normal
[==========] Running 1 test from 1 test suite.
[----------] Global test environment set-up.
[----------] 1 test from ControllerTest
[ RUN      ] ControllerTest.NextFavorite_Normal
[       OK ] ControllerTest.NextFavorite_Normal (0 ms)
[----------] 1 test from ControllerTest (0 ms total)

[----------] Global test environment tear-down
[==========] 1 test from 1 test suite ran. (0 ms total)
[  PASSED  ] 1 test.
<end of output>
Test time =   0.01 sec
----------------------------------------------------------
Test Passed.
"ControllerTest.NextFavorite_Normal" end time: May 15 16:35 대한민국 표준시
"ControllerTest.NextFavorite_Normal" time elapsed: 00:00:00
----------------------------------------------------------

23/24 Testing: ControllerTest.NextFavorite_WrapAround
23/24 Test: ControllerTest.NextFavorite_WrapAround
Command: "C:/DEV/TDD_TV_11/build/TVControllerTest.exe" "--gtest_filter=ControllerTest.NextFavorite_WrapAround" "--gtest_also_run_disabled_tests"
Directory: C:/DEV/TDD_TV_11/build
"ControllerTest.NextFavorite_WrapAround" start time: May 15 16:35 대한민국 표준시
Output:
----------------------------------------------------------
Running main() from C:\DEV\TDD_TV_11\build\_deps\googletest-src\googletest\src\gtest_main.cc
Note: Google Test filter = ControllerTest.NextFavorite_WrapAround
[==========] Running 1 test from 1 test suite.
[----------] Global test environment set-up.
[----------] 1 test from ControllerTest
[ RUN      ] ControllerTest.NextFavorite_WrapAround
[       OK ] ControllerTest.NextFavorite_WrapAround (0 ms)
[----------] 1 test from ControllerTest (0 ms total)

[----------] Global test environment tear-down
[==========] 1 test from 1 test suite ran. (0 ms total)
[  PASSED  ] 1 test.
<end of output>
Test time =   0.01 sec
----------------------------------------------------------
Test Passed.
"ControllerTest.NextFavorite_WrapAround" end time: May 15 16:35 대한민국 표준시
"ControllerTest.NextFavorite_WrapAround" time elapsed: 00:00:00
----------------------------------------------------------

24/24 Testing: ControllerTest.NextFavorite_EmptyList
24/24 Test: ControllerTest.NextFavorite_EmptyList
Command: "C:/DEV/TDD_TV_11/build/TVControllerTest.exe" "--gtest_filter=ControllerTest.NextFavorite_EmptyList" "--gtest_also_run_disabled_tests"
Directory: C:/DEV/TDD_TV_11/build
"ControllerTest.NextFavorite_EmptyList" start time: May 15 16:35 대한민국 표준시
Output:
----------------------------------------------------------
Running main() from C:\DEV\TDD_TV_11\build\_deps\googletest-src\googletest\src\gtest_main.cc
Note: Google Test filter = ControllerTest.NextFavorite_EmptyList
[==========] Running 1 test from 1 test suite.
[----------] Global test environment set-up.
[----------] 1 test from ControllerTest
[ RUN      ] ControllerTest.NextFavorite_EmptyList
[       OK ] ControllerTest.NextFavorite_EmptyList (0 ms)
[----------] 1 test from ControllerTest (0 ms total)

[----------] Global test environment tear-down
[==========] 1 test from 1 test suite ran. (0 ms total)
[  PASSED  ] 1 test.
<end of output>
Test time =   0.01 sec
----------------------------------------------------------
Test Passed.
"ControllerTest.NextFavorite_EmptyList" end time: May 15 16:35 대한민국 표준시
"ControllerTest.NextFavorite_EmptyList" time elapsed: 00:00:00
----------------------------------------------------------

End testing: May 15 16:35 대한민국 표준시
