TN:
SF:C:\DEV\TDD_TV_11\include\fakeTuner.h
FN:12,_ZN9FakeTunerC1ESt6vectorIiSaIiEE
FNDA:11,_ZN9FakeTunerC1ESt6vectorIiSaIiEE
FN:14,_ZN9FakeTuner6seekCHB5cxx11Ev
FNDA:0,_ZN9FakeTuner6seekCHB5cxx11Ev
FN:16,_ZZN9FakeTuner6seekCHB5cxx11EvENKUliE_clEi
FNDA:0,_ZZN9FakeTuner6seekCHB5cxx11EvENKUliE_clEi
FN:20,_ZN9FakeTuner5setCHERKNSt7__cxx1112basic_stringIcSt11char_traitsIcESaIcEEE
FNDA:18,_ZN9FakeTuner5setCHERKNSt7__cxx1112basic_stringIcSt11char_traitsIcESaIcEEE
FN:26,_ZN9FakeTuner12getCurrentCHB5cxx11Ev
FNDA:18,_ZN9FakeTuner12getCurrentCHB5cxx11Ev
DA:12,22
DA:14,0
DA:15,0
DA:16,0
DA:17,0
DA:18,0
DA:20,18
DA:21,18
DA:22,18
DA:23,0
DA:24,18
DA:25,18
DA:26,18
end_of_record
SF:C:\mingw64\include\c++\15.2.0\new
FN:206,_ZnwyPv
FNDA:1002,_ZnwyPv
FN:217,_ZdlPvS_
FNDA:0,_ZdlPvS_
DA:206,1002
DA:208,1002
DA:217,0
DA:219,0
end_of_record
SF:C:\mingw64\include\c++\15.2.0\bits\char_traits.h
FN:138,_ZN9__gnu_cxx11char_traitsIcE2eqERKcS3_
FNDA:0,_ZN9__gnu_cxx11char_traitsIcE2eqERKcS3_
FN:201,_ZN9__gnu_cxx11char_traitsIcE6lengthEPKc
FNDA:0,_ZN9__gnu_cxx11char_traitsIcE6lengthEPKc
FN:345,_ZNSt11char_traitsIcE6assignERcRKc
FNDA:36062,_ZNSt11char_traitsIcE6assignERcRKc
FN:360,_ZNSt11char_traitsIcE2ltERKcS2_
FNDA:0,_ZNSt11char_traitsIcE2ltERKcS2_
FN:368,_ZNSt11char_traitsIcE7compareEPKcS2_y
FNDA:287,_ZNSt11char_traitsIcE7compareEPKcS2_y
FN:387,_ZNSt11char_traitsIcE6lengthEPKc
FNDA:1819,_ZNSt11char_traitsIcE6lengthEPKc
FN:421,_ZNSt11char_traitsIcE4copyEPcPKcy
FNDA:2921,_ZNSt11char_traitsIcE4copyEPcPKcy
DA:138,0
DA:139,0
DA:201,0
DA:204,0
DA:205,0
DA:206,0
DA:207,0
DA:345,36062
DA:352,36062
DA:353,36062
DA:360,0
DA:363,0
DA:364,0
DA:368,287
DA:370,287
DA:371,0
DA:373,287
DA:375,0
DA:376,0
DA:377,0
DA:378,0
DA:379,0
DA:380,0
DA:383,287
DA:387,1819
DA:390,1819
DA:391,0
DA:393,1819
DA:421,2921
DA:423,2921
DA:424,106
DA:429,2815
end_of_record
SF:C:\DEV\TDD_TV_11\build\_deps\googletest-src\googletest\include\gtest\internal\gtest-port.h
FN:1082,_ZN7testing8internal8GTestLog9GetStreamEv
FNDA:0,_ZN7testing8internal8GTestLog9GetStreamEv
DA:1082,0
end_of_record
SF:C:\mingw64\include\c++\15.2.0\ext\alloc_traits.h
DA:100,132
end_of_record
SF:C:\mingw64\include\c++\15.2.0\bits\basic_string.tcc
FN:143,_ZNSt7__cxx1112basic_stringIcSt11char_traitsIcESaIcEE9_M_createERyy
FNDA:1260,_ZNSt7__cxx1112basic_stringIcSt11char_traitsIcESaIcEE9_M_createERyy
FN:227,_ZNSt7__cxx1112basic_stringIcSt11char_traitsIcESaIcEE12_M_constructIPKcEEvT_S8_St20forward_iterator_tag
FNDA:1219,_ZNSt7__cxx1112basic_stringIcSt11char_traitsIcESaIcEE12_M_constructIPKcEEvT_S8_St20forward_iterator_tag
FN:245,_ZZNSt7__cxx1112basic_stringIcSt11char_traitsIcESaIcEE12_M_constructIPKcEEvT_S8_St20forward_iterator_tagEN6_GuardC1EPS4_
FNDA:1219,_ZZNSt7__cxx1112basic_stringIcSt11char_traitsIcESaIcEE12_M_constructIPKcEEvT_S8_St20forward_iterator_tagEN6_GuardC1EPS4_
FN:248,_ZZNSt7__cxx1112basic_stringIcSt11char_traitsIcESaIcEE12_M_constructIPKcEEvT_S8_St20forward_iterator_tagEN6_GuardD1Ev
FNDA:1219,_ZZNSt7__cxx1112basic_stringIcSt11char_traitsIcESaIcEE12_M_constructIPKcEEvT_S8_St20forward_iterator_tagEN6_GuardD1Ev
FN:335,_ZNSt7__cxx1112basic_stringIcSt11char_traitsIcESaIcEE7reserveEy
FNDA:875,_ZNSt7__cxx1112basic_stringIcSt11char_traitsIcESaIcEE7reserveEy
FN:356,_ZNSt7__cxx1112basic_stringIcSt11char_traitsIcESaIcEE9_M_mutateEyyPKcy
FNDA:237,_ZNSt7__cxx1112basic_stringIcSt11char_traitsIcESaIcEE9_M_mutateEyyPKcy
FN:444,_ZNSt7__cxx1112basic_stringIcSt11char_traitsIcESaIcEE9_M_appendEPKcy
FNDA:790,_ZNSt7__cxx1112basic_stringIcSt11char_traitsIcESaIcEE9_M_appendEPKcy
FN:614,_ZNSt7__cxx1112basic_stringIcSt11char_traitsIcESaIcEE22__resize_and_overwriteIZNS_9to_stringEiEUlPcyE_EEvyT_
FNDA:31,_ZNSt7__cxx1112basic_stringIcSt11char_traitsIcESaIcEE22__resize_and_overwriteIZNS_9to_stringEiEUlPcyE_EEvyT_
FN:628,_ZZNSt7__cxx1112basic_stringIcSt11char_traitsIcESaIcEE22__resize_and_overwriteIZNS_9to_stringEiEUlPcyE_EEvyT_EN11_TerminatorD1Ev
FNDA:31,_ZZNSt7__cxx1112basic_stringIcSt11char_traitsIcESaIcEE22__resize_and_overwriteIZNS_9to_stringEiEUlPcyE_EEvyT_EN11_TerminatorD1Ev
DA:143,1260
DA:148,1260
DA:149,0
DA:154,1260
DA:156,237
DA:158,237
DA:159,0
DA:164,1260
DA:227,1219
DA:231,1219
DA:233,1219
DA:235,351
DA:236,351
DA:245,1219
DA:248,1219
DA:251,1219
DA:253,1219
DA:255,1219
DA:257,1219
DA:258,1219
DA:335,875
DA:338,875
DA:343,875
DA:344,286
DA:346,589
DA:347,589
DA:348,589
DA:349,589
DA:350,589
DA:356,237
DA:360,237
DA:362,237
DA:363,237
DA:365,237
DA:366,225
DA:367,237
DA:368,237
DA:369,237
DA:370,0
DA:371,0
DA:373,237
DA:374,237
DA:375,237
DA:376,237
DA:444,790
DA:447,790
DA:449,790
DA:451,565
DA:452,565
DA:455,225
DA:457,790
DA:458,790
DA:614,31
DA:621,31
DA:622,31
DA:628,31
DA:632,31
DA:633,31
DA:641,31
DA:642,31
DA:643,0
DA:644,31
end_of_record
SF:C:\mingw64\include\c++\15.2.0\bits\stl_algobase.h
FN:234,_ZSt3minIyERKT_S2_S2_
FNDA:53175,_ZSt3minIyERKT_S2_S2_
FN:258,_ZSt3maxIyERKT_S2_S2_
FNDA:274,_ZSt3maxIyERKT_S2_S2_
FN:2092,_ZSt9__find_ifIN9__gnu_cxx17__normal_iteratorIPKiSt6vectorIiSaIiEEEENS0_5__ops16_Iter_equals_valIS2_EEET_SB_SB_T0_
FNDA:5,_ZSt9__find_ifIN9__gnu_cxx17__normal_iteratorIPKiSt6vectorIiSaIiEEEENS0_5__ops16_Iter_equals_valIS2_EEET_SB_SB_T0_
FN:2092,_ZSt9__find_ifIN9__gnu_cxx17__normal_iteratorIPiSt6vectorIiSaIiEEEENS0_5__ops10_Iter_predIZN9FakeTuner6seekCHEvEUliE_EEET_SC_SC_T0_
FNDA:0,_ZSt9__find_ifIN9__gnu_cxx17__normal_iteratorIPiSt6vectorIiSaIiEEEENS0_5__ops10_Iter_predIZN9FakeTuner6seekCHEvEUliE_EEET_SC_SC_T0_
DA:234,53175
DA:239,53175
DA:240,0
DA:241,53175
DA:258,274
DA:263,274
DA:264,125
DA:265,149
DA:2092,5
DA:2095,13
DA:2097,5
DA:2092,0
DA:2095,0
DA:2097,0
end_of_record
SF:C:\mingw64\include\c++\15.2.0\bits\ptr_traits.h
FN:134,_ZNSt19__ptr_traits_ptr_toIPKcS0_Lb0EE10pointer_toERS0_
FNDA:23811,_ZNSt19__ptr_traits_ptr_toIPKcS0_Lb0EE10pointer_toERS0_
FN:134,_ZNSt19__ptr_traits_ptr_toIPccLb0EE10pointer_toERc
FNDA:5511,_ZNSt19__ptr_traits_ptr_toIPccLb0EE10pointer_toERc
DA:134,23811
DA:135,23811
DA:134,5511
DA:135,5511
DA:211,9
end_of_record
SF:C:\mingw64\include\c++\15.2.0\bits\stl_iterator.h
DA:1058,633
DA:1059,633
DA:1090,18
DA:1103,14
DA:1104,14
DA:1166,189
DA:1231,302
DA:1247,58
DA:1340,18
DA:3011,1484
end_of_record
SF:C:\mingw64\include\c++\15.2.0\bits\new_allocator.h
FN:104,_ZNSt15__new_allocatorISt13_Rb_tree_nodeIiEED2Ev
FNDA:11,_ZNSt15__new_allocatorISt13_Rb_tree_nodeIiEED2Ev
FN:104,_ZNSt15__new_allocatorIiED2Ev
FNDA:75,_ZNSt15__new_allocatorIiED2Ev
FN:104,_ZNSt15__new_allocatorIcED2Ev
FNDA:6583,_ZNSt15__new_allocatorIcED2Ev
FN:126,_ZNSt15__new_allocatorISt13_Rb_tree_nodeIiEE8allocateEyPKv
FNDA:12,_ZNSt15__new_allocatorISt13_Rb_tree_nodeIiEE8allocateEyPKv
FN:126,_ZNSt15__new_allocatorIcE8allocateEyPKv
FNDA:1260,_ZNSt15__new_allocatorIcE8allocateEyPKv
FN:126,_ZNSt15__new_allocatorIiE8allocateEyPKv
FNDA:94,_ZNSt15__new_allocatorIiE8allocateEyPKv
FN:156,_ZNSt15__new_allocatorISt13_Rb_tree_nodeIiEE10deallocateEPS1_y
FNDA:12,_ZNSt15__new_allocatorISt13_Rb_tree_nodeIiEE10deallocateEPS1_y
FN:156,_ZNSt15__new_allocatorIcE10deallocateEPcy
FNDA:1330,_ZNSt15__new_allocatorIcE10deallocateEPcy
FN:156,_ZNSt15__new_allocatorIiE10deallocateEPiy
FNDA:70,_ZNSt15__new_allocatorIiE10deallocateEPiy
DA:88,910
DA:92,4248
DA:104,11
DA:104,75
DA:104,6583
DA:126,12
DA:134,12
DA:138,0
DA:139,0
DA:140,0
DA:151,12
DA:126,1260
DA:134,1260
DA:140,0
DA:151,1260
DA:126,94
DA:134,94
DA:138,0
DA:139,0
DA:140,0
DA:151,94
DA:156,12
DA:172,12
DA:156,1330
DA:172,1330
DA:156,70
DA:172,70
DA:183,52716
DA:191,48
DA:198,12
DA:233,54082
end_of_record
SF:C:\mingw64\include\c++\15.2.0\bits\stl_algo.h
FN:3854,_ZSt4findIN9__gnu_cxx17__normal_iteratorIPKiSt6vectorIiSaIiEEEEiET_S8_S8_RKT0_
FNDA:5,_ZSt4findIN9__gnu_cxx17__normal_iteratorIPKiSt6vectorIiSaIiEEEEiET_S8_S8_RKT0_
FN:3912,_ZSt7find_ifIN9__gnu_cxx17__normal_iteratorIPiSt6vectorIiSaIiEEEEZN9FakeTuner6seekCHEvEUliE_ET_S9_S9_T0_
FNDA:0,_ZSt7find_ifIN9__gnu_cxx17__normal_iteratorIPiSt6vectorIiSaIiEEEEZN9FakeTuner6seekCHEvEUliE_ET_S9_S9_T0_
DA:3854,5
DA:3895,5
DA:3896,5
DA:3912,0
DA:3921,0
DA:3922,0
end_of_record
SF:C:\mingw64\include\c++\15.2.0\bits\stl_function.h
FN:404,_ZNKSt4lessIiEclERKiS2_
FNDA:35,_ZNKSt4lessIiEclERKiS2_
FN:1163,_ZNKSt9_IdentityIiEclERKi
FNDA:54,_ZNKSt9_IdentityIiEclERKi
DA:404,35
DA:405,35
DA:1163,54
DA:1164,54
end_of_record
SF:C:\mingw64\include\c++\15.2.0\ext\aligned_buffer.h
FN:70,_ZN9__gnu_cxx16__aligned_membufIiE7_M_addrEv
FNDA:24,_ZN9__gnu_cxx16__aligned_membufIiE7_M_addrEv
FN:74,_ZNK9__gnu_cxx16__aligned_membufIiE7_M_addrEv
FNDA:41,_ZNK9__gnu_cxx16__aligned_membufIiE7_M_addrEv
FN:78,_ZN9__gnu_cxx16__aligned_membufIiE6_M_ptrEv
FNDA:24,_ZN9__gnu_cxx16__aligned_membufIiE6_M_ptrEv
FN:82,_ZNK9__gnu_cxx16__aligned_membufIiE6_M_ptrEv
FNDA:41,_ZNK9__gnu_cxx16__aligned_membufIiE6_M_ptrEv
DA:70,24
DA:71,24
DA:74,41
DA:75,41
DA:78,24
DA:79,24
DA:82,41
DA:83,41
end_of_record
SF:C:\mingw64\include\c++\15.2.0\bits\alloc_traits.h
DA:614,1366
DA:649,1412
DA:674,24
DA:680,24
DA:700,12
DA:712,52716
DA:726,132
DA:1045,54
DA:1046,54
end_of_record
SF:C:\mingw64\include\c++\15.2.0\initializer_list
FN:71,_ZNKSt16initializer_listIiE4sizeEv
FNDA:24,_ZNKSt16initializer_listIiE4sizeEv
FN:75,_ZNKSt16initializer_listIiE5beginEv
FNDA:26,_ZNKSt16initializer_listIiE5beginEv
FN:79,_ZNKSt16initializer_listIiE3endEv
FNDA:13,_ZNKSt16initializer_listIiE3endEv
DA:71,24
DA:75,26
DA:79,13
end_of_record
SF:C:\mingw64\include\c++\15.2.0\bits\stl_tree.h
FN:134,_ZNKSt18_Rb_tree_node_base11_M_base_ptrEv
FNDA:87,_ZNKSt18_Rb_tree_node_base11_M_base_ptrEv
FN:144,_ZNSt20_Rb_tree_key_compareISt4lessIiEEC2Ev
FNDA:11,_ZNSt20_Rb_tree_key_compareISt4lessIiEEC2Ev
FN:171,_ZNSt15_Rb_tree_headerC2Ev
FNDA:35,_ZNSt15_Rb_tree_headerC2Ev
FN:204,_ZNSt15_Rb_tree_header8_M_resetEv
FNDA:35,_ZNSt15_Rb_tree_header8_M_resetEv
FN:230,_ZNSt13_Rb_tree_nodeIiE9_M_valptrEv
FNDA:24,_ZNSt13_Rb_tree_nodeIiE9_M_valptrEv
FN:234,_ZNKSt13_Rb_tree_nodeIiE9_M_valptrEv
FNDA:41,_ZNKSt13_Rb_tree_nodeIiE9_M_valptrEv
FN:239,_ZNSt13_Rb_tree_nodeIiE11_M_node_ptrEv
FNDA:12,_ZNSt13_Rb_tree_nodeIiE11_M_node_ptrEv
FN:388,_ZNSt17_Rb_tree_iteratorIiEC1EPSt18_Rb_tree_node_base
FNDA:59,_ZNSt17_Rb_tree_iteratorIiEC1EPSt18_Rb_tree_node_base
FN:415,_ZNSt17_Rb_tree_iteratorIiEmmEv
FNDA:0,_ZNSt17_Rb_tree_iteratorIiEmmEv
FN:430,_ZSteqRKSt17_Rb_tree_iteratorIiES2_
FNDA:15,_ZSteqRKSt17_Rb_tree_iteratorIiES2_
FN:463,_ZNSt23_Rb_tree_const_iteratorIiEC1EPSt18_Rb_tree_node_base
FNDA:17,_ZNSt23_Rb_tree_const_iteratorIiEC1EPSt18_Rb_tree_node_base
FN:466,_ZNSt23_Rb_tree_const_iteratorIiEC1ERKSt17_Rb_tree_iteratorIiE
FNDA:26,_ZNSt23_Rb_tree_const_iteratorIiEC1ERKSt17_Rb_tree_iteratorIiE
FN:470,_ZNKSt23_Rb_tree_const_iteratorIiEdeEv
FNDA:6,_ZNKSt23_Rb_tree_const_iteratorIiEdeEv
FN:478,_ZNSt23_Rb_tree_const_iteratorIiEppEv
FNDA:10,_ZNSt23_Rb_tree_const_iteratorIiEppEv
FN:508,_ZSteqRKSt23_Rb_tree_const_iteratorIiES2_
FNDA:10,_ZSteqRKSt23_Rb_tree_const_iteratorIiES2_
FN:514,_ZStneRKSt23_Rb_tree_const_iteratorIiES2_
FNDA:16,_ZStneRKSt23_Rb_tree_const_iteratorIiES2_
FN:689,_ZNSt9__rb_tree12_Node_traitsIiPiE23_S_insert_and_rebalanceEbPSt18_Rb_tree_node_baseS4_RS3_
FNDA:12,_ZNSt9__rb_tree12_Node_traitsIiPiE23_S_insert_and_rebalanceEbPSt18_Rb_tree_node_baseS4_RS3_
FN:698,_ZNSt9__rb_tree12_Node_traitsIiPiE22_S_rebalance_for_eraseEPSt18_Rb_tree_node_baseRS3_
FNDA:2,_ZNSt9__rb_tree12_Node_traitsIiPiE22_S_rebalance_for_eraseEPSt18_Rb_tree_node_baseRS3_
FN:1130,_ZNSt8_Rb_treeIiiSt9_IdentityIiESt4lessIiESaIiEE11_Alloc_nodeC1ERS5_
FNDA:12,_ZNSt8_Rb_treeIiiSt9_IdentityIiESt4lessIiESaIiEE11_Alloc_nodeC1ERS5_
FN:1135,_ZNKSt8_Rb_treeIiiSt9_IdentityIiESt4lessIiESaIiEE11_Alloc_nodeclIRKiEEPSt13_Rb_tree_nodeIiEOT_
FNDA:12,_ZNKSt8_Rb_treeIiiSt9_IdentityIiESt4lessIiESaIiEE11_Alloc_nodeclIRKiEEPSt13_Rb_tree_nodeIiEOT_
FN:1154,_ZNSt8_Rb_treeIiiSt9_IdentityIiESt4lessIiESaIiEE21_M_get_Node_allocatorEv
FNDA:48,_ZNSt8_Rb_treeIiiSt9_IdentityIiESt4lessIiESaIiEE21_M_get_Node_allocatorEv
FN:1167,_ZNSt8_Rb_treeIiiSt9_IdentityIiESt4lessIiESaIiEE11_M_get_nodeEv
FNDA:12,_ZNSt8_Rb_treeIiiSt9_IdentityIiESt4lessIiESaIiEE11_M_get_nodeEv
FN:1188,_ZNSt8_Rb_treeIiiSt9_IdentityIiESt4lessIiESaIiEE11_M_put_nodeEPSt13_Rb_tree_nodeIiE
FNDA:12,_ZNSt8_Rb_treeIiiSt9_IdentityIiESt4lessIiESaIiEE11_M_put_nodeEPSt13_Rb_tree_nodeIiE
FN:1232,_ZNSt8_Rb_treeIiiSt9_IdentityIiESt4lessIiESaIiEE17_M_construct_nodeIJRKiEEEvPSt13_Rb_tree_nodeIiEDpOT_
FNDA:12,_ZNSt8_Rb_treeIiiSt9_IdentityIiESt4lessIiESaIiEE17_M_construct_nodeIJRKiEEEvPSt13_Rb_tree_nodeIiEDpOT_
FN:1251,_ZNSt8_Rb_treeIiiSt9_IdentityIiESt4lessIiESaIiEE14_M_create_nodeIJRKiEEEPSt13_Rb_tree_nodeIiEDpOT_
FNDA:12,_ZNSt8_Rb_treeIiiSt9_IdentityIiESt4lessIiESaIiEE14_M_create_nodeIJRKiEEEPSt13_Rb_tree_nodeIiEDpOT_
FN:1260,_ZNSt8_Rb_treeIiiSt9_IdentityIiESt4lessIiESaIiEE15_M_destroy_nodeEPSt13_Rb_tree_nodeIiE
FNDA:12,_ZNSt8_Rb_treeIiiSt9_IdentityIiESt4lessIiESaIiEE15_M_destroy_nodeEPSt13_Rb_tree_nodeIiE
FN:1271,_ZNSt8_Rb_treeIiiSt9_IdentityIiESt4lessIiESaIiEE12_M_drop_nodeEPSt13_Rb_tree_nodeIiE
FNDA:12,_ZNSt8_Rb_treeIiiSt9_IdentityIiESt4lessIiESaIiEE12_M_drop_nodeEPSt13_Rb_tree_nodeIiE
FN:1310,_ZNSt8_Rb_treeIiiSt9_IdentityIiESt4lessIiESaIiEE13_Rb_tree_implIS3_Lb1EEC1Ev
FNDA:11,_ZNSt8_Rb_treeIiiSt9_IdentityIiESt4lessIiESaIiEE13_Rb_tree_implIS3_Lb1EEC1Ev
FN:1377,_ZNKSt8_Rb_treeIiiSt9_IdentityIiESt4lessIiESaIiEE8_M_beginEv
FNDA:22,_ZNKSt8_Rb_treeIiiSt9_IdentityIiESt4lessIiESaIiEE8_M_beginEv
FN:1381,_ZNKSt8_Rb_treeIiiSt9_IdentityIiESt4lessIiESaIiEE13_M_begin_nodeEv
FNDA:11,_ZNKSt8_Rb_treeIiiSt9_IdentityIiESt4lessIiESaIiEE13_M_begin_nodeEv
FN:1390,_ZNKSt8_Rb_treeIiiSt9_IdentityIiESt4lessIiESaIiEE6_M_endEv
FNDA:63,_ZNKSt8_Rb_treeIiiSt9_IdentityIiESt4lessIiESaIiEE6_M_endEv
FN:1394,_ZNSt8_Rb_treeIiiSt9_IdentityIiESt4lessIiESaIiEE6_S_keyERKSt13_Rb_tree_nodeIiE
FNDA:35,_ZNSt8_Rb_treeIiiSt9_IdentityIiESt4lessIiESaIiEE6_S_keyERKSt13_Rb_tree_nodeIiE
FN:1416,_ZNSt8_Rb_treeIiiSt9_IdentityIiESt4lessIiESaIiEE6_S_keyEPSt18_Rb_tree_node_base
FNDA:35,_ZNSt8_Rb_treeIiiSt9_IdentityIiESt4lessIiESaIiEE6_S_keyEPSt18_Rb_tree_node_base
FN:1424,_ZNSt8_Rb_treeIiiSt9_IdentityIiESt4lessIiESaIiEE7_S_leftEPSt18_Rb_tree_node_base
FNDA:8,_ZNSt8_Rb_treeIiiSt9_IdentityIiESt4lessIiESaIiEE7_S_leftEPSt18_Rb_tree_node_base
FN:1428,_ZNSt8_Rb_treeIiiSt9_IdentityIiESt4lessIiESaIiEE7_S_leftEPSt13_Rb_tree_nodeIiE
FNDA:10,_ZNSt8_Rb_treeIiiSt9_IdentityIiESt4lessIiESaIiEE7_S_leftEPSt13_Rb_tree_nodeIiE
FN:1436,_ZNSt8_Rb_treeIiiSt9_IdentityIiESt4lessIiESaIiEE8_S_rightEPSt18_Rb_tree_node_base
FNDA:11,_ZNSt8_Rb_treeIiiSt9_IdentityIiESt4lessIiESaIiEE8_S_rightEPSt18_Rb_tree_node_base
FN:1440,_ZNSt8_Rb_treeIiiSt9_IdentityIiESt4lessIiESaIiEE8_S_rightEPSt13_Rb_tree_nodeIiE
FNDA:10,_ZNSt8_Rb_treeIiiSt9_IdentityIiESt4lessIiESaIiEE8_S_rightEPSt13_Rb_tree_nodeIiE
FN:1553,_ZNSt8_Rb_treeIiiSt9_IdentityIiESt4lessIiESaIiEEC1Ev
FNDA:11,_ZNSt8_Rb_treeIiiSt9_IdentityIiESt4lessIiESaIiEEC1Ev
FN:1608,_ZNSt8_Rb_treeIiiSt9_IdentityIiESt4lessIiESaIiEED1Ev
FNDA:11,_ZNSt8_Rb_treeIiiSt9_IdentityIiESt4lessIiESaIiEED1Ev
FN:1620,_ZNSt8_Rb_treeIiiSt9_IdentityIiESt4lessIiESaIiEE5beginEv
FNDA:7,_ZNSt8_Rb_treeIiiSt9_IdentityIiESt4lessIiESaIiEE5beginEv
FN:1624,_ZNKSt8_Rb_treeIiiSt9_IdentityIiESt4lessIiESaIiEE5beginEv
FNDA:4,_ZNKSt8_Rb_treeIiiSt9_IdentityIiESt4lessIiESaIiEE5beginEv
FN:1628,_ZNSt8_Rb_treeIiiSt9_IdentityIiESt4lessIiESaIiEE3endEv
FNDA:16,_ZNSt8_Rb_treeIiiSt9_IdentityIiESt4lessIiESaIiEE3endEv
FN:1632,_ZNKSt8_Rb_treeIiiSt9_IdentityIiESt4lessIiESaIiEE3endEv
FNDA:13,_ZNKSt8_Rb_treeIiiSt9_IdentityIiESt4lessIiESaIiEE3endEv
FN:1652,_ZNKSt8_Rb_treeIiiSt9_IdentityIiESt4lessIiESaIiEE5emptyEv
FNDA:3,_ZNKSt8_Rb_treeIiiSt9_IdentityIiESt4lessIiESaIiEE5emptyEv
FN:1816,_ZNSt8_Rb_treeIiiSt9_IdentityIiESt4lessIiESaIiEE5eraseB5cxx11ESt23_Rb_tree_const_iteratorIiE
FNDA:2,_ZNSt8_Rb_treeIiiSt9_IdentityIiESt4lessIiESaIiEE5eraseB5cxx11ESt23_Rb_tree_const_iteratorIiE
FN:1904,_ZNSt8_Rb_treeIiiSt9_IdentityIiESt4lessIiESaIiEE11upper_boundERKi
FNDA:2,_ZNSt8_Rb_treeIiiSt9_IdentityIiESt4lessIiESaIiEE11upper_boundERKi
FN:2467,_ZNSt8_Rb_treeIiiSt9_IdentityIiESt4lessIiESaIiEE10_M_insert_IRKiNS5_11_Alloc_nodeEEESt17_Rb_tree_iteratorIiEPSt18_Rb_tree_node_baseSD_OT_RT0_
FNDA:12,_ZNSt8_Rb_treeIiiSt9_IdentityIiESt4lessIiESaIiEE10_M_insert_IRKiNS5_11_Alloc_nodeEEESt17_Rb_tree_iteratorIiEPSt18_Rb_tree_node_baseSD_OT_RT0_
FN:2582,_ZNSt8_Rb_treeIiiSt9_IdentityIiESt4lessIiESaIiEE8_M_eraseEPSt13_Rb_tree_nodeIiE
FNDA:21,_ZNSt8_Rb_treeIiiSt9_IdentityIiESt4lessIiESaIiEE8_M_eraseEPSt13_Rb_tree_nodeIiE
FN:2599,_ZNKSt8_Rb_treeIiiSt9_IdentityIiESt4lessIiESaIiEE14_M_lower_boundEPSt18_Rb_tree_node_baseS7_RKi
FNDA:8,_ZNKSt8_Rb_treeIiiSt9_IdentityIiESt4lessIiESaIiEE14_M_lower_boundEPSt18_Rb_tree_node_baseS7_RKi
FN:2615,_ZNKSt8_Rb_treeIiiSt9_IdentityIiESt4lessIiESaIiEE14_M_upper_boundEPSt18_Rb_tree_node_baseS7_RKi
FNDA:2,_ZNKSt8_Rb_treeIiiSt9_IdentityIiESt4lessIiESaIiEE14_M_upper_boundEPSt18_Rb_tree_node_baseS7_RKi
FN:2730,_ZNSt8_Rb_treeIiiSt9_IdentityIiESt4lessIiESaIiEE24_M_get_insert_unique_posERKi
FNDA:12,_ZNSt8_Rb_treeIiiSt9_IdentityIiESt4lessIiESaIiEE24_M_get_insert_unique_posERKi
FN:2784,_ZNSt8_Rb_treeIiiSt9_IdentityIiESt4lessIiESaIiEE16_M_insert_uniqueIRKiEESt4pairISt17_Rb_tree_iteratorIiEbEOT_
FNDA:12,_ZNSt8_Rb_treeIiiSt9_IdentityIiESt4lessIiESaIiEE16_M_insert_uniqueIRKiEESt4pairISt17_Rb_tree_iteratorIiEbEOT_
FN:3111,_ZNSt8_Rb_treeIiiSt9_IdentityIiESt4lessIiESaIiEE12_M_erase_auxESt23_Rb_tree_const_iteratorIiE
FNDA:2,_ZNSt8_Rb_treeIiiSt9_IdentityIiESt4lessIiESaIiEE12_M_erase_auxESt23_Rb_tree_const_iteratorIiE
FN:3149,_ZNSt8_Rb_treeIiiSt9_IdentityIiESt4lessIiESaIiEE4findERKi
FNDA:8,_ZNSt8_Rb_treeIiiSt9_IdentityIiESt4lessIiESaIiEE4findERKi
DA:134,87
DA:135,87
DA:144,11
DA:148,11
DA:171,35
DA:172,35
DA:173,35
DA:174,35
DA:175,35
DA:204,35
DA:206,35
DA:207,35
DA:208,35
DA:209,35
DA:210,35
DA:230,24
DA:231,24
DA:234,41
DA:235,41
DA:239,12
DA:240,12
DA:388,59
DA:389,59
DA:415,0
DA:417,0
DA:418,0
DA:430,15
DA:432,15
DA:463,17
DA:464,17
DA:466,26
DA:467,26
DA:470,6
DA:471,6
DA:478,10
DA:480,10
DA:481,10
DA:508,10
DA:510,10
DA:514,16
DA:516,16
DA:689,12
DA:693,12
DA:698,2
DA:700,2
DA:1130,12
DA:1131,12
DA:1135,12
DA:1136,24
DA:1154,48
DA:1155,48
DA:1167,12
DA:1170,24
DA:1188,12
DA:1191,12
DA:1207,12
DA:1232,12
DA:1236,12
DA:1237,12
DA:1247,12
DA:1251,12
DA:1253,12
DA:1254,12
DA:1255,12
DA:1260,12
DA:1265,12
DA:1266,12
DA:1268,12
DA:1271,12
DA:1273,12
DA:1274,12
DA:1275,12
DA:1310,11
DA:1314,11
DA:1315,11
DA:1377,22
DA:1378,22
DA:1381,11
DA:1383,11
DA:1385,11
DA:1386,7
DA:1390,63
DA:1391,63
DA:1394,35
DA:1412,35
DA:1416,35
DA:1417,35
DA:1424,8
DA:1425,8
DA:1428,10
DA:1430,10
DA:1431,10
DA:1432,8
DA:1436,11
DA:1437,11
DA:1440,10
DA:1442,10
DA:1443,10
DA:1444,6
DA:1553,11
DA:1608,11
DA:1609,11
DA:1620,7
DA:1621,7
DA:1624,4
DA:1625,4
DA:1628,16
DA:1629,16
DA:1632,13
DA:1633,13
DA:1652,3
DA:1653,3
DA:1816,2
DA:1818,2
DA:1819,2
DA:1820,2
DA:1821,2
DA:1822,2
DA:1904,2
DA:1905,2
DA:2467,12
DA:2476,12
DA:2477,24
DA:2481,12
DA:2484,12
DA:2485,12
DA:2486,12
DA:2582,21
DA:2586,31
DA:2588,10
DA:2589,10
DA:2590,10
DA:2591,10
DA:2593,21
DA:2599,8
DA:2603,14
DA:2604,6
DA:2605,5
DA:2607,1
DA:2608,8
DA:2615,2
DA:2619,6
DA:2620,4
DA:2621,1
DA:2623,3
DA:2624,2
DA:2730,12
DA:2734,12
DA:2735,12
DA:2736,12
DA:2737,21
DA:2739,9
DA:2740,9
DA:2741,9
DA:2743,12
DA:2744,12
DA:2746,7
DA:2747,7
DA:2749,0
DA:2751,5
DA:2752,5
DA:2753,0
DA:2784,12
DA:2793,12
DA:2795,12
DA:2797,12
DA:2798,12
DA:2800,24
DA:2803,0
DA:3111,2
DA:3115,2
DA:3116,2
DA:3117,2
DA:3118,2
DA:3149,8
DA:3152,8
DA:3153,16
DA:3154,4
DA:3155,20
end_of_record
SF:C:\mingw64\include\c++\15.2.0\bits\stl_uninitialized.h
FN:113,_ZNSt19_UninitDestroyGuardIPivEC1ERS0_
FNDA:3,_ZNSt19_UninitDestroyGuardIPivEC1ERS0_
FN:118,_ZNSt19_UninitDestroyGuardIPivED1Ev
FNDA:3,_ZNSt19_UninitDestroyGuardIPivED1Ev
FN:125,_ZNSt19_UninitDestroyGuardIPivE7releaseEv
FNDA:3,_ZNSt19_UninitDestroyGuardIPivE7releaseEv
FN:140,_ZSt16__do_uninit_copyISt23_Rb_tree_const_iteratorIiES1_PiET1_T_T0_S3_
FNDA:3,_ZSt16__do_uninit_copyISt23_Rb_tree_const_iteratorIiES1_PiET1_T_T0_S3_
FN:231,_ZSt18uninitialized_copyISt23_Rb_tree_const_iteratorIiEPiET0_T_S4_S3_
FNDA:3,_ZSt18uninitialized_copyISt23_Rb_tree_const_iteratorIiEPiET0_T_S4_S3_
FN:231,_ZSt18uninitialized_copyIPKiPiET0_T_S4_S3_
FNDA:11,_ZSt18uninitialized_copyIPKiPiET0_T_S4_S3_
FN:613,_ZSt22__uninitialized_copy_aISt23_Rb_tree_const_iteratorIiES1_PiiET1_T_T0_S3_RSaIT2_E
FNDA:3,_ZSt22__uninitialized_copy_aISt23_Rb_tree_const_iteratorIiES1_PiiET1_T_T0_S3_RSaIT2_E
FN:613,_ZSt22__uninitialized_copy_aIPKiS1_PiiET1_T_T0_S3_RSaIT2_E
FNDA:11,_ZSt22__uninitialized_copy_aIPKiS1_PiiET1_T_T0_S3_RSaIT2_E
FN:1326,_ZSt14__relocate_a_1IiiENSt9enable_ifIXsrSt24__is_bitwise_relocatableIT_vE5valueEPS2_E4typeES4_S4_S4_RSaIT0_E
FNDA:81,_ZSt14__relocate_a_1IiiENSt9enable_ifIXsrSt24__is_bitwise_relocatableIT_vE5valueEPS2_E4typeES4_S4_S4_RSaIT0_E
FN:1353,_ZSt12__relocate_aIPiS0_SaIiEET0_T_S3_S2_RT1_
FNDA:81,_ZSt12__relocate_aIPiS0_SaIiEET0_T_S3_S2_RT1_
DA:113,3
DA:114,3
DA:115,3
DA:118,3
DA:120,3
DA:121,0
DA:122,3
DA:125,3
DA:140,3
DA:143,3
DA:144,7
DA:145,8
DA:146,3
DA:147,6
DA:148,3
DA:231,3
DA:303,3
DA:231,11
DA:269,11
DA:270,11
DA:273,22
DA:274,11
DA:275,11
DA:276,11
DA:278,11
DA:613,3
DA:637,3
DA:613,11
DA:637,11
DA:1326,81
DA:1330,81
DA:1331,81
DA:1343,52
DA:1345,81
DA:1353,81
DA:1359,243
DA:1361,81
end_of_record
SF:C:\mingw64\include\c++\15.2.0\bits\vector.tcc
FN:557,_ZNSt6vectorIiSaIiEE17_M_realloc_appendIJRKiEEEvDpOT_
FNDA:9,_ZNSt6vectorIiSaIiEE17_M_realloc_appendIJRKiEEEvDpOT_
DA:557,9
DA:566,9
DA:567,9
DA:568,0
DA:569,9
DA:570,9
DA:571,9
DA:572,9
DA:573,9
DA:576,9
DA:586,9
DA:587,9
DA:599,9
DA:600,9
DA:601,9
DA:638,9
DA:639,9
DA:640,9
DA:644,9
DA:645,9
DA:646,9
DA:647,9
end_of_record
SF:C:\mingw64\include\c++\15.2.0\tuple
FN:93,_ZNSt10_Head_baseILy1ESt14default_deleteI19TVChannelControllerELb1EEC2Ev
FNDA:22,_ZNSt10_Head_baseILy1ESt14default_deleteI19TVChannelControllerELb1EEC2Ev
FN:93,_ZNSt10_Head_baseILy1ESt14default_deleteI9FakeTunerELb1EEC2Ev
FNDA:22,_ZNSt10_Head_baseILy1ESt14default_deleteI9FakeTunerELb1EEC2Ev
FN:93,_ZNSt10_Head_baseILy1ESt14default_deleteINSt7__cxx1112basic_stringIcSt11char_traitsIcESaIcEEEELb1EEC2Ev
FNDA:14,_ZNSt10_Head_baseILy1ESt14default_deleteINSt7__cxx1112basic_stringIcSt11char_traitsIcESaIcEEEELb1EEC2Ev
FN:137,_ZNSt10_Head_baseILy1ESt14default_deleteINSt7__cxx1118basic_stringstreamIcSt11char_traitsIcESaIcEEEELb1EE7_M_headERS8_
FNDA:711,_ZNSt10_Head_baseILy1ESt14default_deleteINSt7__cxx1118basic_stringstreamIcSt11char_traitsIcESaIcEEEELb1EE7_M_headERS8_
FN:137,_ZNSt10_Head_baseILy1ESt14default_deleteINSt7__cxx1112basic_stringIcSt11char_traitsIcESaIcEEEELb1EE7_M_headERS8_
FNDA:0,_ZNSt10_Head_baseILy1ESt14default_deleteINSt7__cxx1112basic_stringIcSt11char_traitsIcESaIcEEEELb1EE7_M_headERS8_
FN:137,_ZNSt10_Head_baseILy1ESt14default_deleteI19TVChannelControllerELb1EE7_M_headERS3_
FNDA:33,_ZNSt10_Head_baseILy1ESt14default_deleteI19TVChannelControllerELb1EE7_M_headERS3_
FN:137,_ZNSt10_Head_baseILy1ESt14default_deleteI9FakeTunerELb1EE7_M_headERS3_
FNDA:33,_ZNSt10_Head_baseILy1ESt14default_deleteI9FakeTunerELb1EE7_M_headERS3_
FN:202,_ZNSt10_Head_baseILy0EPNSt7__cxx1112basic_stringIcSt11char_traitsIcESaIcEEELb0EEC2Ev
FNDA:14,_ZNSt10_Head_baseILy0EPNSt7__cxx1112basic_stringIcSt11char_traitsIcESaIcEEELb0EEC2Ev
FN:202,_ZNSt10_Head_baseILy0EP9FakeTunerLb0EEC2Ev
FNDA:22,_ZNSt10_Head_baseILy0EP9FakeTunerLb0EEC2Ev
FN:202,_ZNSt10_Head_baseILy0EP19TVChannelControllerLb0EEC2Ev
FNDA:22,_ZNSt10_Head_baseILy0EP19TVChannelControllerLb0EEC2Ev
FN:246,_ZNSt10_Head_baseILy0EP9FakeTunerLb0EE7_M_headERS2_
FNDA:77,_ZNSt10_Head_baseILy0EP9FakeTunerLb0EE7_M_headERS2_
FN:246,_ZNSt10_Head_baseILy0EPNSt7__cxx1118basic_stringstreamIcSt11char_traitsIcESaIcEEELb0EE7_M_headERS7_
FNDA:1422,_ZNSt10_Head_baseILy0EPNSt7__cxx1118basic_stringstreamIcSt11char_traitsIcESaIcEEELb0EE7_M_headERS7_
FN:246,_ZNSt10_Head_baseILy0EPNSt7__cxx1112basic_stringIcSt11char_traitsIcESaIcEEELb0EE7_M_headERS7_
FNDA:14,_ZNSt10_Head_baseILy0EPNSt7__cxx1112basic_stringIcSt11char_traitsIcESaIcEEELb0EE7_M_headERS7_
FN:246,_ZNSt10_Head_baseILy0EP19TVChannelControllerLb0EE7_M_headERS2_
FNDA:77,_ZNSt10_Head_baseILy0EP19TVChannelControllerLb0EE7_M_headERS2_
FN:249,_ZNSt10_Head_baseILy0EP19TVChannelControllerLb0EE7_M_headERKS2_
FNDA:34,_ZNSt10_Head_baseILy0EP19TVChannelControllerLb0EE7_M_headERKS2_
FN:249,_ZNSt10_Head_baseILy0EP9FakeTunerLb0EE7_M_headERKS2_
FNDA:40,_ZNSt10_Head_baseILy0EP9FakeTunerLb0EE7_M_headERKS2_
FN:249,_ZNSt10_Head_baseILy0EPNSt7__cxx1118basic_stringstreamIcSt11char_traitsIcESaIcEEELb0EE7_M_headERKS7_
FNDA:14979,_ZNSt10_Head_baseILy0EPNSt7__cxx1118basic_stringstreamIcSt11char_traitsIcESaIcEEELb0EE7_M_headERKS7_
FN:249,_ZNSt10_Head_baseILy0EPNSt7__cxx1112basic_stringIcSt11char_traitsIcESaIcEEELb0EE7_M_headERKS7_
FNDA:0,_ZNSt10_Head_baseILy0EPNSt7__cxx1112basic_stringIcSt11char_traitsIcESaIcEEELb0EE7_M_headERKS7_
FN:291,_ZNSt11_Tuple_implILy0EJPNSt7__cxx1118basic_stringstreamIcSt11char_traitsIcESaIcEEESt14default_deleteIS5_EEE7_M_headERS9_
FNDA:1422,_ZNSt11_Tuple_implILy0EJPNSt7__cxx1118basic_stringstreamIcSt11char_traitsIcESaIcEEESt14default_deleteIS5_EEE7_M_headERS9_
FN:291,_ZNSt11_Tuple_implILy0EJP19TVChannelControllerSt14default_deleteIS0_EEE7_M_headERS4_
FNDA:77,_ZNSt11_Tuple_implILy0EJP19TVChannelControllerSt14default_deleteIS0_EEE7_M_headERS4_
FN:291,_ZNSt11_Tuple_implILy0EJP9FakeTunerSt14default_deleteIS0_EEE7_M_headERS4_
FNDA:77,_ZNSt11_Tuple_implILy0EJP9FakeTunerSt14default_deleteIS0_EEE7_M_headERS4_
FN:291,_ZNSt11_Tuple_implILy0EJPNSt7__cxx1112basic_stringIcSt11char_traitsIcESaIcEEESt14default_deleteIS5_EEE7_M_headERS9_
FNDA:14,_ZNSt11_Tuple_implILy0EJPNSt7__cxx1112basic_stringIcSt11char_traitsIcESaIcEEESt14default_deleteIS5_EEE7_M_headERS9_
FN:294,_ZNSt11_Tuple_implILy0EJPNSt7__cxx1112basic_stringIcSt11char_traitsIcESaIcEEESt14default_deleteIS5_EEE7_M_headERKS9_
FNDA:0,_ZNSt11_Tuple_implILy0EJPNSt7__cxx1112basic_stringIcSt11char_traitsIcESaIcEEESt14default_deleteIS5_EEE7_M_headERKS9_
FN:294,_ZNSt11_Tuple_implILy0EJPNSt7__cxx1118basic_stringstreamIcSt11char_traitsIcESaIcEEESt14default_deleteIS5_EEE7_M_headERKS9_
FNDA:14979,_ZNSt11_Tuple_implILy0EJPNSt7__cxx1118basic_stringstreamIcSt11char_traitsIcESaIcEEESt14default_deleteIS5_EEE7_M_headERKS9_
FN:294,_ZNSt11_Tuple_implILy0EJP19TVChannelControllerSt14default_deleteIS0_EEE7_M_headERKS4_
FNDA:34,_ZNSt11_Tuple_implILy0EJP19TVChannelControllerSt14default_deleteIS0_EEE7_M_headERKS4_
FN:294,_ZNSt11_Tuple_implILy0EJP9FakeTunerSt14default_deleteIS0_EEE7_M_headERKS4_
FNDA:40,_ZNSt11_Tuple_implILy0EJP9FakeTunerSt14default_deleteIS0_EEE7_M_headERKS4_
FN:302,_ZNSt11_Tuple_implILy0EJP9FakeTunerSt14default_deleteIS0_EEEC2Ev
FNDA:22,_ZNSt11_Tuple_implILy0EJP9FakeTunerSt14default_deleteIS0_EEEC2Ev
FN:302,_ZNSt11_Tuple_implILy0EJPNSt7__cxx1112basic_stringIcSt11char_traitsIcESaIcEEESt14default_deleteIS5_EEEC2Ev
FNDA:14,_ZNSt11_Tuple_implILy0EJPNSt7__cxx1112basic_stringIcSt11char_traitsIcESaIcEEESt14default_deleteIS5_EEEC2Ev
FN:302,_ZNSt11_Tuple_implILy0EJP19TVChannelControllerSt14default_deleteIS0_EEEC2Ev
FNDA:22,_ZNSt11_Tuple_implILy0EJP19TVChannelControllerSt14default_deleteIS0_EEEC2Ev
FN:554,_ZNSt11_Tuple_implILy1EJSt14default_deleteINSt7__cxx1112basic_stringIcSt11char_traitsIcESaIcEEEEEE7_M_headERS8_
FNDA:0,_ZNSt11_Tuple_implILy1EJSt14default_deleteINSt7__cxx1112basic_stringIcSt11char_traitsIcESaIcEEEEEE7_M_headERS8_
FN:554,_ZNSt11_Tuple_implILy1EJSt14default_deleteI9FakeTunerEEE7_M_headERS3_
FNDA:33,_ZNSt11_Tuple_implILy1EJSt14default_deleteI9FakeTunerEEE7_M_headERS3_
FN:554,_ZNSt11_Tuple_implILy1EJSt14default_deleteI19TVChannelControllerEEE7_M_headERS3_
FNDA:33,_ZNSt11_Tuple_implILy1EJSt14default_deleteI19TVChannelControllerEEE7_M_headERS3_
FN:554,_ZNSt11_Tuple_implILy1EJSt14default_deleteINSt7__cxx1118basic_stringstreamIcSt11char_traitsIcESaIcEEEEEE7_M_headERS8_
FNDA:711,_ZNSt11_Tuple_implILy1EJSt14default_deleteINSt7__cxx1118basic_stringstreamIcSt11char_traitsIcESaIcEEEEEE7_M_headERS8_
FN:560,_ZNSt11_Tuple_implILy1EJSt14default_deleteINSt7__cxx1112basic_stringIcSt11char_traitsIcESaIcEEEEEEC2Ev
FNDA:14,_ZNSt11_Tuple_implILy1EJSt14default_deleteINSt7__cxx1112basic_stringIcSt11char_traitsIcESaIcEEEEEEC2Ev
FN:560,_ZNSt11_Tuple_implILy1EJSt14default_deleteI9FakeTunerEEEC2Ev
FNDA:22,_ZNSt11_Tuple_implILy1EJSt14default_deleteI9FakeTunerEEEC2Ev
FN:560,_ZNSt11_Tuple_implILy1EJSt14default_deleteI19TVChannelControllerEEEC2Ev
FNDA:22,_ZNSt11_Tuple_implILy1EJSt14default_deleteI19TVChannelControllerEEEC2Ev
FN:2090,_ZNSt5tupleIJPNSt7__cxx1112basic_stringIcSt11char_traitsIcESaIcEEESt14default_deleteIS5_EEEC1ILb1ELb1EEEv
FNDA:14,_ZNSt5tupleIJPNSt7__cxx1112basic_stringIcSt11char_traitsIcESaIcEEESt14default_deleteIS5_EEEC1ILb1ELb1EEEv
FN:2090,_ZNSt5tupleIJP9FakeTunerSt14default_deleteIS0_EEEC1ILb1ELb1EEEv
FNDA:22,_ZNSt5tupleIJP9FakeTunerSt14default_deleteIS0_EEEC1ILb1ELb1EEEv
FN:2090,_ZNSt5tupleIJP19TVChannelControllerSt14default_deleteIS0_EEEC1ILb1ELb1EEEv
FNDA:22,_ZNSt5tupleIJP19TVChannelControllerSt14default_deleteIS0_EEEC1ILb1ELb1EEEv
FN:2428,_ZSt12__get_helperILy0EP9FakeTunerJSt14default_deleteIS0_EEERT0_RSt11_Tuple_implIXT_EJS4_DpT1_EE
FNDA:77,_ZSt12__get_helperILy0EP9FakeTunerJSt14default_deleteIS0_EEERT0_RSt11_Tuple_implIXT_EJS4_DpT1_EE
FN:2428,_ZSt12__get_helperILy0EPNSt7__cxx1118basic_stringstreamIcSt11char_traitsIcESaIcEEEJSt14default_deleteIS5_EEERT0_RSt11_Tuple_implIXT_EJS9_DpT1_EE
FNDA:1422,_ZSt12__get_helperILy0EPNSt7__cxx1118basic_stringstreamIcSt11char_traitsIcESaIcEEEJSt14default_deleteIS5_EEERT0_RSt11_Tuple_implIXT_EJS9_DpT1_EE
FN:2428,_ZSt12__get_helperILy0EPNSt7__cxx1112basic_stringIcSt11char_traitsIcESaIcEEEJSt14default_deleteIS5_EEERT0_RSt11_Tuple_implIXT_EJS9_DpT1_EE
FNDA:14,_ZSt12__get_helperILy0EPNSt7__cxx1112basic_stringIcSt11char_traitsIcESaIcEEEJSt14default_deleteIS5_EEERT0_RSt11_Tuple_implIXT_EJS9_DpT1_EE
FN:2428,_ZSt12__get_helperILy1ESt14default_deleteINSt7__cxx1112basic_stringIcSt11char_traitsIcESaIcEEEEJEERT0_RSt11_Tuple_implIXT_EJS8_DpT1_EE
FNDA:0,_ZSt12__get_helperILy1ESt14default_deleteINSt7__cxx1112basic_stringIcSt11char_traitsIcESaIcEEEEJEERT0_RSt11_Tuple_implIXT_EJS8_DpT1_EE
FN:2428,_ZSt12__get_helperILy1ESt14default_deleteI9FakeTunerEJEERT0_RSt11_Tuple_implIXT_EJS3_DpT1_EE
FNDA:33,_ZSt12__get_helperILy1ESt14default_deleteI9FakeTunerEJEERT0_RSt11_Tuple_implIXT_EJS3_DpT1_EE
FN:2428,_ZSt12__get_helperILy1ESt14default_deleteI19TVChannelControllerEJEERT0_RSt11_Tuple_implIXT_EJS3_DpT1_EE
FNDA:33,_ZSt12__get_helperILy1ESt14default_deleteI19TVChannelControllerEJEERT0_RSt11_Tuple_implIXT_EJS3_DpT1_EE
FN:2428,_ZSt12__get_helperILy1ESt14default_deleteINSt7__cxx1118basic_stringstreamIcSt11char_traitsIcESaIcEEEEJEERT0_RSt11_Tuple_implIXT_EJS8_DpT1_EE
FNDA:711,_ZSt12__get_helperILy1ESt14default_deleteINSt7__cxx1118basic_stringstreamIcSt11char_traitsIcESaIcEEEEJEERT0_RSt11_Tuple_implIXT_EJS8_DpT1_EE
FN:2428,_ZSt12__get_helperILy0EP19TVChannelControllerJSt14default_deleteIS0_EEERT0_RSt11_Tuple_implIXT_EJS4_DpT1_EE
FNDA:77,_ZSt12__get_helperILy0EP19TVChannelControllerJSt14default_deleteIS0_EEERT0_RSt11_Tuple_implIXT_EJS4_DpT1_EE
FN:2433,_ZSt12__get_helperILy0EP9FakeTunerJSt14default_deleteIS0_EEERKT0_RKSt11_Tuple_implIXT_EJS4_DpT1_EE
FNDA:40,_ZSt12__get_helperILy0EP9FakeTunerJSt14default_deleteIS0_EEERKT0_RKSt11_Tuple_implIXT_EJS4_DpT1_EE
FN:2433,_ZSt12__get_helperILy0EPNSt7__cxx1118basic_stringstreamIcSt11char_traitsIcESaIcEEEJSt14default_deleteIS5_EEERKT0_RKSt11_Tuple_implIXT_EJS9_DpT1_EE
FNDA:14979,_ZSt12__get_helperILy0EPNSt7__cxx1118basic_stringstreamIcSt11char_traitsIcESaIcEEEJSt14default_deleteIS5_EEERKT0_RKSt11_Tuple_implIXT_EJS9_DpT1_EE
FN:2433,_ZSt12__get_helperILy0EPNSt7__cxx1112basic_stringIcSt11char_traitsIcESaIcEEEJSt14default_deleteIS5_EEERKT0_RKSt11_Tuple_implIXT_EJS9_DpT1_EE
FNDA:0,_ZSt12__get_helperILy0EPNSt7__cxx1112basic_stringIcSt11char_traitsIcESaIcEEEJSt14default_deleteIS5_EEERKT0_RKSt11_Tuple_implIXT_EJS9_DpT1_EE
FN:2433,_ZSt12__get_helperILy0EP19TVChannelControllerJSt14default_deleteIS0_EEERKT0_RKSt11_Tuple_implIXT_EJS4_DpT1_EE
FNDA:34,_ZSt12__get_helperILy0EP19TVChannelControllerJSt14default_deleteIS0_EEERKT0_RKSt11_Tuple_implIXT_EJS4_DpT1_EE
FN:2444,_ZSt3getILy0EJPNSt7__cxx1118basic_stringstreamIcSt11char_traitsIcESaIcEEESt14default_deleteIS5_EEERNSt13tuple_elementIXT_ESt5tupleIJDpT0_EEE4typeERSD_
FNDA:1422,_ZSt3getILy0EJPNSt7__cxx1118basic_stringstreamIcSt11char_traitsIcESaIcEEESt14default_deleteIS5_EEERNSt13tuple_elementIXT_ESt5tupleIJDpT0_EEE4typeERSD_
FN:2444,_ZSt3getILy0EJPNSt7__cxx1112basic_stringIcSt11char_traitsIcESaIcEEESt14default_deleteIS5_EEERNSt13tuple_elementIXT_ESt5tupleIJDpT0_EEE4typeERSD_
FNDA:14,_ZSt3getILy0EJPNSt7__cxx1112basic_stringIcSt11char_traitsIcESaIcEEESt14default_deleteIS5_EEERNSt13tuple_elementIXT_ESt5tupleIJDpT0_EEE4typeERSD_
FN:2444,_ZSt3getILy1EJPNSt7__cxx1112basic_stringIcSt11char_traitsIcESaIcEEESt14default_deleteIS5_EEERNSt13tuple_elementIXT_ESt5tupleIJDpT0_EEE4typeERSD_
FNDA:0,_ZSt3getILy1EJPNSt7__cxx1112basic_stringIcSt11char_traitsIcESaIcEEESt14default_deleteIS5_EEERNSt13tuple_elementIXT_ESt5tupleIJDpT0_EEE4typeERSD_
FN:2444,_ZSt3getILy1EJPNSt7__cxx1118basic_stringstreamIcSt11char_traitsIcESaIcEEESt14default_deleteIS5_EEERNSt13tuple_elementIXT_ESt5tupleIJDpT0_EEE4typeERSD_
FNDA:711,_ZSt3getILy1EJPNSt7__cxx1118basic_stringstreamIcSt11char_traitsIcESaIcEEESt14default_deleteIS5_EEERNSt13tuple_elementIXT_ESt5tupleIJDpT0_EEE4typeERSD_
FN:2444,_ZSt3getILy1EJP19TVChannelControllerSt14default_deleteIS0_EEERNSt13tuple_elementIXT_ESt5tupleIJDpT0_EEE4typeERS8_
FNDA:33,_ZSt3getILy1EJP19TVChannelControllerSt14default_deleteIS0_EEERNSt13tuple_elementIXT_ESt5tupleIJDpT0_EEE4typeERS8_
FN:2444,_ZSt3getILy0EJP19TVChannelControllerSt14default_deleteIS0_EEERNSt13tuple_elementIXT_ESt5tupleIJDpT0_EEE4typeERS8_
FNDA:77,_ZSt3getILy0EJP19TVChannelControllerSt14default_deleteIS0_EEERNSt13tuple_elementIXT_ESt5tupleIJDpT0_EEE4typeERS8_
FN:2444,_ZSt3getILy1EJP9FakeTunerSt14default_deleteIS0_EEERNSt13tuple_elementIXT_ESt5tupleIJDpT0_EEE4typeERS8_
FNDA:33,_ZSt3getILy1EJP9FakeTunerSt14default_deleteIS0_EEERNSt13tuple_elementIXT_ESt5tupleIJDpT0_EEE4typeERS8_
FN:2444,_ZSt3getILy0EJP9FakeTunerSt14default_deleteIS0_EEERNSt13tuple_elementIXT_ESt5tupleIJDpT0_EEE4typeERS8_
FNDA:77,_ZSt3getILy0EJP9FakeTunerSt14default_deleteIS0_EEERNSt13tuple_elementIXT_ESt5tupleIJDpT0_EEE4typeERS8_
FN:2450,_ZSt3getILy0EJPNSt7__cxx1118basic_stringstreamIcSt11char_traitsIcESaIcEEESt14default_deleteIS5_EEERKNSt13tuple_elementIXT_ESt5tupleIJDpT0_EEE4typeERKSD_
FNDA:14979,_ZSt3getILy0EJPNSt7__cxx1118basic_stringstreamIcSt11char_traitsIcESaIcEEESt14default_deleteIS5_EEERKNSt13tuple_elementIXT_ESt5tupleIJDpT0_EEE4typeERKSD_
FN:2450,_ZSt3getILy0EJPNSt7__cxx1112basic_stringIcSt11char_traitsIcESaIcEEESt14default_deleteIS5_EEERKNSt13tuple_elementIXT_ESt5tupleIJDpT0_EEE4typeERKSD_
FNDA:0,_ZSt3getILy0EJPNSt7__cxx1112basic_stringIcSt11char_traitsIcESaIcEEESt14default_deleteIS5_EEERKNSt13tuple_elementIXT_ESt5tupleIJDpT0_EEE4typeERKSD_
FN:2450,_ZSt3getILy0EJP19TVChannelControllerSt14default_deleteIS0_EEERKNSt13tuple_elementIXT_ESt5tupleIJDpT0_EEE4typeERKS8_
FNDA:34,_ZSt3getILy0EJP19TVChannelControllerSt14default_deleteIS0_EEERKNSt13tuple_elementIXT_ESt5tupleIJDpT0_EEE4typeERKS8_
FN:2450,_ZSt3getILy0EJP9FakeTunerSt14default_deleteIS0_EEERKNSt13tuple_elementIXT_ESt5tupleIJDpT0_EEE4typeERKS8_
FNDA:40,_ZSt3getILy0EJP9FakeTunerSt14default_deleteIS0_EEERKNSt13tuple_elementIXT_ESt5tupleIJDpT0_EEE4typeERKS8_
DA:93,22
DA:94,22
DA:93,22
DA:94,22
DA:93,14
DA:94,14
DA:137,711
DA:137,33
DA:137,33
DA:137,0
DA:202,22
DA:203,22
DA:202,22
DA:203,22
DA:202,14
DA:203,14
DA:246,77
DA:246,77
DA:246,14
DA:246,1422
DA:249,34
DA:249,40
DA:249,0
DA:249,14979
DA:291,77
DA:291,77
DA:291,14
DA:291,1422
DA:294,34
DA:294,40
DA:294,0
DA:294,14979
DA:302,22
DA:303,22
DA:302,22
DA:303,22
DA:302,14
DA:303,14
DA:554,711
DA:554,33
DA:554,33
DA:554,0
DA:560,22
DA:561,22
DA:560,22
DA:561,22
DA:560,14
DA:561,14
DA:2090,22
DA:2092,22
DA:2090,22
DA:2092,22
DA:2090,14
DA:2092,14
DA:2428,711
DA:2429,711
DA:2428,33
DA:2429,33
DA:2428,77
DA:2429,77
DA:2428,33
DA:2429,33
DA:2428,77
DA:2429,77
DA:2428,0
DA:2429,0
DA:2428,14
DA:2429,14
DA:2428,1422
DA:2429,1422
DA:2433,34
DA:2434,34
DA:2433,40
DA:2434,40
DA:2433,0
DA:2434,0
DA:2433,14979
DA:2434,14979
DA:2444,711
DA:2445,711
DA:2444,33
DA:2445,33
DA:2444,77
DA:2445,77
DA:2444,33
DA:2445,33
DA:2444,77
DA:2445,77
DA:2444,0
DA:2445,0
DA:2444,14
DA:2445,14
DA:2444,1422
DA:2445,1422
DA:2450,34
DA:2451,34
DA:2450,40
DA:2451,40
DA:2450,0
DA:2451,0
DA:2450,14979
DA:2451,14979
end_of_record
SF:C:\mingw64\include\c++\15.2.0\bits\stl_iterator_base_types.h
DA:242,1225
end_of_record
SF:C:\mingw64\include\c++\15.2.0\bits\charconv.h
FN:57,_ZNSt8__detail14__to_chars_lenIjEEjT_i
FNDA:31,_ZNSt8__detail14__to_chars_lenIjEEjT_i
FN:83,_ZNSt8__detail18__to_chars_10_implIjEEvPcjT_
FNDA:31,_ZNSt8__detail18__to_chars_10_implIjEEvPcjT_
DA:57,31
DA:63,31
DA:64,31
DA:65,31
DA:66,31
DA:69,31
DA:70,17
DA:71,0
DA:72,0
DA:73,0
DA:74,0
DA:83,31
DA:89,31
DA:95,31
DA:96,31
DA:98,0
DA:99,0
DA:100,0
DA:101,0
DA:102,0
DA:104,31
DA:106,17
DA:107,17
DA:108,17
DA:111,14
DA:112,31
end_of_record
SF:C:\mingw64\include\c++\15.2.0\bits\stl_vector.h
FN:105,_ZNSt12_Vector_baseIiSaIiEE17_Vector_impl_dataC2Ev
FNDA:49,_ZNSt12_Vector_baseIiSaIiEE17_Vector_impl_dataC2Ev
FN:111,_ZNSt12_Vector_baseIiSaIiEE17_Vector_impl_dataC2EOS2_
FNDA:22,_ZNSt12_Vector_baseIiSaIiEE17_Vector_impl_dataC2EOS2_
FN:143,_ZNSt12_Vector_baseIiSaIiEE12_Vector_implC1Ev
FNDA:35,_ZNSt12_Vector_baseIiSaIiEE12_Vector_implC1Ev
FN:152,_ZNSt12_Vector_baseIiSaIiEE12_Vector_implC1ERKS0_
FNDA:14,_ZNSt12_Vector_baseIiSaIiEE12_Vector_implC1ERKS0_
FN:160,_ZNSt12_Vector_baseIiSaIiEE12_Vector_implC1EOS2_
FNDA:22,_ZNSt12_Vector_baseIiSaIiEE12_Vector_implC1EOS2_
FN:307,_ZNSt12_Vector_baseIiSaIiEE19_M_get_Tp_allocatorEv
FNDA:163,_ZNSt12_Vector_baseIiSaIiEE19_M_get_Tp_allocatorEv
FN:312,_ZNKSt12_Vector_baseIiSaIiEE19_M_get_Tp_allocatorEv
FNDA:162,_ZNKSt12_Vector_baseIiSaIiEE19_M_get_Tp_allocatorEv
FN:321,_ZNSt12_Vector_baseIiSaIiEEC2Ev
FNDA:35,_ZNSt12_Vector_baseIiSaIiEEC2Ev
FN:327,_ZNSt12_Vector_baseIiSaIiEEC2ERKS0_
FNDA:14,_ZNSt12_Vector_baseIiSaIiEEC2ERKS0_
FN:344,_ZNSt12_Vector_baseIiSaIiEEC2EOS1_
FNDA:22,_ZNSt12_Vector_baseIiSaIiEEC2EOS1_
FN:373,_ZNSt12_Vector_baseIiSaIiEED2Ev
FNDA:47,_ZNSt12_Vector_baseIiSaIiEED2Ev
FN:384,_ZNSt12_Vector_baseIiSaIiEE11_M_allocateEy
FNDA:95,_ZNSt12_Vector_baseIiSaIiEE11_M_allocateEy
FN:392,_ZNSt12_Vector_baseIiSaIiEE13_M_deallocateEPiy
FNDA:99,_ZNSt12_Vector_baseIiSaIiEE13_M_deallocateEPiy
FN:534,_ZNSt6vectorIiSaIiEE11_S_relocateEPiS2_S2_RS0_
FNDA:81,_ZNSt6vectorIiSaIiEE11_S_relocateEPiS2_S2_RS0_
FN:561,_ZNSt6vectorIiSaIiEEC1Ev
FNDA:35,_ZNSt6vectorIiSaIiEEC1Ev
FN:650,_ZNSt6vectorIiSaIiEEC1EOS1_
FNDA:22,_ZNSt6vectorIiSaIiEEC1EOS1_
FN:708,_ZNSt6vectorIiSaIiEEC1ESt16initializer_listIiERKS0_
FNDA:11,_ZNSt6vectorIiSaIiEEC1ESt16initializer_listIiERKS0_
FN:736,_ZNSt6vectorIiSaIiEEC1ISt23_Rb_tree_const_iteratorIiEvEET_S5_RKS0_
FNDA:3,_ZNSt6vectorIiSaIiEEC1ISt23_Rb_tree_const_iteratorIiEvEET_S5_RKS0_
FN:800,_ZNSt6vectorIiSaIiEED1Ev
FNDA:47,_ZNSt6vectorIiSaIiEED1Ev
FN:998,_ZNSt6vectorIiSaIiEE5beginEv
FNDA:87,_ZNSt6vectorIiSaIiEE5beginEv
FN:1008,_ZNKSt6vectorIiSaIiEE5beginEv
FNDA:155,_ZNKSt6vectorIiSaIiEE5beginEv
FN:1018,_ZNSt6vectorIiSaIiEE3endEv
FNDA:231,_ZNSt6vectorIiSaIiEE3endEv
FN:1028,_ZNKSt6vectorIiSaIiEE3endEv
FNDA:160,_ZNKSt6vectorIiSaIiEE3endEv
FN:1117,_ZNKSt6vectorIiSaIiEE4sizeEv
FNDA:1065,_ZNKSt6vectorIiSaIiEE4sizeEv
FN:1128,_ZNKSt6vectorIiSaIiEE8max_sizeEv
FNDA:162,_ZNKSt6vectorIiSaIiEE8max_sizeEv
FN:1223,_ZNKSt6vectorIiSaIiEE5emptyEv
FNDA:150,_ZNKSt6vectorIiSaIiEE5emptyEv
FN:1344,_ZNSt6vectorIiSaIiEE5frontEv
FNDA:0,_ZNSt6vectorIiSaIiEE5frontEv
FN:1416,_ZNSt6vectorIiSaIiEE9push_backERKi
FNDA:12,_ZNSt6vectorIiSaIiEE9push_backERKi
FN:1863,_ZNSt6vectorIiSaIiEE5clearEv
FNDA:7,_ZNSt6vectorIiSaIiEE5clearEv
FN:1875,_ZNSt6vectorIiSaIiEE12_Guard_allocC1EPiyRSt12_Vector_baseIiS0_E
FNDA:81,_ZNSt6vectorIiSaIiEE12_Guard_allocC1EPiyRSt12_Vector_baseIiS0_E
FN:1880,_ZNSt6vectorIiSaIiEE12_Guard_allocD1Ev
FNDA:81,_ZNSt6vectorIiSaIiEE12_Guard_allocD1Ev
FN:1971,_ZNSt6vectorIiSaIiEE19_M_range_initializeISt23_Rb_tree_const_iteratorIiEEEvT_S5_St20forward_iterator_tag
FNDA:3,_ZNSt6vectorIiSaIiEE19_M_range_initializeISt23_Rb_tree_const_iteratorIiEEEvT_S5_St20forward_iterator_tag
FN:1981,_ZNSt6vectorIiSaIiEE21_M_range_initialize_nIPKiS4_EEvT_T0_y
FNDA:11,_ZNSt6vectorIiSaIiEE21_M_range_initialize_nIPKiS4_EEvT_T0_y
FN:1981,_ZNSt6vectorIiSaIiEE21_M_range_initialize_nISt23_Rb_tree_const_iteratorIiES4_EEvT_T0_y
FNDA:3,_ZNSt6vectorIiSaIiEE21_M_range_initialize_nISt23_Rb_tree_const_iteratorIiES4_EEvT_T0_y
FN:2197,_ZNKSt6vectorIiSaIiEE12_M_check_lenEyPKc
FNDA:81,_ZNKSt6vectorIiSaIiEE12_M_check_lenEyPKc
FN:2208,_ZNSt6vectorIiSaIiEE17_S_check_init_lenEyRKS0_
FNDA:14,_ZNSt6vectorIiSaIiEE17_S_check_init_lenEyRKS0_
FN:2217,_ZNSt6vectorIiSaIiEE11_S_max_sizeERKS0_
FNDA:176,_ZNSt6vectorIiSaIiEE11_S_max_sizeERKS0_
FN:2234,_ZNSt6vectorIiSaIiEE15_M_erase_at_endEPi
FNDA:7,_ZNSt6vectorIiSaIiEE15_M_erase_at_endEPi
DA:105,49
DA:106,49
DA:107,49
DA:111,22
DA:112,22
DA:113,22
DA:114,22
DA:143,35
DA:148,35
DA:149,35
DA:152,14
DA:153,14
DA:154,14
DA:160,22
DA:161,66
DA:162,22
DA:307,163
DA:308,163
DA:312,162
DA:313,162
DA:321,35
DA:327,14
DA:328,14
DA:344,22
DA:373,47
DA:375,47
DA:376,47
DA:377,47
DA:384,95
DA:387,189
DA:392,99
DA:395,99
DA:396,70
DA:397,99
DA:534,81
DA:539,81
DA:561,35
DA:650,22
DA:708,11
DA:710,11
DA:712,11
DA:713,11
DA:736,3
DA:738,3
DA:751,3
DA:752,3
DA:753,3
DA:800,47
DA:802,47
DA:803,47
DA:805,47
DA:998,87
DA:999,87
DA:1008,155
DA:1009,155
DA:1018,231
DA:1019,231
DA:1028,160
DA:1029,160
DA:1117,1065
DA:1119,1065
DA:1120,1065
DA:1121,0
DA:1122,1065
DA:1128,162
DA:1129,162
DA:1223,150
DA:1224,300
DA:1344,0
DA:1346,0
DA:1347,0
DA:1416,12
DA:1418,12
DA:1421,3
DA:1423,3
DA:1427,9
DA:1428,12
DA:1863,7
DA:1864,7
DA:1875,81
DA:1876,81
DA:1877,81
DA:1880,81
DA:1882,81
DA:1883,52
DA:1884,81
DA:1971,3
DA:1974,3
DA:1975,3
DA:1976,3
DA:1981,3
DA:1985,3
DA:1986,3
DA:1987,3
DA:1989,3
DA:1990,3
DA:1991,3
DA:1981,11
DA:1985,11
DA:1986,11
DA:1987,11
DA:1989,11
DA:1990,11
DA:1991,11
DA:2197,81
DA:2199,81
DA:2200,0
DA:2202,81
DA:2203,81
DA:2208,14
DA:2210,14
DA:2211,0
DA:2213,14
DA:2217,176
DA:2222,176
DA:2224,176
DA:2225,176
DA:2234,7
DA:2236,7
DA:2238,7
DA:2239,7
DA:2240,7
DA:2243,7
end_of_record
SF:C:\DEV\TDD_TV_11\build\_deps\googletest-src\googletest\include\gtest\gtest.h
FN:255,_ZN7testing4Test14SetUpTestSuiteEv
FNDA:0,_ZN7testing4Test14SetUpTestSuiteEv
FN:263,_ZN7testing4Test17TearDownTestSuiteEv
FNDA:0,_ZN7testing4Test17TearDownTestSuiteEv
FN:268,_ZN7testing4Test16TearDownTestCaseEv
FNDA:0,_ZN7testing4Test16TearDownTestCaseEv
FN:269,_ZN7testing4Test13SetUpTestCaseEv
FNDA:0,_ZN7testing4Test13SetUpTestCaseEv
FN:356,_ZN7testing4Test5SetupEv
FNDA:0,_ZN7testing4Test5SetupEv
FN:1374,_ZN7testing8internal18CmpHelperEQFailureIN9__gnu_cxx17__normal_iteratorIPKiSt6vectorIiSaIiEEEES9_EENS_15AssertionResultEPKcSC_RKT_RKT0_
FNDA:0,_ZN7testing8internal18CmpHelperEQFailureIN9__gnu_cxx17__normal_iteratorIPKiSt6vectorIiSaIiEEEES9_EENS_15AssertionResultEPKcSC_RKT_RKT0_
FN:1374,_ZN7testing8internal18CmpHelperEQFailureIA2_cNSt7__cxx1112basic_stringIcSt11char_traitsIcESaIcEEEEENS_15AssertionResultEPKcSB_RKT_RKT0_
FNDA:0,_ZN7testing8internal18CmpHelperEQFailureIA2_cNSt7__cxx1112basic_stringIcSt11char_traitsIcESaIcEEEEENS_15AssertionResultEPKcSB_RKT_RKT0_
FN:1374,_ZN7testing8internal18CmpHelperEQFailureIA3_cNSt7__cxx1112basic_stringIcSt11char_traitsIcESaIcEEEEENS_15AssertionResultEPKcSB_RKT_RKT0_
FNDA:0,_ZN7testing8internal18CmpHelperEQFailureIA3_cNSt7__cxx1112basic_stringIcSt11char_traitsIcESaIcEEEEENS_15AssertionResultEPKcSB_RKT_RKT0_
FN:1374,_ZN7testing8internal18CmpHelperEQFailureIjyEENS_15AssertionResultEPKcS4_RKT_RKT0_
FNDA:0,_ZN7testing8internal18CmpHelperEQFailureIjyEENS_15AssertionResultEPKcS4_RKT_RKT0_
FN:1391,_ZN7testing8internal11CmpHelperEQIA3_cNSt7__cxx1112basic_stringIcSt11char_traitsIcESaIcEEEEENS_15AssertionResultEPKcSB_RKT_RKT0_
FNDA:4,_ZN7testing8internal11CmpHelperEQIA3_cNSt7__cxx1112basic_stringIcSt11char_traitsIcESaIcEEEEENS_15AssertionResultEPKcSB_RKT_RKT0_
FN:1391,_ZN7testing8internal11CmpHelperEQIA2_cNSt7__cxx1112basic_stringIcSt11char_traitsIcESaIcEEEEENS_15AssertionResultEPKcSB_RKT_RKT0_
FNDA:4,_ZN7testing8internal11CmpHelperEQIA2_cNSt7__cxx1112basic_stringIcSt11char_traitsIcESaIcEEEEENS_15AssertionResultEPKcSB_RKT_RKT0_
FN:1391,_ZN7testing8internal11CmpHelperEQIN9__gnu_cxx17__normal_iteratorIPKiSt6vectorIiSaIiEEEES9_EENS_15AssertionResultEPKcSC_RKT_RKT0_
FNDA:1,_ZN7testing8internal11CmpHelperEQIN9__gnu_cxx17__normal_iteratorIPKiSt6vectorIiSaIiEEEES9_EENS_15AssertionResultEPKcSC_RKT_RKT0_
FN:1391,_ZN7testing8internal11CmpHelperEQIjyEENS_15AssertionResultEPKcS4_RKT_RKT0_
FNDA:1,_ZN7testing8internal11CmpHelperEQIjyEENS_15AssertionResultEPKcS4_RKT_RKT0_
FN:1410,_ZN7testing8internal8EqHelper7CompareIjyLPv0EEENS_15AssertionResultEPKcS6_RKT_RKT0_
FNDA:1,_ZN7testing8internal8EqHelper7CompareIjyLPv0EEENS_15AssertionResultEPKcS6_RKT_RKT0_
FN:1410,_ZN7testing8internal8EqHelper7CompareIN9__gnu_cxx17__normal_iteratorIPKiSt6vectorIiSaIiEEEESA_LPv0EEENS_15AssertionResultEPKcSE_RKT_RKT0_
FNDA:1,_ZN7testing8internal8EqHelper7CompareIN9__gnu_cxx17__normal_iteratorIPKiSt6vectorIiSaIiEEEESA_LPv0EEENS_15AssertionResultEPKcSE_RKT_RKT0_
FN:1410,_ZN7testing8internal8EqHelper7CompareIA3_cNSt7__cxx1112basic_stringIcSt11char_traitsIcESaIcEEELPv0EEENS_15AssertionResultEPKcSD_RKT_RKT0_
FNDA:4,_ZN7testing8internal8EqHelper7CompareIA3_cNSt7__cxx1112basic_stringIcSt11char_traitsIcESaIcEEELPv0EEENS_15AssertionResultEPKcSD_RKT_RKT0_
FN:1410,_ZN7testing8internal8EqHelper7CompareIA2_cNSt7__cxx1112basic_stringIcSt11char_traitsIcESaIcEEELPv0EEENS_15AssertionResultEPKcSD_RKT_RKT0_
FNDA:4,_ZN7testing8internal8EqHelper7CompareIA2_cNSt7__cxx1112basic_stringIcSt11char_traitsIcESaIcEEELPv0EEENS_15AssertionResultEPKcSD_RKT_RKT0_
FN:1443,_ZN7testing8internal18CmpHelperOpFailureIN9__gnu_cxx17__normal_iteratorIPKiSt6vectorIiSaIiEEEES9_EENS_15AssertionResultEPKcSC_RKT_RKT0_SC_
FNDA:0,_ZN7testing8internal18CmpHelperOpFailureIN9__gnu_cxx17__normal_iteratorIPKiSt6vectorIiSaIiEEEES9_EENS_15AssertionResultEPKcSC_RKT_RKT0_SC_
FN:1472,_ZN7testing8internal11CmpHelperNEIN9__gnu_cxx17__normal_iteratorIPKiSt6vectorIiSaIiEEEES9_EENS_15AssertionResultEPKcSC_RKT_RKT0_
FNDA:4,_ZN7testing8internal11CmpHelperNEIN9__gnu_cxx17__normal_iteratorIPKiSt6vectorIiSaIiEEEES9_EENS_15AssertionResultEPKcSC_RKT_RKT0_
DA:255,0
DA:263,0
DA:268,0
DA:269,0
DA:356,0
DA:1374,0
DA:1378,0
DA:1379,0
DA:1374,0
DA:1378,0
DA:1379,0
DA:1374,0
DA:1378,0
DA:1379,0
DA:1374,0
DA:1378,0
DA:1379,0
DA:1391,1
DA:1394,1
DA:1395,1
DA:1398,0
DA:1391,1
DA:1394,1
DA:1395,1
DA:1398,0
DA:1391,4
DA:1394,4
DA:1395,4
DA:1398,0
DA:1391,4
DA:1394,4
DA:1395,4
DA:1398,0
DA:1410,1
DA:1413,1
DA:1410,1
DA:1413,1
DA:1410,4
DA:1413,4
DA:1410,4
DA:1413,4
DA:1443,0
DA:1446,0
DA:1447,0
DA:1448,0
DA:1449,0
DA:1472,8
end_of_record
SF:C:\DEV\TDD_TV_11\include\TVChannelController.h
FN:15,_ZN19TVChannelController11applyBufferEv
FNDA:6,_ZN19TVChannelController11applyBufferEv
FN:30,_ZN19TVChannelControllerC1ER5Tuner
FNDA:11,_ZN19TVChannelControllerC1ER5Tuner
FN:33,_ZN19TVChannelController11pressNumberEi
FNDA:12,_ZN19TVChannelController11pressNumberEi
FN:51,_ZN19TVChannelController12pressConfirmEv
FNDA:1,_ZN19TVChannelController12pressConfirmEv
FN:53,_ZN19TVChannelController10pressOtherEv
FNDA:1,_ZN19TVChannelController10pressOtherEv
FN:56,_ZN19TVChannelController13pressFavoriteEv
FNDA:8,_ZN19TVChannelController13pressFavoriteEv
FN:68,_ZN19TVChannelController11addFavoriteEi
FNDA:6,_ZN19TVChannelController11addFavoriteEi
FN:70,_ZNK19TVChannelController19getFavoriteChannelsEv
FNDA:3,_ZNK19TVChannelController19getFavoriteChannelsEv
FN:75,_ZN19TVChannelController17pressNextFavoriteEv
FNDA:3,_ZN19TVChannelController17pressNextFavoriteEv
DA:15,6
DA:16,6
DA:17,0
DA:19,6
DA:21,23
DA:22,11
DA:25,6
DA:26,6
DA:30,11
DA:31,11
DA:33,12
DA:34,12
DA:35,0
DA:37,12
DA:40,12
DA:41,0
DA:42,0
DA:46,12
DA:47,5
DA:51,1
DA:53,1
DA:56,8
DA:57,8
DA:59,8
DA:61,8
DA:62,6
DA:64,2
DA:66,8
DA:68,6
DA:70,3
DA:71,6
DA:75,3
DA:76,3
DA:77,1
DA:79,2
DA:81,2
DA:83,2
DA:84,1
DA:86,1
end_of_record
SF:C:\mingw64\include\c++\15.2.0\bits\basic_string.h
FN:140,_ZNSt7__cxx1112basic_stringIcSt11char_traitsIcESaIcEE11_S_allocateERS3_y
FNDA:1260,_ZNSt7__cxx1112basic_stringIcSt11char_traitsIcESaIcEE11_S_allocateERS3_y
FN:204,_ZNSt7__cxx1112basic_stringIcSt11char_traitsIcESaIcEE12_Alloc_hiderC1EPcRKS3_
FNDA:1315,_ZNSt7__cxx1112basic_stringIcSt11char_traitsIcESaIcEE12_Alloc_hiderC1EPcRKS3_
FN:208,_ZNSt7__cxx1112basic_stringIcSt11char_traitsIcESaIcEE12_Alloc_hiderC1EPcOS3_
FNDA:2619,_ZNSt7__cxx1112basic_stringIcSt11char_traitsIcESaIcEE12_Alloc_hiderC1EPcOS3_
FN:228,_ZNSt7__cxx1112basic_stringIcSt11char_traitsIcESaIcEE7_M_dataEPc
FNDA:3726,_ZNSt7__cxx1112basic_stringIcSt11char_traitsIcESaIcEE7_M_dataEPc
FN:233,_ZNSt7__cxx1112basic_stringIcSt11char_traitsIcESaIcEE9_M_lengthEy
FNDA:21739,_ZNSt7__cxx1112basic_stringIcSt11char_traitsIcESaIcEE9_M_lengthEy
FN:238,_ZNKSt7__cxx1112basic_stringIcSt11char_traitsIcESaIcEE7_M_dataEv
FNDA:75985,_ZNKSt7__cxx1112basic_stringIcSt11char_traitsIcESaIcEE7_M_dataEv
FN:243,_ZNSt7__cxx1112basic_stringIcSt11char_traitsIcESaIcEE13_M_local_dataEv
FNDA:5511,_ZNSt7__cxx1112basic_stringIcSt11char_traitsIcESaIcEE13_M_local_dataEv
FN:254,_ZNKSt7__cxx1112basic_stringIcSt11char_traitsIcESaIcEE13_M_local_dataEv
FNDA:23811,_ZNKSt7__cxx1112basic_stringIcSt11char_traitsIcESaIcEE13_M_local_dataEv
FN:265,_ZNSt7__cxx1112basic_stringIcSt11char_traitsIcESaIcEE11_M_capacityEy
FNDA:2149,_ZNSt7__cxx1112basic_stringIcSt11char_traitsIcESaIcEE11_M_capacityEy
FN:270,_ZNSt7__cxx1112basic_stringIcSt11char_traitsIcESaIcEE13_M_set_lengthEy
FNDA:20014,_ZNSt7__cxx1112basic_stringIcSt11char_traitsIcESaIcEE13_M_set_lengthEy
FN:278,_ZNKSt7__cxx1112basic_stringIcSt11char_traitsIcESaIcEE11_M_is_localEv
FNDA:23811,_ZNKSt7__cxx1112basic_stringIcSt11char_traitsIcESaIcEE11_M_is_localEv
FN:296,_ZNSt7__cxx1112basic_stringIcSt11char_traitsIcESaIcEE10_M_disposeEv
FNDA:4930,_ZNSt7__cxx1112basic_stringIcSt11char_traitsIcESaIcEE10_M_disposeEv
FN:304,_ZNSt7__cxx1112basic_stringIcSt11char_traitsIcESaIcEE10_M_destroyEy
FNDA:1330,_ZNSt7__cxx1112basic_stringIcSt11char_traitsIcESaIcEE10_M_destroyEy
FN:359,_ZNSt7__cxx1112basic_stringIcSt11char_traitsIcESaIcEE16_M_get_allocatorEv
FNDA:4180,_ZNSt7__cxx1112basic_stringIcSt11char_traitsIcESaIcEE16_M_get_allocatorEv
FN:364,_ZNKSt7__cxx1112basic_stringIcSt11char_traitsIcESaIcEE16_M_get_allocatorEv
FNDA:52820,_ZNKSt7__cxx1112basic_stringIcSt11char_traitsIcESaIcEE16_M_get_allocatorEv
FN:420,_ZNKSt7__cxx1112basic_stringIcSt11char_traitsIcESaIcEE15_M_check_lengthEyyPKc
FNDA:802,_ZNKSt7__cxx1112basic_stringIcSt11char_traitsIcESaIcEE15_M_check_lengthEyyPKc
FN:448,_ZNSt7__cxx1112basic_stringIcSt11char_traitsIcESaIcEE7_S_copyEPcPKcy
FNDA:3061,_ZNSt7__cxx1112basic_stringIcSt11char_traitsIcESaIcEE7_S_copyEPcPKcy
FN:483,_ZNSt7__cxx1112basic_stringIcSt11char_traitsIcESaIcEE13_S_copy_charsIPKcEEvPcT_S9_
FNDA:1219,_ZNSt7__cxx1112basic_stringIcSt11char_traitsIcESaIcEE13_S_copy_charsIPKcEEvPcT_S9_
FN:585,_ZNSt7__cxx1112basic_stringIcSt11char_traitsIcESaIcEEC1Ev
FNDA:834,_ZNSt7__cxx1112basic_stringIcSt11char_traitsIcESaIcEEC1Ev
FN:601,_ZNSt7__cxx1112basic_stringIcSt11char_traitsIcESaIcEEC1ERKS3_
FNDA:132,_ZNSt7__cxx1112basic_stringIcSt11char_traitsIcESaIcEEC1ERKS3_
FN:706,_ZNSt7__cxx1112basic_stringIcSt11char_traitsIcESaIcEEC1IS3_EEPKcRKS3_
FNDA:1140,_ZNSt7__cxx1112basic_stringIcSt11char_traitsIcESaIcEEC1IS3_EEPKcRKS3_
FN:742,_ZNSt7__cxx1112basic_stringIcSt11char_traitsIcESaIcEEC1EOS4_
FNDA:1564,_ZNSt7__cxx1112basic_stringIcSt11char_traitsIcESaIcEEC1EOS4_
FN:895,_ZNSt7__cxx1112basic_stringIcSt11char_traitsIcESaIcEED1Ev
FNDA:4081,_ZNSt7__cxx1112basic_stringIcSt11char_traitsIcESaIcEED1Ev
FN:1163,_ZNKSt7__cxx1112basic_stringIcSt11char_traitsIcESaIcEE4sizeEv
FNDA:32963,_ZNKSt7__cxx1112basic_stringIcSt11char_traitsIcESaIcEE4sizeEv
FN:1175,_ZNKSt7__cxx1112basic_stringIcSt11char_traitsIcESaIcEE6lengthEv
FNDA:10132,_ZNKSt7__cxx1112basic_stringIcSt11char_traitsIcESaIcEE6lengthEv
FN:1181,_ZNKSt7__cxx1112basic_stringIcSt11char_traitsIcESaIcEE8max_sizeEv
FNDA:52540,_ZNKSt7__cxx1112basic_stringIcSt11char_traitsIcESaIcEE8max_sizeEv
FN:1277,_ZNKSt7__cxx1112basic_stringIcSt11char_traitsIcESaIcEE8capacityEv
FNDA:17278,_ZNKSt7__cxx1112basic_stringIcSt11char_traitsIcESaIcEE8capacityEv
FN:1566,_ZNSt7__cxx1112basic_stringIcSt11char_traitsIcESaIcEE6appendEPKcy
FNDA:396,_ZNSt7__cxx1112basic_stringIcSt11char_traitsIcESaIcEE6appendEPKcy
FN:1580,_ZNSt7__cxx1112basic_stringIcSt11char_traitsIcESaIcEE6appendEPKc
FNDA:394,_ZNSt7__cxx1112basic_stringIcSt11char_traitsIcESaIcEE6appendEPKc
FN:2873,_ZNKSt7__cxx1112basic_stringIcSt11char_traitsIcESaIcEE5c_strEv
FNDA:8742,_ZNKSt7__cxx1112basic_stringIcSt11char_traitsIcESaIcEE5c_strEv
FN:2886,_ZNKSt7__cxx1112basic_stringIcSt11char_traitsIcESaIcEE4dataEv
FNDA:980,_ZNKSt7__cxx1112basic_stringIcSt11char_traitsIcESaIcEE4dataEv
FN:2907,_ZNKSt7__cxx1112basic_stringIcSt11char_traitsIcESaIcEE13get_allocatorEv
FNDA:132,_ZNKSt7__cxx1112basic_stringIcSt11char_traitsIcESaIcEE13get_allocatorEv
FN:3815,_ZSt12__str_concatINSt7__cxx1112basic_stringIcSt11char_traitsIcESaIcEEEET_PKNS6_10value_typeENS6_9size_typeES9_SA_RKNS6_14allocator_typeE
FNDA:132,_ZSt12__str_concatINSt7__cxx1112basic_stringIcSt11char_traitsIcESaIcEEEET_PKNS6_10value_typeENS6_9size_typeES9_SA_RKNS6_14allocator_typeE
FN:3858,_ZStplIcSt11char_traitsIcESaIcEENSt7__cxx1112basic_stringIT_T0_T1_EEPKS5_RKS8_
FNDA:0,_ZStplIcSt11char_traitsIcESaIcEENSt7__cxx1112basic_stringIT_T0_T1_EEPKS5_RKS8_
FN:4062,_ZSteqIcSt11char_traitsIcESaIcEEbRKNSt7__cxx1112basic_stringIT_T0_T1_EEPKS5_
FNDA:141,_ZSteqIcSt11char_traitsIcESaIcEEbRKNSt7__cxx1112basic_stringIT_T0_T1_EEPKS5_
FN:4109,_ZSteqIcSt11char_traitsIcESaIcEEbPKT_RKNSt7__cxx1112basic_stringIS3_T0_T1_EE
FNDA:8,_ZSteqIcSt11char_traitsIcESaIcEEbPKT_RKNSt7__cxx1112basic_stringIS3_T0_T1_EE
FN:4454,_ZNSt7__cxx114stoiERKNS_12basic_stringIcSt11char_traitsIcESaIcEEEPyi
FNDA:28,_ZNSt7__cxx114stoiERKNS_12basic_stringIcSt11char_traitsIcESaIcEEEPyi
FN:4530,_ZNSt7__cxx119to_stringEi
FNDA:31,_ZNSt7__cxx119to_stringEi
FN:4539,_ZZNSt7__cxx119to_stringEiENKUlPcyE_clES0_y
FNDA:31,_ZZNSt7__cxx119to_stringEiENKUlPcyE_clES0_y
DA:140,1260
DA:142,1260
DA:152,1260
DA:204,1315
DA:205,1315
DA:208,2619
DA:209,2619
DA:228,3726
DA:229,3726
DA:233,21739
DA:234,21739
DA:238,75985
DA:239,75985
DA:243,5511
DA:246,5511
DA:254,23811
DA:257,23811
DA:265,2149
DA:266,2149
DA:270,20014
DA:272,20014
DA:273,20014
DA:274,20014
DA:278,23811
DA:280,23811
DA:282,6498
DA:283,0
DA:284,6498
DA:286,17313
DA:296,4930
DA:298,4930
DA:299,1330
DA:300,4930
DA:304,1330
DA:305,1330
DA:359,4180
DA:360,4180
DA:364,52820
DA:365,52820
DA:378,1688
DA:388,1564
DA:420,802
DA:422,802
DA:423,0
DA:424,802
DA:448,3061
DA:450,3061
DA:451,828
DA:453,2233
DA:454,3061
DA:483,1219
DA:489,2438
DA:506,1219
DA:585,834
DA:590,2502
DA:593,834
DA:594,834
DA:601,132
DA:602,132
DA:605,132
DA:606,132
DA:706,1140
DA:707,1140
DA:710,1140
DA:711,0
DA:713,1140
DA:714,1140
DA:715,1140
DA:742,1564
DA:743,3128
DA:745,1564
DA:748,688
DA:749,688
DA:753,876
DA:754,876
DA:760,1564
DA:761,1564
DA:762,1564
DA:763,1564
DA:895,4081
DA:896,4081
DA:1163,32963
DA:1165,32963
DA:1166,32963
DA:1167,0
DA:1168,32963
DA:1175,10132
DA:1176,10132
DA:1181,52540
DA:1183,52540
DA:1185,52540
DA:1186,52540
DA:1277,17278
DA:1279,17278
DA:1281,17278
DA:1282,0
DA:1283,17278
DA:1566,396
DA:1569,396
DA:1570,396
DA:1580,394
DA:1583,394
DA:1584,394
DA:1585,394
DA:2873,8742
DA:2874,8742
DA:2886,980
DA:2887,980
DA:2907,132
DA:2908,264
DA:3815,132
DA:3823,132
DA:3824,132
DA:3825,132
DA:3826,132
DA:3827,132
DA:3828,0
DA:3858,0
DA:3865,0
DA:4062,141
DA:4065,141
DA:4066,141
DA:4109,8
DA:4111,8
DA:4454,28
DA:4455,28
DA:4456,28
DA:4530,31
DA:4535,31
DA:4536,31
DA:4537,31
DA:4538,31
DA:4539,31
DA:4540,31
DA:4541,31
DA:4542,31
DA:4544,31
end_of_record
SF:C:\mingw64\include\c++\15.2.0\bits\unique_ptr.h
FN:87,_ZNKSt14default_deleteINSt7__cxx1112basic_stringIcSt11char_traitsIcESaIcEEEEclEPS5_
FNDA:0,_ZNKSt14default_deleteINSt7__cxx1112basic_stringIcSt11char_traitsIcESaIcEEEEclEPS5_
FN:87,_ZNKSt14default_deleteINSt7__cxx1118basic_stringstreamIcSt11char_traitsIcESaIcEEEEclEPS5_
FNDA:711,_ZNKSt14default_deleteINSt7__cxx1118basic_stringstreamIcSt11char_traitsIcESaIcEEEEclEPS5_
FN:87,_ZNKSt14default_deleteI9FakeTunerEclEPS0_
FNDA:11,_ZNKSt14default_deleteI9FakeTunerEclEPS0_
FN:87,_ZNKSt14default_deleteI19TVChannelControllerEclEPS0_
FNDA:11,_ZNKSt14default_deleteI19TVChannelControllerEclEPS0_
FN:168,_ZNSt15__uniq_ptr_implI19TVChannelControllerSt14default_deleteIS0_EEC2Ev
FNDA:11,_ZNSt15__uniq_ptr_implI19TVChannelControllerSt14default_deleteIS0_EEC2Ev
FN:168,_ZNSt15__uniq_ptr_implI9FakeTunerSt14default_deleteIS0_EEC2Ev
FNDA:11,_ZNSt15__uniq_ptr_implI9FakeTunerSt14default_deleteIS0_EEC2Ev
FN:170,_ZNSt15__uniq_ptr_implI19TVChannelControllerSt14default_deleteIS0_EEC2EPS0_
FNDA:11,_ZNSt15__uniq_ptr_implI19TVChannelControllerSt14default_deleteIS0_EEC2EPS0_
FN:170,_ZNSt15__uniq_ptr_implI9FakeTunerSt14default_deleteIS0_EEC2EPS0_
FNDA:11,_ZNSt15__uniq_ptr_implI9FakeTunerSt14default_deleteIS0_EEC2EPS0_
FN:170,_ZNSt15__uniq_ptr_implINSt7__cxx1112basic_stringIcSt11char_traitsIcESaIcEEESt14default_deleteIS5_EEC2EPS5_
FNDA:0,_ZNSt15__uniq_ptr_implINSt7__cxx1112basic_stringIcSt11char_traitsIcESaIcEEESt14default_deleteIS5_EEC2EPS5_
FN:183,_ZNSt15__uniq_ptr_implI19TVChannelControllerSt14default_deleteIS0_EEaSEOS3_
FNDA:11,_ZNSt15__uniq_ptr_implI19TVChannelControllerSt14default_deleteIS0_EEaSEOS3_
FN:183,_ZNSt15__uniq_ptr_implI9FakeTunerSt14default_deleteIS0_EEaSEOS3_
FNDA:11,_ZNSt15__uniq_ptr_implI9FakeTunerSt14default_deleteIS0_EEaSEOS3_
FN:183,_ZNSt15__uniq_ptr_implINSt7__cxx1112basic_stringIcSt11char_traitsIcESaIcEEESt14default_deleteIS5_EEaSEOS8_
FNDA:0,_ZNSt15__uniq_ptr_implINSt7__cxx1112basic_stringIcSt11char_traitsIcESaIcEEESt14default_deleteIS5_EEaSEOS8_
FN:191,_ZNSt15__uniq_ptr_implINSt7__cxx1112basic_stringIcSt11char_traitsIcESaIcEEESt14default_deleteIS5_EE6_M_ptrEv
FNDA:14,_ZNSt15__uniq_ptr_implINSt7__cxx1112basic_stringIcSt11char_traitsIcESaIcEEESt14default_deleteIS5_EE6_M_ptrEv
FN:191,_ZNSt15__uniq_ptr_implI9FakeTunerSt14default_deleteIS0_EE6_M_ptrEv
FNDA:77,_ZNSt15__uniq_ptr_implI9FakeTunerSt14default_deleteIS0_EE6_M_ptrEv
FN:191,_ZNSt15__uniq_ptr_implINSt7__cxx1118basic_stringstreamIcSt11char_traitsIcESaIcEEESt14default_deleteIS5_EE6_M_ptrEv
FNDA:1422,_ZNSt15__uniq_ptr_implINSt7__cxx1118basic_stringstreamIcSt11char_traitsIcESaIcEEESt14default_deleteIS5_EE6_M_ptrEv
FN:191,_ZNSt15__uniq_ptr_implI19TVChannelControllerSt14default_deleteIS0_EE6_M_ptrEv
FNDA:77,_ZNSt15__uniq_ptr_implI19TVChannelControllerSt14default_deleteIS0_EE6_M_ptrEv
FN:193,_ZNKSt15__uniq_ptr_implI9FakeTunerSt14default_deleteIS0_EE6_M_ptrEv
FNDA:40,_ZNKSt15__uniq_ptr_implI9FakeTunerSt14default_deleteIS0_EE6_M_ptrEv
FN:193,_ZNKSt15__uniq_ptr_implINSt7__cxx1112basic_stringIcSt11char_traitsIcESaIcEEESt14default_deleteIS5_EE6_M_ptrEv
FNDA:0,_ZNKSt15__uniq_ptr_implINSt7__cxx1112basic_stringIcSt11char_traitsIcESaIcEEESt14default_deleteIS5_EE6_M_ptrEv
FN:193,_ZNKSt15__uniq_ptr_implINSt7__cxx1118basic_stringstreamIcSt11char_traitsIcESaIcEEESt14default_deleteIS5_EE6_M_ptrEv
FNDA:14979,_ZNKSt15__uniq_ptr_implINSt7__cxx1118basic_stringstreamIcSt11char_traitsIcESaIcEEESt14default_deleteIS5_EE6_M_ptrEv
FN:193,_ZNKSt15__uniq_ptr_implI19TVChannelControllerSt14default_deleteIS0_EE6_M_ptrEv
FNDA:34,_ZNKSt15__uniq_ptr_implI19TVChannelControllerSt14default_deleteIS0_EE6_M_ptrEv
FN:195,_ZNSt15__uniq_ptr_implINSt7__cxx1118basic_stringstreamIcSt11char_traitsIcESaIcEEESt14default_deleteIS5_EE10_M_deleterEv
FNDA:711,_ZNSt15__uniq_ptr_implINSt7__cxx1118basic_stringstreamIcSt11char_traitsIcESaIcEEESt14default_deleteIS5_EE10_M_deleterEv
FN:195,_ZNSt15__uniq_ptr_implINSt7__cxx1112basic_stringIcSt11char_traitsIcESaIcEEESt14default_deleteIS5_EE10_M_deleterEv
FNDA:0,_ZNSt15__uniq_ptr_implINSt7__cxx1112basic_stringIcSt11char_traitsIcESaIcEEESt14default_deleteIS5_EE10_M_deleterEv
FN:195,_ZNSt15__uniq_ptr_implI9FakeTunerSt14default_deleteIS0_EE10_M_deleterEv
FNDA:33,_ZNSt15__uniq_ptr_implI9FakeTunerSt14default_deleteIS0_EE10_M_deleterEv
FN:195,_ZNSt15__uniq_ptr_implI19TVChannelControllerSt14default_deleteIS0_EE10_M_deleterEv
FNDA:33,_ZNSt15__uniq_ptr_implI19TVChannelControllerSt14default_deleteIS0_EE10_M_deleterEv
FN:200,_ZNSt15__uniq_ptr_implI9FakeTunerSt14default_deleteIS0_EE5resetEPS0_
FNDA:11,_ZNSt15__uniq_ptr_implI9FakeTunerSt14default_deleteIS0_EE5resetEPS0_
FN:200,_ZNSt15__uniq_ptr_implINSt7__cxx1112basic_stringIcSt11char_traitsIcESaIcEEESt14default_deleteIS5_EE5resetEPS5_
FNDA:0,_ZNSt15__uniq_ptr_implINSt7__cxx1112basic_stringIcSt11char_traitsIcESaIcEEESt14default_deleteIS5_EE5resetEPS5_
FN:200,_ZNSt15__uniq_ptr_implI19TVChannelControllerSt14default_deleteIS0_EE5resetEPS0_
FNDA:11,_ZNSt15__uniq_ptr_implI19TVChannelControllerSt14default_deleteIS0_EE5resetEPS0_
FN:209,_ZNSt15__uniq_ptr_implI9FakeTunerSt14default_deleteIS0_EE7releaseEv
FNDA:11,_ZNSt15__uniq_ptr_implI9FakeTunerSt14default_deleteIS0_EE7releaseEv
FN:209,_ZNSt15__uniq_ptr_implI19TVChannelControllerSt14default_deleteIS0_EE7releaseEv
FNDA:11,_ZNSt15__uniq_ptr_implI19TVChannelControllerSt14default_deleteIS0_EE7releaseEv
FN:209,_ZNSt15__uniq_ptr_implINSt7__cxx1112basic_stringIcSt11char_traitsIcESaIcEEESt14default_deleteIS5_EE7releaseEv
FNDA:0,_ZNSt15__uniq_ptr_implINSt7__cxx1112basic_stringIcSt11char_traitsIcESaIcEEESt14default_deleteIS5_EE7releaseEv
FN:237,_ZNSt15__uniq_ptr_dataI19TVChannelControllerSt14default_deleteIS0_ELb1ELb1EEaSEOS3_
FNDA:11,_ZNSt15__uniq_ptr_dataI19TVChannelControllerSt14default_deleteIS0_ELb1ELb1EEaSEOS3_
FN:237,_ZNSt15__uniq_ptr_dataI9FakeTunerSt14default_deleteIS0_ELb1ELb1EEaSEOS3_
FNDA:11,_ZNSt15__uniq_ptr_dataI9FakeTunerSt14default_deleteIS0_ELb1ELb1EEaSEOS3_
FN:237,_ZNSt15__uniq_ptr_dataINSt7__cxx1112basic_stringIcSt11char_traitsIcESaIcEEESt14default_deleteIS5_ELb1ELb1EEaSEOS8_
FNDA:0,_ZNSt15__uniq_ptr_dataINSt7__cxx1112basic_stringIcSt11char_traitsIcESaIcEEESt14default_deleteIS5_ELb1ELb1EEaSEOS8_
FN:298,_ZNSt10unique_ptrI19TVChannelControllerSt14default_deleteIS0_EEC1IS2_vEEv
FNDA:11,_ZNSt10unique_ptrI19TVChannelControllerSt14default_deleteIS0_EEC1IS2_vEEv
FN:298,_ZNSt10unique_ptrI9FakeTunerSt14default_deleteIS0_EEC1IS2_vEEv
FNDA:11,_ZNSt10unique_ptrI9FakeTunerSt14default_deleteIS0_EEC1IS2_vEEv
FN:311,_ZNSt10unique_ptrINSt7__cxx1112basic_stringIcSt11char_traitsIcESaIcEEESt14default_deleteIS5_EEC1IS7_vEEPS5_
FNDA:0,_ZNSt10unique_ptrINSt7__cxx1112basic_stringIcSt11char_traitsIcESaIcEEESt14default_deleteIS5_EEC1IS7_vEEPS5_
FN:311,_ZNSt10unique_ptrI19TVChannelControllerSt14default_deleteIS0_EEC1IS2_vEEPS0_
FNDA:11,_ZNSt10unique_ptrI19TVChannelControllerSt14default_deleteIS0_EEC1IS2_vEEPS0_
FN:311,_ZNSt10unique_ptrI9FakeTunerSt14default_deleteIS0_EEC1IS2_vEEPS0_
FNDA:11,_ZNSt10unique_ptrI9FakeTunerSt14default_deleteIS0_EEC1IS2_vEEPS0_
FN:393,_ZNSt10unique_ptrINSt7__cxx1118basic_stringstreamIcSt11char_traitsIcESaIcEEESt14default_deleteIS5_EED1Ev
FNDA:711,_ZNSt10unique_ptrINSt7__cxx1118basic_stringstreamIcSt11char_traitsIcESaIcEEESt14default_deleteIS5_EED1Ev
FN:393,_ZNSt10unique_ptrINSt7__cxx1112basic_stringIcSt11char_traitsIcESaIcEEESt14default_deleteIS5_EED1Ev
FNDA:14,_ZNSt10unique_ptrINSt7__cxx1112basic_stringIcSt11char_traitsIcESaIcEEESt14default_deleteIS5_EED1Ev
FN:393,_ZNSt10unique_ptrI19TVChannelControllerSt14default_deleteIS0_EED1Ev
FNDA:22,_ZNSt10unique_ptrI19TVChannelControllerSt14default_deleteIS0_EED1Ev
FN:393,_ZNSt10unique_ptrI9FakeTunerSt14default_deleteIS0_EED1Ev
FNDA:22,_ZNSt10unique_ptrI9FakeTunerSt14default_deleteIS0_EED1Ev
FN:409,_ZNSt10unique_ptrINSt7__cxx1112basic_stringIcSt11char_traitsIcESaIcEEESt14default_deleteIS5_EEaSEOS8_
FNDA:0,_ZNSt10unique_ptrINSt7__cxx1112basic_stringIcSt11char_traitsIcESaIcEEESt14default_deleteIS5_EEaSEOS8_
FN:409,_ZNSt10unique_ptrI19TVChannelControllerSt14default_deleteIS0_EEaSEOS3_
FNDA:11,_ZNSt10unique_ptrI19TVChannelControllerSt14default_deleteIS0_EEaSEOS3_
FN:409,_ZNSt10unique_ptrI9FakeTunerSt14default_deleteIS0_EEaSEOS3_
FNDA:11,_ZNSt10unique_ptrI9FakeTunerSt14default_deleteIS0_EEaSEOS3_
FN:446,_ZNKSt10unique_ptrINSt7__cxx1118basic_stringstreamIcSt11char_traitsIcESaIcEEESt14default_deleteIS5_EEdeEv
FNDA:7134,_ZNKSt10unique_ptrINSt7__cxx1118basic_stringstreamIcSt11char_traitsIcESaIcEEESt14default_deleteIS5_EEdeEv
FN:446,_ZNKSt10unique_ptrI9FakeTunerSt14default_deleteIS0_EEdeEv
FNDA:11,_ZNKSt10unique_ptrI9FakeTunerSt14default_deleteIS0_EEdeEv
FN:463,_ZNKSt10unique_ptrINSt7__cxx1112basic_stringIcSt11char_traitsIcESaIcEEESt14default_deleteIS5_EEptEv
FNDA:0,_ZNKSt10unique_ptrINSt7__cxx1112basic_stringIcSt11char_traitsIcESaIcEEESt14default_deleteIS5_EEptEv
FN:463,_ZNKSt10unique_ptrI19TVChannelControllerSt14default_deleteIS0_EEptEv
FNDA:34,_ZNKSt10unique_ptrI19TVChannelControllerSt14default_deleteIS0_EEptEv
FN:463,_ZNKSt10unique_ptrI9FakeTunerSt14default_deleteIS0_EEptEv
FNDA:18,_ZNKSt10unique_ptrI9FakeTunerSt14default_deleteIS0_EEptEv
FN:472,_ZNKSt10unique_ptrINSt7__cxx1112basic_stringIcSt11char_traitsIcESaIcEEESt14default_deleteIS5_EE3getEv
FNDA:0,_ZNKSt10unique_ptrINSt7__cxx1112basic_stringIcSt11char_traitsIcESaIcEEESt14default_deleteIS5_EE3getEv
FN:472,_ZNKSt10unique_ptrI19TVChannelControllerSt14default_deleteIS0_EE3getEv
FNDA:34,_ZNKSt10unique_ptrI19TVChannelControllerSt14default_deleteIS0_EE3getEv
FN:472,_ZNKSt10unique_ptrI9FakeTunerSt14default_deleteIS0_EE3getEv
FNDA:40,_ZNKSt10unique_ptrI9FakeTunerSt14default_deleteIS0_EE3getEv
FN:472,_ZNKSt10unique_ptrINSt7__cxx1118basic_stringstreamIcSt11char_traitsIcESaIcEEESt14default_deleteIS5_EE3getEv
FNDA:14979,_ZNKSt10unique_ptrINSt7__cxx1118basic_stringstreamIcSt11char_traitsIcESaIcEEESt14default_deleteIS5_EE3getEv
FN:478,_ZNSt10unique_ptrINSt7__cxx1112basic_stringIcSt11char_traitsIcESaIcEEESt14default_deleteIS5_EE11get_deleterEv
FNDA:0,_ZNSt10unique_ptrINSt7__cxx1112basic_stringIcSt11char_traitsIcESaIcEEESt14default_deleteIS5_EE11get_deleterEv
FN:478,_ZNSt10unique_ptrI19TVChannelControllerSt14default_deleteIS0_EE11get_deleterEv
FNDA:11,_ZNSt10unique_ptrI19TVChannelControllerSt14default_deleteIS0_EE11get_deleterEv
FN:478,_ZNSt10unique_ptrI9FakeTunerSt14default_deleteIS0_EE11get_deleterEv
FNDA:11,_ZNSt10unique_ptrI9FakeTunerSt14default_deleteIS0_EE11get_deleterEv
FN:478,_ZNSt10unique_ptrINSt7__cxx1118basic_stringstreamIcSt11char_traitsIcESaIcEEESt14default_deleteIS5_EE11get_deleterEv
FNDA:711,_ZNSt10unique_ptrINSt7__cxx1118basic_stringstreamIcSt11char_traitsIcESaIcEEESt14default_deleteIS5_EE11get_deleterEv
FN:489,_ZNKSt10unique_ptrINSt7__cxx1112basic_stringIcSt11char_traitsIcESaIcEEESt14default_deleteIS5_EEcvbEv
FNDA:0,_ZNKSt10unique_ptrINSt7__cxx1112basic_stringIcSt11char_traitsIcESaIcEEESt14default_deleteIS5_EEcvbEv
FN:854,_ZSteqINSt7__cxx1112basic_stringIcSt11char_traitsIcESaIcEEESt14default_deleteIS5_EEbRKSt10unique_ptrIT_T0_EDn
FNDA:0,_ZSteqINSt7__cxx1112basic_stringIcSt11char_traitsIcESaIcEEESt14default_deleteIS5_EEbRKSt10unique_ptrIT_T0_EDn
FN:878,_ZStneINSt7__cxx1112basic_stringIcSt11char_traitsIcESaIcEEESt14default_deleteIS5_EEbRKSt10unique_ptrIT_T0_EDn
FNDA:0,_ZStneINSt7__cxx1112basic_stringIcSt11char_traitsIcESaIcEEESt14default_deleteIS5_EEbRKSt10unique_ptrIT_T0_EDn
FN:1084,_ZSt11make_uniqueINSt7__cxx1112basic_stringIcSt11char_traitsIcESaIcEEEJEENSt8__detail9_MakeUniqIT_E15__single_objectEDpOT0_
FNDA:0,_ZSt11make_uniqueINSt7__cxx1112basic_stringIcSt11char_traitsIcESaIcEEEJEENSt8__detail9_MakeUniqIT_E15__single_objectEDpOT0_
FN:1084,_ZSt11make_uniqueI9FakeTunerJSt6vectorIiSaIiEEEENSt8__detail9_MakeUniqIT_E15__single_objectEDpOT0_
FNDA:11,_ZSt11make_uniqueI9FakeTunerJSt6vectorIiSaIiEEEENSt8__detail9_MakeUniqIT_E15__single_objectEDpOT0_
FN:1084,_ZSt11make_uniqueI19TVChannelControllerJR9FakeTunerEENSt8__detail9_MakeUniqIT_E15__single_objectEDpOT0_
FNDA:11,_ZSt11make_uniqueI19TVChannelControllerJR9FakeTunerEENSt8__detail9_MakeUniqIT_E15__single_objectEDpOT0_
DA:87,11
DA:93,11
DA:94,11
DA:87,11
DA:93,11
DA:94,11
DA:87,0
DA:93,0
DA:94,0
DA:87,711
DA:93,711
DA:94,711
DA:168,11
DA:168,11
DA:170,11
DA:170,11
DA:170,0
DA:183,11
DA:185,11
DA:186,22
DA:187,11
DA:183,11
DA:185,11
DA:186,22
DA:187,11
DA:183,0
DA:185,0
DA:186,0
DA:187,0
DA:191,77
DA:191,77
DA:191,14
DA:191,1422
DA:193,34
DA:193,40
DA:193,0
DA:193,14979
DA:195,711
DA:195,33
DA:195,33
DA:195,0
DA:200,11
DA:202,11
DA:203,11
DA:204,11
DA:205,0
DA:206,11
DA:200,11
DA:202,11
DA:203,11
DA:204,11
DA:205,0
DA:206,11
DA:200,0
DA:202,0
DA:203,0
DA:204,0
DA:205,0
DA:206,0
DA:209,11
DA:211,11
DA:212,11
DA:213,11
DA:209,11
DA:211,11
DA:212,11
DA:213,11
DA:209,0
DA:211,0
DA:212,0
DA:213,0
DA:237,11
DA:237,11
DA:237,0
DA:298,11
DA:299,11
DA:300,11
DA:298,11
DA:299,11
DA:300,11
DA:311,11
DA:312,11
DA:313,11
DA:311,11
DA:312,11
DA:313,11
DA:311,0
DA:312,0
DA:313,0
DA:393,22
DA:397,22
DA:398,22
DA:399,22
DA:400,22
DA:401,22
DA:393,22
DA:397,22
DA:398,22
DA:399,22
DA:400,22
DA:401,22
DA:393,14
DA:397,14
DA:398,14
DA:399,0
DA:400,14
DA:401,14
DA:393,711
DA:397,711
DA:398,711
DA:399,1422
DA:400,711
DA:401,711
DA:409,11
DA:409,11
DA:409,0
DA:446,11
DA:456,11
DA:457,11
DA:446,7134
DA:456,7134
DA:457,7134
DA:463,18
DA:466,18
DA:463,34
DA:466,34
DA:463,0
DA:466,0
DA:472,34
DA:473,34
DA:472,40
DA:473,40
DA:472,0
DA:473,0
DA:472,14979
DA:473,14979
DA:478,11
DA:479,11
DA:478,11
DA:479,11
DA:478,0
DA:479,0
DA:478,711
DA:479,711
DA:489,0
DA:490,0
DA:854,0
DA:855,0
DA:878,0
DA:879,0
DA:1084,11
DA:1085,33
DA:1084,11
DA:1085,22
DA:1084,0
DA:1085,0
end_of_record
SF:C:\DEV\TDD_TV_11\build\_deps\googletest-src\googletest\include\gtest\gtest-message.h
FN:132,_ZN7testing7MessagelsIA5_cEERS0_RKT_
FNDA:0,_ZN7testing7MessagelsIA5_cEERS0_RKT_
FN:132,_ZN7testing7MessagelsINSt7__cxx1112basic_stringIcSt11char_traitsIcESaIcEEEEERS0_RKT_
FNDA:0,_ZN7testing7MessagelsINSt7__cxx1112basic_stringIcSt11char_traitsIcESaIcEEEEERS0_RKT_
FN:132,_ZN7testing7MessagelsIA3_cEERS0_RKT_
FNDA:0,_ZN7testing7MessagelsIA3_cEERS0_RKT_
FN:132,_ZN7testing7MessagelsIA12_cEERS0_RKT_
FNDA:0,_ZN7testing7MessagelsIA12_cEERS0_RKT_
FN:181,_ZN7testing7MessagelsIKcEERS0_RKPT_
FNDA:252,_ZN7testing7MessagelsIKcEERS0_RKPT_
DA:132,0
DA:148,0
DA:149,0
DA:132,0
DA:148,0
DA:149,0
DA:132,0
DA:148,0
DA:149,0
DA:132,0
DA:148,0
DA:149,0
DA:181,252
DA:182,252
DA:183,0
DA:185,252
DA:187,252
end_of_record
SF:C:\mingw64\include\c++\15.2.0\bits\allocator.h
DA:168,910
DA:173,4248
DA:189,1010
end_of_record
SF:C:\mingw64\include\c++\15.2.0\bits\stl_set.h
FN:172,_ZNSt3setIiSt4lessIiESaIiEEC1Ev
FNDA:11,_ZNSt3setIiSt4lessIiESaIiEEC1Ev
FN:305,_ZNSt3setIiSt4lessIiESaIiEED1Ev
FNDA:11,_ZNSt3setIiSt4lessIiESaIiEED1Ev
FN:368,_ZNKSt3setIiSt4lessIiESaIiEE5beginEv
FNDA:4,_ZNKSt3setIiSt4lessIiESaIiEE5beginEv
FN:377,_ZNKSt3setIiSt4lessIiESaIiEE3endEv
FNDA:13,_ZNKSt3setIiSt4lessIiESaIiEE3endEv
FN:438,_ZNKSt3setIiSt4lessIiESaIiEE5emptyEv
FNDA:3,_ZNKSt3setIiSt4lessIiESaIiEE5emptyEv
FN:533,_ZNSt3setIiSt4lessIiESaIiEE6insertERKi
FNDA:12,_ZNSt3setIiSt4lessIiESaIiEE6insertERKi
FN:700,_ZNSt3setIiSt4lessIiESaIiEE5eraseB5cxx11ESt23_Rb_tree_const_iteratorIiE
FNDA:2,_ZNSt3setIiSt4lessIiESaIiEE5eraseB5cxx11ESt23_Rb_tree_const_iteratorIiE
FN:840,_ZNSt3setIiSt4lessIiESaIiEE4findERKi
FNDA:8,_ZNSt3setIiSt4lessIiESaIiEE4findERKi
FN:905,_ZNSt3setIiSt4lessIiESaIiEE11upper_boundERKi
FNDA:2,_ZNSt3setIiSt4lessIiESaIiEE11upper_boundERKi
DA:172,11
DA:305,11
DA:368,4
DA:369,4
DA:377,13
DA:378,13
DA:438,3
DA:439,3
DA:533,12
DA:536,12
DA:537,24
DA:700,2
DA:701,2
DA:840,8
DA:841,8
DA:905,2
DA:906,2
end_of_record
SF:C:\DEV\TDD_TV_11\include\Tuner.h
FN:19,_ZN5TunerD2Ev
FNDA:11,_ZN5TunerD2Ev
DA:19,11
end_of_record
SF:C:\mingw64\include\c++\15.2.0\bits\stl_pair.h
FN:901,_ZNSt4pairIPSt18_Rb_tree_node_baseS1_EC1IRS1_S1_Lb1EEEOT_OT0_
FNDA:0,_ZNSt4pairIPSt18_Rb_tree_node_baseS1_EC1IRS1_S1_Lb1EEEOT_OT0_
FN:901,_ZNSt4pairIPSt18_Rb_tree_node_baseS1_EC1IRS1_S4_Lb1EEEOT_OT0_
FNDA:12,_ZNSt4pairIPSt18_Rb_tree_node_baseS1_EC1IRS1_S4_Lb1EEEOT_OT0_
FN:901,_ZNSt4pairISt17_Rb_tree_iteratorIiEbEC1IS1_bLb1EEEOT_OT0_
FNDA:12,_ZNSt4pairISt17_Rb_tree_iteratorIiEbEC1IS1_bLb1EEEOT_OT0_
FN:901,_ZNSt4pairISt23_Rb_tree_const_iteratorIiEbEC1IRSt17_Rb_tree_iteratorIiERbLb1EEEOT_OT0_
FNDA:12,_ZNSt4pairISt23_Rb_tree_const_iteratorIiEbEC1IRSt17_Rb_tree_iteratorIiERbLb1EEEOT_OT0_
DA:901,0
DA:902,0
DA:903,0
DA:901,12
DA:902,12
DA:903,12
DA:901,12
DA:902,12
DA:903,12
DA:901,12
DA:902,24
DA:903,12
end_of_record
SF:C:\mingw64\include\c++\15.2.0\ext\string_conversions.h
FN:58,_ZN9__gnu_cxx6__stoaIlicJiEEET0_PFT_PKT1_PPS3_DpT2_EPKcS5_PyS9_
FNDA:28,_ZN9__gnu_cxx6__stoaIlicJiEEET0_PFT_PKT1_PPS3_DpT2_EPKcS5_PyS9_
FN:67,_ZZN9__gnu_cxx6__stoaIlicJiEEET0_PFT_PKT1_PPS3_DpT2_EPKcS5_PyS9_EN11_Save_errnoC1Ev
FNDA:28,_ZZN9__gnu_cxx6__stoaIlicJiEEET0_PFT_PKT1_PPS3_DpT2_EPKcS5_PyS9_EN11_Save_errnoC1Ev
FN:68,_ZZN9__gnu_cxx6__stoaIlicJiEEET0_PFT_PKT1_PPS3_DpT2_EPKcS5_PyS9_EN11_Save_errnoD1Ev
FNDA:28,_ZZN9__gnu_cxx6__stoaIlicJiEEET0_PFT_PKT1_PPS3_DpT2_EPKcS5_PyS9_EN11_Save_errnoD1Ev
FN:77,_ZZN9__gnu_cxx6__stoaIlicJiEEET0_PFT_PKT1_PPS3_DpT2_EPKcS5_PyS9_EN10_Range_chk6_S_chkElSt17integral_constantIbLb1EE
FNDA:28,_ZZN9__gnu_cxx6__stoaIlicJiEEET0_PFT_PKT1_PPS3_DpT2_EPKcS5_PyS9_EN10_Range_chk6_S_chkElSt17integral_constantIbLb1EE
DA:58,28
DA:67,28
DA:68,28
DA:70,28
DA:77,28
DA:80,28
DA:84,28
DA:86,28
DA:87,0
DA:88,28
DA:89,28
DA:90,0
DA:92,28
DA:94,28
DA:95,0
DA:97,28
DA:98,28
end_of_record
SF:C:\mingw64\include\c++\15.2.0\bits\stl_iterator_base_funcs.h
FN:83,_ZSt10__distanceISt23_Rb_tree_const_iteratorIiEENSt15iterator_traitsIT_E15difference_typeES3_S3_St18input_iterator_tag
FNDA:3,_ZSt10__distanceISt23_Rb_tree_const_iteratorIiEENSt15iterator_traitsIT_E15difference_typeES3_S3_St18input_iterator_tag
DA:83,3
DA:89,3
DA:90,7
DA:92,4
DA:93,4
DA:95,3
DA:108,1219
DA:153,2441
DA:154,2441
end_of_record
SF:C:\mingw64\include\c++\15.2.0\x86_64-w64-mingw32\bits\c++config.h
DA:589,2106
end_of_record
SF:C:\mingw64\include\c++\15.2.0\bits\predefined_ops.h
FN:262,_ZN9__gnu_cxx5__ops16_Iter_equals_valIKiEC1ERS2_
FNDA:5,_ZN9__gnu_cxx5__ops16_Iter_equals_valIKiEC1ERS2_
FN:269,_ZN9__gnu_cxx5__ops16_Iter_equals_valIKiEclINS_17__normal_iteratorIPS2_St6vectorIiSaIiEEEEEEbT_
FNDA:7,_ZN9__gnu_cxx5__ops16_Iter_equals_valIKiEclINS_17__normal_iteratorIPS2_St6vectorIiSaIiEEEEEEbT_
FN:276,_ZN9__gnu_cxx5__ops17__iter_equals_valIKiEENS0_16_Iter_equals_valIT_EERS4_
FNDA:5,_ZN9__gnu_cxx5__ops17__iter_equals_valIKiEENS0_16_Iter_equals_valIT_EERS4_
FN:310,_ZN9__gnu_cxx5__ops10_Iter_predIZN9FakeTuner6seekCHEvEUliE_EC1ES3_
FNDA:0,_ZN9__gnu_cxx5__ops10_Iter_predIZN9FakeTuner6seekCHEvEUliE_EC1ES3_
FN:317,_ZN9__gnu_cxx5__ops10_Iter_predIZN9FakeTuner6seekCHEvEUliE_EclINS_17__normal_iteratorIPiSt6vectorIiSaIiEEEEEEbT_
FNDA:0,_ZN9__gnu_cxx5__ops10_Iter_predIZN9FakeTuner6seekCHEvEUliE_EclINS_17__normal_iteratorIPiSt6vectorIiSaIiEEEEEEbT_
FN:324,_ZN9__gnu_cxx5__ops11__pred_iterIZN9FakeTuner6seekCHEvEUliE_EENS0_10_Iter_predIT_EES5_
FNDA:0,_ZN9__gnu_cxx5__ops11__pred_iterIZN9FakeTuner6seekCHEvEUliE_EENS0_10_Iter_predIT_EES5_
DA:262,5
DA:263,5
DA:264,5
DA:269,7
DA:270,7
DA:276,5
DA:277,5
DA:310,0
DA:311,0
DA:312,0
DA:317,0
DA:318,0
DA:324,0
DA:325,0
end_of_record
SF:C:\DEV\TDD_TV_11\build\_deps\googletest-src\googletest\include\gtest\gtest-printers.h
FN:248,_ZN7testing8internal52internal_stream_operator_without_lexical_name_lookup13StreamPrinter10PrintValueIjvEEDTcvvlsdefp0_fp_ERKT_PSo
FNDA:0,_ZN7testing8internal52internal_stream_operator_without_lexical_name_lookup13StreamPrinter10PrintValueIjvEEDTcvvlsdefp0_fp_ERKT_PSo
FN:248,_ZN7testing8internal52internal_stream_operator_without_lexical_name_lookup13StreamPrinter10PrintValueIyvEEDTcvvlsdefp0_fp_ERKT_PSo
FNDA:0,_ZN7testing8internal52internal_stream_operator_without_lexical_name_lookup13StreamPrinter10PrintValueIyvEEDTcvvlsdefp0_fp_ERKT_PSo
FN:315,_ZN7testing8internal15RawBytesPrinter10PrintValueIN9__gnu_cxx17__normal_iteratorIPKiSt6vectorIiSaIiEEEELy8EEEvRKT_PSo
FNDA:0,_ZN7testing8internal15RawBytesPrinter10PrintValueIN9__gnu_cxx17__normal_iteratorIPKiSt6vectorIiSaIiEEEELy8EEEvRKT_PSo
FN:352,_ZN7testing8internal17PrintWithFallbackIyEEvRKT_PSo
FNDA:0,_ZN7testing8internal17PrintWithFallbackIyEEvRKT_PSo
FN:352,_ZN7testing8internal17PrintWithFallbackIjEEvRKT_PSo
FNDA:0,_ZN7testing8internal17PrintWithFallbackIjEEvRKT_PSo
FN:352,_ZN7testing8internal17PrintWithFallbackIN9__gnu_cxx17__normal_iteratorIPKiSt6vectorIiSaIiEEEEEEvRKT_PSo
FNDA:0,_ZN7testing8internal17PrintWithFallbackIN9__gnu_cxx17__normal_iteratorIPKiSt6vectorIiSaIiEEEEEEvRKT_PSo
FN:383,_ZN7testing8internal19FormatForComparisonIN9__gnu_cxx17__normal_iteratorIPKiSt6vectorIiSaIiEEEES9_E6FormatB5cxx11ERKS9_
FNDA:0,_ZN7testing8internal19FormatForComparisonIN9__gnu_cxx17__normal_iteratorIPKiSt6vectorIiSaIiEEEES9_E6FormatB5cxx11ERKS9_
FN:383,_ZN7testing8internal19FormatForComparisonINSt7__cxx1112basic_stringIcSt11char_traitsIcESaIcEEEA2_cE6FormatERKS7_
FNDA:0,_ZN7testing8internal19FormatForComparisonINSt7__cxx1112basic_stringIcSt11char_traitsIcESaIcEEEA2_cE6FormatERKS7_
FN:383,_ZN7testing8internal19FormatForComparisonINSt7__cxx1112basic_stringIcSt11char_traitsIcESaIcEEEA3_cE6FormatERKS7_
FNDA:0,_ZN7testing8internal19FormatForComparisonINSt7__cxx1112basic_stringIcSt11char_traitsIcESaIcEEEA3_cE6FormatERKS7_
FN:383,_ZN7testing8internal19FormatForComparisonIjyE6FormatB5cxx11ERKj
FNDA:0,_ZN7testing8internal19FormatForComparisonIjyE6FormatB5cxx11ERKj
FN:383,_ZN7testing8internal19FormatForComparisonIyjE6FormatB5cxx11ERKy
FNDA:0,_ZN7testing8internal19FormatForComparisonIyjE6FormatB5cxx11ERKy
FN:392,_ZN7testing8internal19FormatForComparisonIA2_cNSt7__cxx1112basic_stringIcSt11char_traitsIcESaIcEEEE6FormatEPKc
FNDA:0,_ZN7testing8internal19FormatForComparisonIA2_cNSt7__cxx1112basic_stringIcSt11char_traitsIcESaIcEEEE6FormatEPKc
FN:392,_ZN7testing8internal19FormatForComparisonIA3_cNSt7__cxx1112basic_stringIcSt11char_traitsIcESaIcEEEE6FormatEPKc
FNDA:0,_ZN7testing8internal19FormatForComparisonIA3_cNSt7__cxx1112basic_stringIcSt11char_traitsIcESaIcEEEE6FormatEPKc
FN:437,_ZN7testing8internal19FormatForComparisonIPKcNSt7__cxx1112basic_stringIcSt11char_traitsIcESaIcEEEE6FormatES3_
FNDA:0,_ZN7testing8internal19FormatForComparisonIPKcNSt7__cxx1112basic_stringIcSt11char_traitsIcESaIcEEEE6FormatES3_
FN:463,_ZN7testing8internal33FormatForComparisonFailureMessageIN9__gnu_cxx17__normal_iteratorIPKiSt6vectorIiSaIiEEEES9_EENSt7__cxx1112basic_stringIcSt11char_traitsIcESaIcEEERKT_RKT0_
FNDA:0,_ZN7testing8internal33FormatForComparisonFailureMessageIN9__gnu_cxx17__normal_iteratorIPKiSt6vectorIiSaIiEEEES9_EENSt7__cxx1112basic_stringIcSt11char_traitsIcESaIcEEERKT_RKT0_
FN:463,_ZN7testing8internal33FormatForComparisonFailureMessageIA2_cNSt7__cxx1112basic_stringIcSt11char_traitsIcESaIcEEEEES8_RKT_RKT0_
FNDA:0,_ZN7testing8internal33FormatForComparisonFailureMessageIA2_cNSt7__cxx1112basic_stringIcSt11char_traitsIcESaIcEEEEES8_RKT_RKT0_
FN:463,_ZN7testing8internal33FormatForComparisonFailureMessageINSt7__cxx1112basic_stringIcSt11char_traitsIcESaIcEEEA2_cEES7_RKT_RKT0_
FNDA:0,_ZN7testing8internal33FormatForComparisonFailureMessageINSt7__cxx1112basic_stringIcSt11char_traitsIcESaIcEEEA2_cEES7_RKT_RKT0_
FN:463,_ZN7testing8internal33FormatForComparisonFailureMessageIA3_cNSt7__cxx1112basic_stringIcSt11char_traitsIcESaIcEEEEES8_RKT_RKT0_
FNDA:0,_ZN7testing8internal33FormatForComparisonFailureMessageIA3_cNSt7__cxx1112basic_stringIcSt11char_traitsIcESaIcEEEEES8_RKT_RKT0_
FN:463,_ZN7testing8internal33FormatForComparisonFailureMessageINSt7__cxx1112basic_stringIcSt11char_traitsIcESaIcEEEA3_cEES7_RKT_RKT0_
FNDA:0,_ZN7testing8internal33FormatForComparisonFailureMessageINSt7__cxx1112basic_stringIcSt11char_traitsIcESaIcEEEA3_cEES7_RKT_RKT0_
FN:463,_ZN7testing8internal33FormatForComparisonFailureMessageIjyEENSt7__cxx1112basic_stringIcSt11char_traitsIcESaIcEEERKT_RKT0_
FNDA:0,_ZN7testing8internal33FormatForComparisonFailureMessageIjyEENSt7__cxx1112basic_stringIcSt11char_traitsIcESaIcEEERKT_RKT0_
FN:463,_ZN7testing8internal33FormatForComparisonFailureMessageIyjEENSt7__cxx1112basic_stringIcSt11char_traitsIcESaIcEEERKT_RKT0_
FNDA:0,_ZN7testing8internal33FormatForComparisonFailureMessageIyjEENSt7__cxx1112basic_stringIcSt11char_traitsIcESaIcEEERKT_RKT0_
FN:490,_ZN7testing8internal7PrintToIyEEvRKT_PSo
FNDA:0,_ZN7testing8internal7PrintToIyEEvRKT_PSo
FN:490,_ZN7testing8internal7PrintToIjEEvRKT_PSo
FNDA:0,_ZN7testing8internal7PrintToIjEEvRKT_PSo
FN:490,_ZN7testing8internal7PrintToIN9__gnu_cxx17__normal_iteratorIPKiSt6vectorIiSaIiEEEEEEvRKT_PSo
FNDA:0,_ZN7testing8internal7PrintToIN9__gnu_cxx17__normal_iteratorIPKiSt6vectorIiSaIiEEEEEEvRKT_PSo
FN:700,_ZN7testing8internal7PrintToERKNSt7__cxx1112basic_stringIcSt11char_traitsIcESaIcEEEPSo
FNDA:0,_ZN7testing8internal7PrintToERKNSt7__cxx1112basic_stringIcSt11char_traitsIcESaIcEEEPSo
FN:874,_ZN7testing8internal16UniversalPrinterIyE5PrintERKyPSo
FNDA:0,_ZN7testing8internal16UniversalPrinterIyE5PrintERKyPSo
FN:874,_ZN7testing8internal16UniversalPrinterINSt7__cxx1112basic_stringIcSt11char_traitsIcESaIcEEEE5PrintERKS7_PSo
FNDA:0,_ZN7testing8internal16UniversalPrinterINSt7__cxx1112basic_stringIcSt11char_traitsIcESaIcEEEE5PrintERKS7_PSo
FN:874,_ZN7testing8internal16UniversalPrinterIjE5PrintERKjPSo
FNDA:0,_ZN7testing8internal16UniversalPrinterIjE5PrintERKjPSo
FN:874,_ZN7testing8internal16UniversalPrinterIN9__gnu_cxx17__normal_iteratorIPKiSt6vectorIiSaIiEEEEE5PrintERKS9_PSo
FNDA:0,_ZN7testing8internal16UniversalPrinterIN9__gnu_cxx17__normal_iteratorIPKiSt6vectorIiSaIiEEEEE5PrintERKS9_PSo
FN:1064,_ZN7testing8internal21UniversalTersePrinterIyE5PrintERKyPSo
FNDA:0,_ZN7testing8internal21UniversalTersePrinterIyE5PrintERKyPSo
FN:1064,_ZN7testing8internal21UniversalTersePrinterIN9__gnu_cxx17__normal_iteratorIPKiSt6vectorIiSaIiEEEEE5PrintERKS9_PSo
FNDA:0,_ZN7testing8internal21UniversalTersePrinterIN9__gnu_cxx17__normal_iteratorIPKiSt6vectorIiSaIiEEEEE5PrintERKS9_PSo
FN:1064,_ZN7testing8internal21UniversalTersePrinterINSt7__cxx1112basic_stringIcSt11char_traitsIcESaIcEEEE5PrintERKS7_PSo
FNDA:0,_ZN7testing8internal21UniversalTersePrinterINSt7__cxx1112basic_stringIcSt11char_traitsIcESaIcEEEE5PrintERKS7_PSo
FN:1064,_ZN7testing8internal21UniversalTersePrinterIjE5PrintERKjPSo
FNDA:0,_ZN7testing8internal21UniversalTersePrinterIjE5PrintERKjPSo
FN:1092,_ZN7testing8internal21UniversalTersePrinterIPKcE5PrintES3_PSo
FNDA:0,_ZN7testing8internal21UniversalTersePrinterIPKcE5PrintES3_PSo
FN:1183,_ZN7testing8internal14UniversalPrintIyEEvRKT_PSo
FNDA:0,_ZN7testing8internal14UniversalPrintIyEEvRKT_PSo
FN:1183,_ZN7testing8internal14UniversalPrintIjEEvRKT_PSo
FNDA:0,_ZN7testing8internal14UniversalPrintIjEEvRKT_PSo
FN:1183,_ZN7testing8internal14UniversalPrintINSt7__cxx1112basic_stringIcSt11char_traitsIcESaIcEEEEEvRKT_PSo
FNDA:0,_ZN7testing8internal14UniversalPrintINSt7__cxx1112basic_stringIcSt11char_traitsIcESaIcEEEEEvRKT_PSo
FN:1183,_ZN7testing8internal14UniversalPrintIN9__gnu_cxx17__normal_iteratorIPKiSt6vectorIiSaIiEEEEEEvRKT_PSo
FNDA:0,_ZN7testing8internal14UniversalPrintIN9__gnu_cxx17__normal_iteratorIPKiSt6vectorIiSaIiEEEEEEvRKT_PSo
FN:1223,_ZN7testing13PrintToStringIN9__gnu_cxx17__normal_iteratorIPKiSt6vectorIiSaIiEEEEEENSt7__cxx1112basic_stringIcSt11char_traitsIcESaIcEEERKT_
FNDA:0,_ZN7testing13PrintToStringIN9__gnu_cxx17__normal_iteratorIPKiSt6vectorIiSaIiEEEEEENSt7__cxx1112basic_stringIcSt11char_traitsIcESaIcEEERKT_
FN:1223,_ZN7testing13PrintToStringINSt7__cxx1112basic_stringIcSt11char_traitsIcESaIcEEEEES6_RKT_
FNDA:0,_ZN7testing13PrintToStringINSt7__cxx1112basic_stringIcSt11char_traitsIcESaIcEEEEES6_RKT_
FN:1223,_ZN7testing13PrintToStringIjEENSt7__cxx1112basic_stringIcSt11char_traitsIcESaIcEEERKT_
FNDA:0,_ZN7testing13PrintToStringIjEENSt7__cxx1112basic_stringIcSt11char_traitsIcESaIcEEERKT_
FN:1223,_ZN7testing13PrintToStringIyEENSt7__cxx1112basic_stringIcSt11char_traitsIcESaIcEEERKT_
FNDA:0,_ZN7testing13PrintToStringIyEENSt7__cxx1112basic_stringIcSt11char_traitsIcESaIcEEERKT_
FN:1223,_ZN7testing13PrintToStringIPKcEENSt7__cxx1112basic_stringIcSt11char_traitsIcESaIcEEERKT_
FNDA:0,_ZN7testing13PrintToStringIPKcEENSt7__cxx1112basic_stringIcSt11char_traitsIcESaIcEEERKT_
DA:248,0
DA:252,0
DA:253,0
DA:248,0
DA:252,0
DA:253,0
DA:315,0
DA:316,0
DA:319,0
DA:321,0
DA:352,0
DA:362,0
DA:363,0
DA:352,0
DA:362,0
DA:363,0
DA:352,0
DA:362,0
DA:363,0
DA:383,0
DA:384,0
DA:383,0
DA:384,0
DA:383,0
DA:384,0
DA:383,0
DA:384,0
DA:383,0
DA:384,0
DA:392,0
DA:393,0
DA:392,0
DA:393,0
DA:437,0
DA:463,0
DA:465,0
DA:463,0
DA:465,0
DA:463,0
DA:465,0
DA:463,0
DA:465,0
DA:463,0
DA:465,0
DA:463,0
DA:465,0
DA:463,0
DA:465,0
DA:490,0
DA:491,0
DA:492,0
DA:490,0
DA:491,0
DA:492,0
DA:490,0
DA:491,0
DA:492,0
DA:700,0
DA:701,0
DA:702,0
DA:874,0
DA:883,0
DA:884,0
DA:874,0
DA:883,0
DA:884,0
DA:874,0
DA:883,0
DA:884,0
DA:874,0
DA:883,0
DA:884,0
DA:1064,0
DA:1065,0
DA:1066,0
DA:1064,0
DA:1065,0
DA:1066,0
DA:1064,0
DA:1065,0
DA:1066,0
DA:1064,0
DA:1065,0
DA:1066,0
DA:1092,0
DA:1093,0
DA:1094,0
DA:1096,0
DA:1098,0
DA:1183,0
DA:1187,0
DA:1188,0
DA:1183,0
DA:1187,0
DA:1188,0
DA:1183,0
DA:1187,0
DA:1188,0
DA:1183,0
DA:1187,0
DA:1188,0
DA:1223,0
DA:1224,0
DA:1225,0
DA:1226,0
DA:1227,0
DA:1223,0
DA:1224,0
DA:1225,0
DA:1226,0
DA:1227,0
DA:1223,0
DA:1224,0
DA:1225,0
DA:1226,0
DA:1227,0
DA:1223,0
DA:1224,0
DA:1225,0
DA:1226,0
DA:1227,0
DA:1223,0
DA:1224,0
DA:1225,0
DA:1226,0
DA:1227,0
end_of_record
SF:C:\mingw64\include\c++\15.2.0\bits\stl_construct.h
FN:123,_ZSt10_ConstructIiJRKiEEvPT_DpOT0_
FNDA:4,_ZSt10_ConstructIiJRKiEEvPT_DpOT0_
FN:202,_ZSt8_DestroyIPiEvT_S1_
FNDA:54,_ZSt8_DestroyIPiEvT_S1_
DA:123,4
DA:133,8
DA:134,4
DA:202,54
DA:222,54
end_of_record
SF:C:\DEV\TDD_TV_11\build\_deps\googletest-src\googletest\include\gtest\internal\gtest-internal.h
FN:418,_ZN7testing8internal9GetTypeIdI14ControllerTestEEPKvv
FNDA:132,_ZN7testing8internal9GetTypeIdI14ControllerTestEEPKvv
FN:437,_ZN7testing8internal15TestFactoryBaseD2Ev
FNDA:0,_ZN7testing8internal15TestFactoryBaseD2Ev
FN:444,_ZN7testing8internal15TestFactoryBaseC2Ev
FNDA:132,_ZN7testing8internal15TestFactoryBaseC2Ev
FN:456,_ZN7testing8internal15TestFactoryImplI43ControllerTest_NextFavorite_WrapAround_TestE10CreateTestEv
FNDA:1,_ZN7testing8internal15TestFactoryImplI43ControllerTest_NextFavorite_WrapAround_TestE10CreateTestEv
FN:456,_ZN7testing8internal15TestFactoryImplI42ControllerTest_NextFavorite_EmptyList_TestE10CreateTestEv
FNDA:1,_ZN7testing8internal15TestFactoryImplI42ControllerTest_NextFavorite_EmptyList_TestE10CreateTestEv
FN:456,_ZN7testing8internal15TestFactoryImplI43ControllerTest_PressNumber1ThenConfirm_TestE10CreateTestEv
FNDA:1,_ZN7testing8internal15TestFactoryImplI43ControllerTest_PressNumber1ThenConfirm_TestE10CreateTestEv
FN:456,_ZN7testing8internal15TestFactoryImplI39ControllerTest_NextFavorite_Normal_TestE10CreateTestEv
FNDA:1,_ZN7testing8internal15TestFactoryImplI39ControllerTest_NextFavorite_Normal_TestE10CreateTestEv
FN:456,_ZN7testing8internal15TestFactoryImplI42ControllerTest_FavoriteToggleScenario_TestE10CreateTestEv
FNDA:1,_ZN7testing8internal15TestFactoryImplI42ControllerTest_FavoriteToggleScenario_TestE10CreateTestEv
FN:456,_ZN7testing8internal15TestFactoryImplI41ControllerTest_FavoriteToggle_Remove_TestE10CreateTestEv
FNDA:1,_ZN7testing8internal15TestFactoryImplI41ControllerTest_FavoriteToggle_Remove_TestE10CreateTestEv
FN:456,_ZN7testing8internal15TestFactoryImplI42ControllerTest_FavoriteAdd_NewChannel_TestE10CreateTestEv
FNDA:1,_ZN7testing8internal15TestFactoryImplI42ControllerTest_FavoriteAdd_NewChannel_TestE10CreateTestEv
FN:456,_ZN7testing8internal15TestFactoryImplI38ControllerTest_Zero7_SingleDigit7_TestE10CreateTestEv
FNDA:1,_ZN7testing8internal15TestFactoryImplI38ControllerTest_Zero7_SingleDigit7_TestE10CreateTestEv
FN:456,_ZN7testing8internal15TestFactoryImplI44ControllerTest_OtherButtonCancelsBuffer_TestE10CreateTestEv
FNDA:1,_ZN7testing8internal15TestFactoryImplI44ControllerTest_OtherButtonCancelsBuffer_TestE10CreateTestEv
FN:456,_ZN7testing8internal15TestFactoryImplI44ControllerTest_Press1234_TwoStageChange_TestE10CreateTestEv
FNDA:1,_ZN7testing8internal15TestFactoryImplI44ControllerTest_Press1234_TwoStageChange_TestE10CreateTestEv
FN:456,_ZN7testing8internal15TestFactoryImplI42ControllerTest_Press1Then2_AutoChange_TestE10CreateTestEv
FNDA:1,_ZN7testing8internal15TestFactoryImplI42ControllerTest_Press1Then2_AutoChange_TestE10CreateTestEv
FN:477,_ZN7testing8internal12CodeLocationC1ENSt7__cxx1112basic_stringIcSt11char_traitsIcESaIcEEEi
FNDA:132,_ZN7testing8internal12CodeLocationC1ENSt7__cxx1112basic_stringIcSt11char_traitsIcESaIcEEEi
FN:490,_ZN7testing8internal19GetNotDefaultOrNullEPFvvES2_
FNDA:528,_ZN7testing8internal19GetNotDefaultOrNullEPFvvES2_
FN:505,_ZN7testing8internal16SuiteApiResolverI14ControllerTestE19GetSetUpCaseOrSuiteEPKci
FNDA:132,_ZN7testing8internal16SuiteApiResolverI14ControllerTestE19GetSetUpCaseOrSuiteEPKci
FN:526,_ZN7testing8internal16SuiteApiResolverI14ControllerTestE22GetTearDownCaseOrSuiteEPKci
FNDA:132,_ZN7testing8internal16SuiteApiResolverI14ControllerTestE22GetTearDownCaseOrSuiteEPKci
DA:418,132
DA:423,132
DA:437,0
DA:444,132
DA:456,2
DA:456,2
DA:456,2
DA:456,2
DA:456,2
DA:456,2
DA:456,2
DA:456,2
DA:456,2
DA:456,2
DA:456,2
DA:477,132
DA:478,264
DA:490,528
DA:492,528
DA:505,132
DA:509,132
DA:511,132
DA:513,132
DA:516,0
DA:518,132
DA:526,132
DA:530,132
DA:532,132
DA:534,132
DA:537,0
DA:539,132
end_of_record
SF:C:\DEV\TDD_TV_11\test\TVControllerTest.cpp
FN:18,_ZN14ControllerTest5SetUpEv
FNDA:11,_ZN14ControllerTest5SetUpEv
FN:27,_ZN43ControllerTest_PressNumber1ThenConfirm_TestC1Ev
FNDA:1,_ZN43ControllerTest_PressNumber1ThenConfirm_TestC1Ev
FN:27,_ZN43ControllerTest_PressNumber1ThenConfirm_Test8TestBodyEv
FNDA:1,_ZN43ControllerTest_PressNumber1ThenConfirm_Test8TestBodyEv
FN:27,_ZN43ControllerTest_PressNumber1ThenConfirm_TestD1Ev
FNDA:1,_ZN43ControllerTest_PressNumber1ThenConfirm_TestD1Ev
FN:27,_ZN43ControllerTest_PressNumber1ThenConfirm_TestD0Ev
FNDA:1,_ZN43ControllerTest_PressNumber1ThenConfirm_TestD0Ev
FN:33,_ZN42ControllerTest_Press1Then2_AutoChange_TestC1Ev
FNDA:1,_ZN42ControllerTest_Press1Then2_AutoChange_TestC1Ev
FN:33,_ZN42ControllerTest_Press1Then2_AutoChange_Test8TestBodyEv
FNDA:1,_ZN42ControllerTest_Press1Then2_AutoChange_Test8TestBodyEv
FN:33,_ZN42ControllerTest_Press1Then2_AutoChange_TestD1Ev
FNDA:1,_ZN42ControllerTest_Press1Then2_AutoChange_TestD1Ev
FN:33,_ZN42ControllerTest_Press1Then2_AutoChange_TestD0Ev
FNDA:1,_ZN42ControllerTest_Press1Then2_AutoChange_TestD0Ev
FN:39,_ZN44ControllerTest_Press1234_TwoStageChange_TestC1Ev
FNDA:1,_ZN44ControllerTest_Press1234_TwoStageChange_TestC1Ev
FN:39,_ZN44ControllerTest_Press1234_TwoStageChange_TestD0Ev
FNDA:1,_ZN44ControllerTest_Press1234_TwoStageChange_TestD0Ev
FN:39,_ZN44ControllerTest_Press1234_TwoStageChange_TestD1Ev
FNDA:1,_ZN44ControllerTest_Press1234_TwoStageChange_TestD1Ev
FN:39,_ZN44ControllerTest_Press1234_TwoStageChange_Test8TestBodyEv
FNDA:1,_ZN44ControllerTest_Press1234_TwoStageChange_Test8TestBodyEv
FN:47,_ZN44ControllerTest_OtherButtonCancelsBuffer_TestC1Ev
FNDA:1,_ZN44ControllerTest_OtherButtonCancelsBuffer_TestC1Ev
FN:47,_ZN44ControllerTest_OtherButtonCancelsBuffer_Test8TestBodyEv
FNDA:1,_ZN44ControllerTest_OtherButtonCancelsBuffer_Test8TestBodyEv
FN:47,_ZN44ControllerTest_OtherButtonCancelsBuffer_TestD0Ev
FNDA:1,_ZN44ControllerTest_OtherButtonCancelsBuffer_TestD0Ev
FN:47,_ZN44ControllerTest_OtherButtonCancelsBuffer_TestD1Ev
FNDA:1,_ZN44ControllerTest_OtherButtonCancelsBuffer_TestD1Ev
FN:56,_ZN38ControllerTest_Zero7_SingleDigit7_Test8TestBodyEv
FNDA:1,_ZN38ControllerTest_Zero7_SingleDigit7_Test8TestBodyEv
FN:56,_ZN38ControllerTest_Zero7_SingleDigit7_TestD0Ev
FNDA:1,_ZN38ControllerTest_Zero7_SingleDigit7_TestD0Ev
FN:56,_ZN38ControllerTest_Zero7_SingleDigit7_TestD1Ev
FNDA:1,_ZN38ControllerTest_Zero7_SingleDigit7_TestD1Ev
FN:56,_ZN38ControllerTest_Zero7_SingleDigit7_TestC1Ev
FNDA:1,_ZN38ControllerTest_Zero7_SingleDigit7_TestC1Ev
FN:63,_ZN42ControllerTest_FavoriteAdd_NewChannel_TestD1Ev
FNDA:1,_ZN42ControllerTest_FavoriteAdd_NewChannel_TestD1Ev
FN:63,_ZN42ControllerTest_FavoriteAdd_NewChannel_Test8TestBodyEv
FNDA:1,_ZN42ControllerTest_FavoriteAdd_NewChannel_Test8TestBodyEv
FN:63,_ZN42ControllerTest_FavoriteAdd_NewChannel_TestD0Ev
FNDA:1,_ZN42ControllerTest_FavoriteAdd_NewChannel_TestD0Ev
FN:63,_ZN42ControllerTest_FavoriteAdd_NewChannel_TestC1Ev
FNDA:1,_ZN42ControllerTest_FavoriteAdd_NewChannel_TestC1Ev
FN:69,_ZN41ControllerTest_FavoriteToggle_Remove_TestD0Ev
FNDA:1,_ZN41ControllerTest_FavoriteToggle_Remove_TestD0Ev
FN:69,_ZN41ControllerTest_FavoriteToggle_Remove_TestD1Ev
FNDA:1,_ZN41ControllerTest_FavoriteToggle_Remove_TestD1Ev
FN:69,_ZN41ControllerTest_FavoriteToggle_Remove_TestC1Ev
FNDA:1,_ZN41ControllerTest_FavoriteToggle_Remove_TestC1Ev
FN:69,_ZN41ControllerTest_FavoriteToggle_Remove_Test8TestBodyEv
FNDA:1,_ZN41ControllerTest_FavoriteToggle_Remove_Test8TestBodyEv
FN:77,_ZN42ControllerTest_FavoriteToggleScenario_TestD0Ev
FNDA:1,_ZN42ControllerTest_FavoriteToggleScenario_TestD0Ev
FN:77,_ZN42ControllerTest_FavoriteToggleScenario_TestD1Ev
FNDA:1,_ZN42ControllerTest_FavoriteToggleScenario_TestD1Ev
FN:77,_ZN42ControllerTest_FavoriteToggleScenario_TestC1Ev
FNDA:1,_ZN42ControllerTest_FavoriteToggleScenario_TestC1Ev
FN:77,_ZN42ControllerTest_FavoriteToggleScenario_Test8TestBodyEv
FNDA:1,_ZN42ControllerTest_FavoriteToggleScenario_Test8TestBodyEv
FN:91,_ZN39ControllerTest_NextFavorite_Normal_TestD0Ev
FNDA:1,_ZN39ControllerTest_NextFavorite_Normal_TestD0Ev
FN:91,_ZN39ControllerTest_NextFavorite_Normal_Test8TestBodyEv
FNDA:1,_ZN39ControllerTest_NextFavorite_Normal_Test8TestBodyEv
FN:91,_ZN39ControllerTest_NextFavorite_Normal_TestD1Ev
FNDA:1,_ZN39ControllerTest_NextFavorite_Normal_TestD1Ev
FN:91,_ZN39ControllerTest_NextFavorite_Normal_TestC1Ev
FNDA:1,_ZN39ControllerTest_NextFavorite_Normal_TestC1Ev
FN:98,_ZN43ControllerTest_NextFavorite_WrapAround_Test8TestBodyEv
FNDA:1,_ZN43ControllerTest_NextFavorite_WrapAround_Test8TestBodyEv
FN:98,_ZN43ControllerTest_NextFavorite_WrapAround_TestD1Ev
FNDA:1,_ZN43ControllerTest_NextFavorite_WrapAround_TestD1Ev
FN:98,_ZN43ControllerTest_NextFavorite_WrapAround_TestD0Ev
FNDA:1,_ZN43ControllerTest_NextFavorite_WrapAround_TestD0Ev
FN:98,_ZN43ControllerTest_NextFavorite_WrapAround_TestC1Ev
FNDA:1,_ZN43ControllerTest_NextFavorite_WrapAround_TestC1Ev
FN:105,_ZN42ControllerTest_NextFavorite_EmptyList_Test8TestBodyEv
FNDA:1,_ZN42ControllerTest_NextFavorite_EmptyList_Test8TestBodyEv
FN:105,_ZN42ControllerTest_NextFavorite_EmptyList_TestD1Ev
FNDA:1,_ZN42ControllerTest_NextFavorite_EmptyList_TestD1Ev
FN:105,_ZN42ControllerTest_NextFavorite_EmptyList_TestD0Ev
FNDA:1,_ZN42ControllerTest_NextFavorite_EmptyList_TestD0Ev
FN:105,_ZN42ControllerTest_NextFavorite_EmptyList_TestC1Ev
FNDA:1,_ZN42ControllerTest_NextFavorite_EmptyList_TestC1Ev
DA:18,11
DA:19,22
DA:21,11
DA:22,11
DA:27,1
DA:27,1
DA:27,1
DA:27,1
DA:28,1
DA:29,1
DA:30,1
DA:31,1
DA:33,1
DA:33,1
DA:33,1
DA:33,1
DA:34,1
DA:35,1
DA:36,1
DA:37,1
DA:39,1
DA:39,1
DA:39,1
DA:39,1
DA:40,1
DA:41,1
DA:42,1
DA:43,1
DA:44,1
DA:45,1
DA:47,1
DA:47,1
DA:47,1
DA:47,1
DA:48,1
DA:49,1
DA:50,1
DA:51,1
DA:53,1
DA:54,1
DA:56,1
DA:56,1
DA:56,1
DA:56,1
DA:57,1
DA:58,1
DA:59,1
DA:60,1
DA:63,1
DA:63,1
DA:63,1
DA:63,1
DA:64,2
DA:65,1
DA:66,1
DA:67,1
DA:68,1
DA:69,1
DA:69,1
DA:69,1
DA:69,1
DA:70,2
DA:71,1
DA:72,1
DA:73,1
DA:74,1
DA:75,1
DA:77,1
DA:77,1
DA:77,1
DA:77,1
DA:78,6
DA:79,5
DA:80,5
DA:82,1
DA:84,1
DA:85,1
DA:86,1
DA:87,1
DA:88,1
DA:91,1
DA:91,1
DA:91,1
DA:91,1
DA:92,5
DA:93,4
DA:94,2
DA:95,1
DA:96,1
DA:97,1
DA:98,1
DA:98,1
DA:98,1
DA:98,1
DA:99,1
DA:100,1
DA:101,2
DA:102,1
DA:103,1
DA:104,1
DA:105,1
DA:105,1
DA:105,1
DA:105,1
DA:106,2
DA:107,1
DA:108,1
DA:109,1
end_of_record
SF:C:\DEV\TDD_TV_11\build\_deps\googletest-src\googletest\include\gtest\gtest-assertion-result.h
FN:174,_ZNK7testing15AssertionResultcvbEv
FNDA:14,_ZNK7testing15AssertionResultcvbEv
FN:183,_ZNK7testing15AssertionResult7messageEv
FNDA:0,_ZNK7testing15AssertionResult7messageEv
FN:187,_ZNK7testing15AssertionResult15failure_messageEv
FNDA:0,_ZNK7testing15AssertionResult15failure_messageEv
FN:191,_ZN7testing15AssertionResultlsIA5_cEERS0_RKT_
FNDA:0,_ZN7testing15AssertionResultlsIA5_cEERS0_RKT_
FN:191,_ZN7testing15AssertionResultlsINSt7__cxx1112basic_stringIcSt11char_traitsIcESaIcEEEEERS0_RKT_
FNDA:0,_ZN7testing15AssertionResultlsINSt7__cxx1112basic_stringIcSt11char_traitsIcESaIcEEEEERS0_RKT_
FN:191,_ZN7testing15AssertionResultlsIA3_cEERS0_RKT_
FNDA:0,_ZN7testing15AssertionResultlsIA3_cEERS0_RKT_
FN:191,_ZN7testing15AssertionResultlsIPKcEERS0_RKT_
FNDA:0,_ZN7testing15AssertionResultlsIPKcEERS0_RKT_
FN:191,_ZN7testing15AssertionResultlsIA12_cEERS0_RKT_
FNDA:0,_ZN7testing15AssertionResultlsIA12_cEERS0_RKT_
FN:206,_ZN7testing15AssertionResult13AppendMessageERKNS_7MessageE
FNDA:0,_ZN7testing15AssertionResult13AppendMessageERKNS_7MessageE
DA:174,14
DA:183,0
DA:184,0
DA:187,0
DA:191,0
DA:192,0
DA:193,0
DA:191,0
DA:192,0
DA:193,0
DA:191,0
DA:192,0
DA:193,0
DA:191,0
DA:192,0
DA:193,0
DA:191,0
DA:192,0
DA:193,0
DA:206,0
DA:207,0
DA:208,0
DA:209,0
end_of_record
SF:C:\DEV\TDD_TV_11\include\TVController.h
FN:31,_ZN12TVControllerC2EP5Tuner
FNDA:11,_ZN12TVControllerC2EP5Tuner
DA:31,33
end_of_record
SF:C:\mingw64\include\c++\15.2.0\bits\move.h
DA:53,29338
DA:73,237
DA:139,5148
DA:177,29334
end_of_record
