<?xml version="1.0" encoding="UTF-8"?>
<Site BuildName="(empty)"
	BuildStamp="20260515-0502-Experimental"
	Name="(empty)"
	Generator="ctest-4.3.2"
	CompilerName=""
	CompilerVersion=""
	OSName="Windows"
	Hostname="DESKTOP-60981LT"
	OSRelease="10.0.19045"
	OSVersion="Windows 10"
	OSPlatform="AMD64"
	Is64Bits="1"
	VendorString="AuthenticAMD"
	VendorID="Advanced Micro Devices"
	FamilyID="15"
	ModelID="8"
	ModelName="AMD Ryzen 5 3400G with Radeon Vega Graphics"
	ProcessorCacheSize="96"
	NumberOfLogicalCPU="8"
	NumberOfPhysicalCPU="4"
	TotalVirtualMemory="2649"
	TotalPhysicalMemory="12221"
	LogicalProcessorsPerPhysical="2"
	ProcessorClockFrequency="3700.000000"
	>
	<Testing>
		<StartDateTime>May 15 15:50 [NON-UTF-8-BYTE-0xB4][NON-UTF-8-BYTE-0xEB][NON-UTF-8-BYTE-0xC7]ѹα[NON-UTF-8-BYTE-0xB9] ǥ[NON-UTF-8-BYTE-0xC1]ؽ[NON-UTF-8-BYTE-0xC3]</StartDateTime>
		<StartTestTime>1778827822</StartTestTime>
		<TestList/>
		<EndDateTime>May 15 15:50 [NON-UTF-8-BYTE-0xB4][NON-UTF-8-BYTE-0xEB][NON-UTF-8-BYTE-0xC7]ѹα[NON-UTF-8-BYTE-0xB9] ǥ[NON-UTF-8-BYTE-0xC1]ؽ[NON-UTF-8-BYTE-0xC3]</EndDateTime>
		<EndTestTime>1778827822</EndTestTime>
		<ElapsedMinutes>0</ElapsedMinutes>
	</Testing>
</Site>
